{"C:\\Users\\hp\\Documents\\GitHub\\PLP-MERN-WK-8-SOCKETIO-CHAT-LOCAL-ENHANCED\\socketio-chat\\server\\server.js": {"path":"C:\\Users\\hp\\Documents\\GitHub\\PLP-MERN-WK-8-SOCKETIO-CHAT-LOCAL-ENHANCED\\socketio-chat\\server\\server.js","statementMap":{"0":{"start":{"line":1,"column":0},"end":{"line":1,"column":27}},"1":{"start":{"line":2,"column":0},"end":{"line":2,"column":57}},"2":{"start":{"line":3,"column":16},"end":{"line":3,"column":34}},"3":{"start":{"line":4,"column":13},"end":{"line":4,"column":28}},"4":{"start":{"line":5,"column":19},"end":{"line":5,"column":39}},"5":{"start":{"line":6,"column":23},"end":{"line":6,"column":53}},"6":{"start":{"line":7,"column":13},"end":{"line":7,"column":28}},"7":{"start":{"line":8,"column":15},"end":{"line":8,"column":34}},"8":{"start":{"line":10,"column":11},"end":{"line":10,"column":33}},"9":{"start":{"line":11,"column":13},"end":{"line":11,"column":37}},"10":{"start":{"line":12,"column":13},"end":{"line":12,"column":37}},"11":{"start":{"line":13,"column":16},"end":{"line":13,"column":43}},"12":{"start":{"line":14,"column":17},"end":{"line":14,"column":36}},"13":{"start":{"line":15,"column":15},"end":{"line":15,"column":32}},"14":{"start":{"line":16,"column":13},"end":{"line":16,"column":28}},"15":{"start":{"line":17,"column":11},"end":{"line":17,"column":24}},"16":{"start":{"line":18,"column":13},"end":{"line":18,"column":34}},"17":{"start":{"line":19,"column":23},"end":{"line":19,"column":38}},"18":{"start":{"line":21,"column":12},"end":{"line":21,"column":21}},"19":{"start":{"line":22,"column":15},"end":{"line":22,"column":37}},"20":{"start":{"line":25,"column":15},"end":{"line":32,"column":8}},"21":{"start":{"line":34,"column":24},"end":{"line":41,"column":8}},"22":{"start":{"line":44,"column":16},"end":{"line":88,"column":2}},"23":{"start":{"line":46,"column":21},"end":{"line":46,"column":48}},"24":{"start":{"line":47,"column":20},"end":{"line":47,"column":51}},"25":{"start":{"line":50,"column":4},"end":{"line":73,"column":5}},"26":{"start":{"line":52,"column":8},"end":{"line":52,"column":51}},"27":{"start":{"line":53,"column":8},"end":{"line":53,"column":14}},"28":{"start":{"line":55,"column":8},"end":{"line":55,"column":51}},"29":{"start":{"line":56,"column":8},"end":{"line":56,"column":14}},"30":{"start":{"line":58,"column":8},"end":{"line":58,"column":50}},"31":{"start":{"line":59,"column":8},"end":{"line":59,"column":14}},"32":{"start":{"line":61,"column":8},"end":{"line":69,"column":9}},"33":{"start":{"line":62,"column":10},"end":{"line":62,"column":63}},"34":{"start":{"line":63,"column":15},"end":{"line":69,"column":9}},"35":{"start":{"line":64,"column":10},"end":{"line":64,"column":64}},"36":{"start":{"line":65,"column":15},"end":{"line":69,"column":9}},"37":{"start":{"line":66,"column":10},"end":{"line":66,"column":55}},"38":{"start":{"line":68,"column":10},"end":{"line":68,"column":65}},"39":{"start":{"line":70,"column":8},"end":{"line":70,"column":14}},"40":{"start":{"line":72,"column":8},"end":{"line":72,"column":50}},"41":{"start":{"line":75,"column":4},"end":{"line":78,"column":5}},"42":{"start":{"line":76,"column":6},"end":{"line":76,"column":51}},"43":{"start":{"line":77,"column":6},"end":{"line":77,"column":60}},"44":{"start":{"line":79,"column":4},"end":{"line":79,"column":24}},"45":{"start":{"line":82,"column":21},"end":{"line":82,"column":29}},"46":{"start":{"line":83,"column":16},"end":{"line":83,"column":47}},"47":{"start":{"line":84,"column":21},"end":{"line":84,"column":40}},"48":{"start":{"line":85,"column":4},"end":{"line":85,"column":48}},"49":{"start":{"line":86,"column":4},"end":{"line":86,"column":23}},"50":{"start":{"line":90,"column":15},"end":{"line":112,"column":2}},"51":{"start":{"line":96,"column":25},"end":{"line":104,"column":5}},"52":{"start":{"line":106,"column":4},"end":{"line":110,"column":5}},"53":{"start":{"line":107,"column":6},"end":{"line":107,"column":21}},"54":{"start":{"line":109,"column":6},"end":{"line":109,"column":52}},"55":{"start":{"line":115,"column":0},"end":{"line":121,"column":4}},"56":{"start":{"line":117,"column":24},"end":{"line":117,"column":41}},"57":{"start":{"line":118,"column":4},"end":{"line":118,"column":47}},"58":{"start":{"line":119,"column":4},"end":{"line":119,"column":63}},"59":{"start":{"line":124,"column":17},"end":{"line":131,"column":1}},"60":{"start":{"line":125,"column":21},"end":{"line":125,"column":47}},"61":{"start":{"line":126,"column":19},"end":{"line":126,"column":45}},"62":{"start":{"line":127,"column":18},"end":{"line":127,"column":44}},"63":{"start":{"line":128,"column":18},"end":{"line":128,"column":44}},"64":{"start":{"line":129,"column":19},"end":{"line":129,"column":45}},"65":{"start":{"line":130,"column":20},"end":{"line":130,"column":52}},"66":{"start":{"line":134,"column":20},"end":{"line":134,"column":29}},"67":{"start":{"line":135,"column":18},"end":{"line":135,"column":27}},"68":{"start":{"line":136,"column":20},"end":{"line":136,"column":29}},"69":{"start":{"line":137,"column":21},"end":{"line":137,"column":30}},"70":{"start":{"line":140,"column":21},"end":{"line":140,"column":58}},"71":{"start":{"line":141,"column":23},"end":{"line":143,"column":81}},"72":{"start":{"line":145,"column":20},"end":{"line":160,"column":1}},"73":{"start":{"line":147,"column":4},"end":{"line":149,"column":5}},"74":{"start":{"line":148,"column":6},"end":{"line":148,"column":34}},"75":{"start":{"line":150,"column":4},"end":{"line":155,"column":5}},"76":{"start":{"line":151,"column":6},"end":{"line":151,"column":27}},"77":{"start":{"line":153,"column":6},"end":{"line":153,"column":64}},"78":{"start":{"line":154,"column":6},"end":{"line":154,"column":49}},"79":{"start":{"line":163,"column":0},"end":{"line":163,"column":27}},"80":{"start":{"line":164,"column":0},"end":{"line":164,"column":24}},"81":{"start":{"line":165,"column":0},"end":{"line":165,"column":48}},"82":{"start":{"line":168,"column":25},"end":{"line":168,"column":26}},"83":{"start":{"line":169,"column":24},"end":{"line":192,"column":1}},"84":{"start":{"line":170,"column":2},"end":{"line":170,"column":23}},"85":{"start":{"line":171,"column":17},"end":{"line":176,"column":3}},"86":{"start":{"line":178,"column":22},"end":{"line":179,"column":73}},"87":{"start":{"line":181,"column":2},"end":{"line":191,"column":5}},"88":{"start":{"line":195,"column":0},"end":{"line":235,"column":3}},"89":{"start":{"line":196,"column":2},"end":{"line":234,"column":3}},"90":{"start":{"line":197,"column":35},"end":{"line":197,"column":43}},"91":{"start":{"line":199,"column":4},"end":{"line":199,"column":79}},"92":{"start":{"line":201,"column":4},"end":{"line":207,"column":5}},"93":{"start":{"line":202,"column":6},"end":{"line":202,"column":76}},"94":{"start":{"line":203,"column":6},"end":{"line":206,"column":9}},"95":{"start":{"line":209,"column":25},"end":{"line":209,"column":57}},"96":{"start":{"line":210,"column":4},"end":{"line":216,"column":5}},"97":{"start":{"line":211,"column":6},"end":{"line":211,"column":75}},"98":{"start":{"line":212,"column":6},"end":{"line":215,"column":9}},"99":{"start":{"line":218,"column":17},"end":{"line":218,"column":49}},"100":{"start":{"line":219,"column":4},"end":{"line":219,"column":22}},"101":{"start":{"line":221,"column":4},"end":{"line":221,"column":72}},"102":{"start":{"line":222,"column":4},"end":{"line":222,"column":80}},"103":{"start":{"line":224,"column":4},"end":{"line":227,"column":7}},"104":{"start":{"line":229,"column":4},"end":{"line":229,"column":72}},"105":{"start":{"line":230,"column":4},"end":{"line":233,"column":7}},"106":{"start":{"line":237,"column":0},"end":{"line":281,"column":3}},"107":{"start":{"line":238,"column":2},"end":{"line":280,"column":3}},"108":{"start":{"line":239,"column":35},"end":{"line":239,"column":43}},"109":{"start":{"line":240,"column":4},"end":{"line":240,"column":68}},"110":{"start":{"line":242,"column":4},"end":{"line":248,"column":5}},"111":{"start":{"line":243,"column":6},"end":{"line":243,"column":74}},"112":{"start":{"line":244,"column":6},"end":{"line":247,"column":9}},"113":{"start":{"line":250,"column":17},"end":{"line":250,"column":69}},"114":{"start":{"line":252,"column":4},"end":{"line":258,"column":5}},"115":{"start":{"line":253,"column":6},"end":{"line":253,"column":66}},"116":{"start":{"line":254,"column":6},"end":{"line":257,"column":9}},"117":{"start":{"line":260,"column":20},"end":{"line":260,"column":56}},"118":{"start":{"line":261,"column":4},"end":{"line":267,"column":5}},"119":{"start":{"line":262,"column":6},"end":{"line":262,"column":72}},"120":{"start":{"line":263,"column":6},"end":{"line":266,"column":9}},"121":{"start":{"line":269,"column":4},"end":{"line":269,"column":67}},"122":{"start":{"line":270,"column":4},"end":{"line":273,"column":7}},"123":{"start":{"line":275,"column":4},"end":{"line":275,"column":65}},"124":{"start":{"line":276,"column":4},"end":{"line":279,"column":7}},"125":{"start":{"line":285,"column":6},"end":{"line":330,"column":9}},"126":{"start":{"line":286,"column":10},"end":{"line":329,"column":11}},"127":{"start":{"line":287,"column":14},"end":{"line":290,"column":15}},"128":{"start":{"line":288,"column":18},"end":{"line":288,"column":68}},"129":{"start":{"line":289,"column":18},"end":{"line":289,"column":93}},"130":{"start":{"line":292,"column":30},"end":{"line":292,"column":137}},"131":{"start":{"line":295,"column":34},"end":{"line":303,"column":15}},"132":{"start":{"line":296,"column":18},"end":{"line":296,"column":66}},"133":{"start":{"line":296,"column":53},"end":{"line":296,"column":66}},"134":{"start":{"line":297,"column":18},"end":{"line":297,"column":65}},"135":{"start":{"line":297,"column":53},"end":{"line":297,"column":65}},"136":{"start":{"line":298,"column":18},"end":{"line":298,"column":65}},"137":{"start":{"line":298,"column":53},"end":{"line":298,"column":65}},"138":{"start":{"line":299,"column":18},"end":{"line":299,"column":60}},"139":{"start":{"line":299,"column":48},"end":{"line":299,"column":60}},"140":{"start":{"line":300,"column":18},"end":{"line":300,"column":61}},"141":{"start":{"line":300,"column":49},"end":{"line":300,"column":61}},"142":{"start":{"line":301,"column":18},"end":{"line":301,"column":61}},"143":{"start":{"line":301,"column":48},"end":{"line":301,"column":61}},"144":{"start":{"line":302,"column":18},"end":{"line":302,"column":30}},"145":{"start":{"line":305,"column":31},"end":{"line":305,"column":61}},"146":{"start":{"line":307,"column":14},"end":{"line":307,"column":89}},"147":{"start":{"line":309,"column":14},"end":{"line":322,"column":17}},"148":{"start":{"line":324,"column":14},"end":{"line":324,"column":81}},"149":{"start":{"line":325,"column":14},"end":{"line":328,"column":17}},"150":{"start":{"line":333,"column":0},"end":{"line":357,"column":3}},"151":{"start":{"line":334,"column":23},"end":{"line":340,"column":3}},"152":{"start":{"line":342,"column":2},"end":{"line":349,"column":7}},"153":{"start":{"line":351,"column":4},"end":{"line":356,"column":7}},"154":{"start":{"line":360,"column":11},"end":{"line":379,"column":6}},"155":{"start":{"line":381,"column":0},"end":{"line":381,"column":32}},"156":{"start":{"line":384,"column":0},"end":{"line":395,"column":3}},"157":{"start":{"line":385,"column":18},"end":{"line":391,"column":3}},"158":{"start":{"line":393,"column":2},"end":{"line":393,"column":42}},"159":{"start":{"line":394,"column":2},"end":{"line":394,"column":9}},"160":{"start":{"line":399,"column":2},"end":{"line":421,"column":3}},"161":{"start":{"line":400,"column":25},"end":{"line":406,"column":5}},"162":{"start":{"line":408,"column":4},"end":{"line":408,"column":66}},"163":{"start":{"line":410,"column":4},"end":{"line":418,"column":5}},"164":{"start":{"line":411,"column":27},"end":{"line":411,"column":70}},"165":{"start":{"line":412,"column":6},"end":{"line":417,"column":7}},"166":{"start":{"line":413,"column":8},"end":{"line":413,"column":36}},"167":{"start":{"line":414,"column":8},"end":{"line":414,"column":83}},"168":{"start":{"line":416,"column":8},"end":{"line":416,"column":80}},"169":{"start":{"line":420,"column":4},"end":{"line":420,"column":86}},"170":{"start":{"line":425,"column":0},"end":{"line":955,"column":3}},"171":{"start":{"line":426,"column":2},"end":{"line":426,"column":66}},"172":{"start":{"line":429,"column":2},"end":{"line":444,"column":5}},"173":{"start":{"line":430,"column":4},"end":{"line":433,"column":5}},"174":{"start":{"line":431,"column":6},"end":{"line":431,"column":63}},"175":{"start":{"line":432,"column":6},"end":{"line":432,"column":13}},"176":{"start":{"line":435,"column":4},"end":{"line":435,"column":41}},"177":{"start":{"line":438,"column":4},"end":{"line":440,"column":5}},"178":{"start":{"line":439,"column":6},"end":{"line":439,"column":43}},"179":{"start":{"line":441,"column":4},"end":{"line":441,"column":45}},"180":{"start":{"line":443,"column":4},"end":{"line":443,"column":85}},"181":{"start":{"line":447,"column":2},"end":{"line":463,"column":5}},"182":{"start":{"line":448,"column":4},"end":{"line":462,"column":5}},"183":{"start":{"line":449,"column":6},"end":{"line":449,"column":75}},"184":{"start":{"line":450,"column":20},"end":{"line":450,"column":64}},"185":{"start":{"line":451,"column":23},"end":{"line":456,"column":9}},"186":{"start":{"line":451,"column":39},"end":{"line":456,"column":7}},"187":{"start":{"line":457,"column":6},"end":{"line":457,"column":40}},"188":{"start":{"line":458,"column":6},"end":{"line":458,"column":72}},"189":{"start":{"line":460,"column":6},"end":{"line":460,"column":79}},"190":{"start":{"line":461,"column":6},"end":{"line":461,"column":67}},"191":{"start":{"line":466,"column":2},"end":{"line":538,"column":5}},"192":{"start":{"line":467,"column":4},"end":{"line":537,"column":5}},"193":{"start":{"line":468,"column":6},"end":{"line":468,"column":85}},"194":{"start":{"line":470,"column":6},"end":{"line":472,"column":7}},"195":{"start":{"line":471,"column":8},"end":{"line":471,"column":57}},"196":{"start":{"line":474,"column":19},"end":{"line":474,"column":57}},"197":{"start":{"line":475,"column":6},"end":{"line":477,"column":7}},"198":{"start":{"line":476,"column":8},"end":{"line":476,"column":47}},"199":{"start":{"line":480,"column":6},"end":{"line":489,"column":11}},"200":{"start":{"line":481,"column":21},"end":{"line":481,"column":36}},"201":{"start":{"line":483,"column":10},"end":{"line":483,"column":29}},"202":{"start":{"line":484,"column":24},"end":{"line":484,"column":43}},"203":{"start":{"line":485,"column":10},"end":{"line":488,"column":11}},"204":{"start":{"line":486,"column":12},"end":{"line":486,"column":35}},"205":{"start":{"line":487,"column":12},"end":{"line":487,"column":57}},"206":{"start":{"line":487,"column":34},"end":{"line":487,"column":57}},"207":{"start":{"line":492,"column":6},"end":{"line":492,"column":28}},"208":{"start":{"line":493,"column":26},"end":{"line":493,"column":62}},"209":{"start":{"line":494,"column":6},"end":{"line":494,"column":32}},"210":{"start":{"line":495,"column":6},"end":{"line":495,"column":43}},"211":{"start":{"line":498,"column":6},"end":{"line":501,"column":7}},"212":{"start":{"line":499,"column":8},"end":{"line":499,"column":41}},"213":{"start":{"line":500,"column":8},"end":{"line":500,"column":26}},"214":{"start":{"line":504,"column":6},"end":{"line":509,"column":9}},"215":{"start":{"line":512,"column":23},"end":{"line":514,"column":18}},"216":{"start":{"line":516,"column":37},"end":{"line":522,"column":8}},"217":{"start":{"line":517,"column":24},"end":{"line":517,"column":73}},"218":{"start":{"line":518,"column":8},"end":{"line":521,"column":10}},"219":{"start":{"line":524,"column":6},"end":{"line":524,"column":67}},"220":{"start":{"line":527,"column":6},"end":{"line":530,"column":9}},"221":{"start":{"line":532,"column":6},"end":{"line":532,"column":100}},"222":{"start":{"line":535,"column":6},"end":{"line":535,"column":71}},"223":{"start":{"line":536,"column":6},"end":{"line":536,"column":57}},"224":{"start":{"line":541,"column":2},"end":{"line":603,"column":5}},"225":{"start":{"line":542,"column":4},"end":{"line":602,"column":5}},"226":{"start":{"line":543,"column":6},"end":{"line":543,"column":87}},"227":{"start":{"line":545,"column":6},"end":{"line":548,"column":7}},"228":{"start":{"line":546,"column":8},"end":{"line":546,"column":79}},"229":{"start":{"line":547,"column":8},"end":{"line":547,"column":92}},"230":{"start":{"line":551,"column":6},"end":{"line":553,"column":7}},"231":{"start":{"line":552,"column":8},"end":{"line":552,"column":96}},"232":{"start":{"line":555,"column":28},"end":{"line":555,"column":78}},"233":{"start":{"line":556,"column":27},"end":{"line":556,"column":70}},"234":{"start":{"line":558,"column":6},"end":{"line":561,"column":7}},"235":{"start":{"line":559,"column":8},"end":{"line":559,"column":78}},"236":{"start":{"line":560,"column":8},"end":{"line":560,"column":76}},"237":{"start":{"line":563,"column":19},"end":{"line":569,"column":8}},"238":{"start":{"line":572,"column":6},"end":{"line":572,"column":33}},"239":{"start":{"line":575,"column":26},"end":{"line":575,"column":45}},"240":{"start":{"line":576,"column":6},"end":{"line":576,"column":48}},"241":{"start":{"line":579,"column":20},"end":{"line":579,"column":64}},"242":{"start":{"line":580,"column":23},"end":{"line":585,"column":9}},"243":{"start":{"line":580,"column":39},"end":{"line":585,"column":7}},"244":{"start":{"line":588,"column":6},"end":{"line":588,"column":36}},"245":{"start":{"line":591,"column":6},"end":{"line":596,"column":9}},"246":{"start":{"line":598,"column":6},"end":{"line":598,"column":88}},"247":{"start":{"line":600,"column":6},"end":{"line":600,"column":75}},"248":{"start":{"line":601,"column":6},"end":{"line":601,"column":69}},"249":{"start":{"line":606,"column":0},"end":{"line":687,"column":3}},"250":{"start":{"line":607,"column":4},"end":{"line":686,"column":5}},"251":{"start":{"line":608,"column":25},"end":{"line":608,"column":51}},"252":{"start":{"line":609,"column":8},"end":{"line":611,"column":9}},"253":{"start":{"line":610,"column":12},"end":{"line":610,"column":80}},"254":{"start":{"line":613,"column":25},"end":{"line":613,"column":76}},"255":{"start":{"line":613,"column":60},"end":{"line":613,"column":75}},"256":{"start":{"line":615,"column":8},"end":{"line":617,"column":9}},"257":{"start":{"line":616,"column":12},"end":{"line":616,"column":74}},"258":{"start":{"line":619,"column":24},"end":{"line":619,"column":62}},"259":{"start":{"line":620,"column":8},"end":{"line":622,"column":9}},"260":{"start":{"line":621,"column":12},"end":{"line":621,"column":71}},"261":{"start":{"line":625,"column":8},"end":{"line":628,"column":9}},"262":{"start":{"line":626,"column":12},"end":{"line":626,"column":69}},"263":{"start":{"line":627,"column":12},"end":{"line":627,"column":89}},"264":{"start":{"line":631,"column":24},"end":{"line":637,"column":9}},"265":{"start":{"line":640,"column":8},"end":{"line":648,"column":9}},"266":{"start":{"line":641,"column":12},"end":{"line":646,"column":14}},"267":{"start":{"line":647,"column":12},"end":{"line":647,"column":87}},"268":{"start":{"line":651,"column":29},"end":{"line":651,"column":58}},"269":{"start":{"line":654,"column":8},"end":{"line":654,"column":42}},"270":{"start":{"line":655,"column":8},"end":{"line":655,"column":29}},"271":{"start":{"line":658,"column":30},"end":{"line":666,"column":9}},"272":{"start":{"line":669,"column":8},"end":{"line":671,"column":9}},"273":{"start":{"line":670,"column":12},"end":{"line":670,"column":51}},"274":{"start":{"line":674,"column":8},"end":{"line":677,"column":9}},"275":{"start":{"line":675,"column":12},"end":{"line":675,"column":47}},"276":{"start":{"line":676,"column":12},"end":{"line":676,"column":38}},"277":{"start":{"line":680,"column":8},"end":{"line":680,"column":55}},"278":{"start":{"line":682,"column":8},"end":{"line":682,"column":169}},"279":{"start":{"line":684,"column":8},"end":{"line":684,"column":76}},"280":{"start":{"line":685,"column":8},"end":{"line":685,"column":68}},"281":{"start":{"line":693,"column":0},"end":{"line":732,"column":3}},"282":{"start":{"line":694,"column":4},"end":{"line":731,"column":5}},"283":{"start":{"line":695,"column":25},"end":{"line":695,"column":51}},"284":{"start":{"line":696,"column":8},"end":{"line":699,"column":9}},"285":{"start":{"line":697,"column":12},"end":{"line":697,"column":93}},"286":{"start":{"line":698,"column":12},"end":{"line":698,"column":19}},"287":{"start":{"line":701,"column":8},"end":{"line":704,"column":9}},"288":{"start":{"line":702,"column":12},"end":{"line":702,"column":78}},"289":{"start":{"line":703,"column":12},"end":{"line":703,"column":19}},"290":{"start":{"line":707,"column":24},"end":{"line":707,"column":57}},"291":{"start":{"line":708,"column":8},"end":{"line":711,"column":9}},"292":{"start":{"line":709,"column":12},"end":{"line":709,"column":93}},"293":{"start":{"line":710,"column":12},"end":{"line":710,"column":19}},"294":{"start":{"line":714,"column":8},"end":{"line":717,"column":9}},"295":{"start":{"line":715,"column":12},"end":{"line":715,"column":42}},"296":{"start":{"line":716,"column":12},"end":{"line":716,"column":33}},"297":{"start":{"line":720,"column":24},"end":{"line":720,"column":57}},"298":{"start":{"line":721,"column":8},"end":{"line":726,"column":9}},"299":{"start":{"line":722,"column":12},"end":{"line":725,"column":15}},"300":{"start":{"line":728,"column":8},"end":{"line":728,"column":96}},"301":{"start":{"line":730,"column":8},"end":{"line":730,"column":76}},"302":{"start":{"line":734,"column":2},"end":{"line":767,"column":5}},"303":{"start":{"line":735,"column":4},"end":{"line":766,"column":5}},"304":{"start":{"line":736,"column":6},"end":{"line":736,"column":75}},"305":{"start":{"line":739,"column":29},"end":{"line":739,"column":86}},"306":{"start":{"line":740,"column":23},"end":{"line":740,"column":70}},"307":{"start":{"line":742,"column":6},"end":{"line":745,"column":7}},"308":{"start":{"line":743,"column":8},"end":{"line":743,"column":68}},"309":{"start":{"line":744,"column":8},"end":{"line":744,"column":67}},"310":{"start":{"line":748,"column":25},"end":{"line":753,"column":26}},"311":{"start":{"line":755,"column":6},"end":{"line":760,"column":9}},"312":{"start":{"line":762,"column":6},"end":{"line":762,"column":98}},"313":{"start":{"line":764,"column":6},"end":{"line":764,"column":75}},"314":{"start":{"line":765,"column":6},"end":{"line":765,"column":62}},"315":{"start":{"line":770,"column":2},"end":{"line":808,"column":5}},"316":{"start":{"line":771,"column":4},"end":{"line":807,"column":5}},"317":{"start":{"line":772,"column":23},"end":{"line":772,"column":49}},"318":{"start":{"line":773,"column":6},"end":{"line":776,"column":7}},"319":{"start":{"line":774,"column":8},"end":{"line":774,"column":89}},"320":{"start":{"line":775,"column":8},"end":{"line":775,"column":15}},"321":{"start":{"line":778,"column":6},"end":{"line":781,"column":7}},"322":{"start":{"line":779,"column":8},"end":{"line":779,"column":74}},"323":{"start":{"line":780,"column":8},"end":{"line":780,"column":15}},"324":{"start":{"line":784,"column":22},"end":{"line":784,"column":55}},"325":{"start":{"line":785,"column":6},"end":{"line":788,"column":7}},"326":{"start":{"line":786,"column":8},"end":{"line":786,"column":89}},"327":{"start":{"line":787,"column":8},"end":{"line":787,"column":15}},"328":{"start":{"line":791,"column":23},"end":{"line":791,"column":63}},"329":{"start":{"line":792,"column":6},"end":{"line":792,"column":29}},"330":{"start":{"line":793,"column":6},"end":{"line":793,"column":44}},"331":{"start":{"line":796,"column":22},"end":{"line":796,"column":55}},"332":{"start":{"line":797,"column":6},"end":{"line":802,"column":7}},"333":{"start":{"line":798,"column":8},"end":{"line":801,"column":11}},"334":{"start":{"line":804,"column":6},"end":{"line":804,"column":94}},"335":{"start":{"line":806,"column":6},"end":{"line":806,"column":74}},"336":{"start":{"line":812,"column":2},"end":{"line":868,"column":3}},"337":{"start":{"line":813,"column":4},"end":{"line":867,"column":5}},"338":{"start":{"line":814,"column":25},"end":{"line":814,"column":51}},"339":{"start":{"line":815,"column":8},"end":{"line":818,"column":9}},"340":{"start":{"line":816,"column":12},"end":{"line":816,"column":73}},"341":{"start":{"line":816,"column":26},"end":{"line":816,"column":73}},"342":{"start":{"line":817,"column":12},"end":{"line":817,"column":19}},"343":{"start":{"line":820,"column":24},"end":{"line":820,"column":57}},"344":{"start":{"line":821,"column":8},"end":{"line":824,"column":9}},"345":{"start":{"line":822,"column":12},"end":{"line":822,"column":67}},"346":{"start":{"line":822,"column":26},"end":{"line":822,"column":67}},"347":{"start":{"line":823,"column":12},"end":{"line":823,"column":19}},"348":{"start":{"line":826,"column":37},"end":{"line":826,"column":66}},"349":{"start":{"line":828,"column":8},"end":{"line":831,"column":9}},"350":{"start":{"line":829,"column":12},"end":{"line":829,"column":87}},"351":{"start":{"line":829,"column":26},"end":{"line":829,"column":87}},"352":{"start":{"line":830,"column":12},"end":{"line":830,"column":19}},"353":{"start":{"line":833,"column":21},"end":{"line":833,"column":54}},"354":{"start":{"line":834,"column":8},"end":{"line":837,"column":9}},"355":{"start":{"line":835,"column":12},"end":{"line":835,"column":64}},"356":{"start":{"line":835,"column":26},"end":{"line":835,"column":64}},"357":{"start":{"line":836,"column":12},"end":{"line":836,"column":19}},"358":{"start":{"line":839,"column":8},"end":{"line":848,"column":9}},"359":{"start":{"line":840,"column":12},"end":{"line":840,"column":56}},"360":{"start":{"line":841,"column":12},"end":{"line":841,"column":43}},"361":{"start":{"line":843,"column":12},"end":{"line":843,"column":58}},"362":{"start":{"line":844,"column":12},"end":{"line":847,"column":13}},"363":{"start":{"line":845,"column":16},"end":{"line":845,"column":50}},"364":{"start":{"line":846,"column":16},"end":{"line":846,"column":37}},"365":{"start":{"line":850,"column":8},"end":{"line":856,"column":11}},"366":{"start":{"line":858,"column":8},"end":{"line":858,"column":50}},"367":{"start":{"line":858,"column":22},"end":{"line":858,"column":50}},"368":{"start":{"line":861,"column":8},"end":{"line":861,"column":44}},"369":{"start":{"line":862,"column":8},"end":{"line":862,"column":70}},"370":{"start":{"line":862,"column":22},"end":{"line":862,"column":70}},"371":{"start":{"line":863,"column":8},"end":{"line":866,"column":11}},"372":{"start":{"line":870,"column":2},"end":{"line":876,"column":5}},"373":{"start":{"line":871,"column":21},"end":{"line":871,"column":47}},"374":{"start":{"line":872,"column":4},"end":{"line":872,"column":26}},"375":{"start":{"line":872,"column":19},"end":{"line":872,"column":26}},"376":{"start":{"line":874,"column":4},"end":{"line":874,"column":51}},"377":{"start":{"line":875,"column":4},"end":{"line":875,"column":70}},"378":{"start":{"line":878,"column":2},"end":{"line":884,"column":5}},"379":{"start":{"line":879,"column":21},"end":{"line":879,"column":47}},"380":{"start":{"line":880,"column":4},"end":{"line":880,"column":26}},"381":{"start":{"line":880,"column":19},"end":{"line":880,"column":26}},"382":{"start":{"line":882,"column":4},"end":{"line":882,"column":55}},"383":{"start":{"line":883,"column":4},"end":{"line":883,"column":75}},"384":{"start":{"line":887,"column":2},"end":{"line":938,"column":5}},"385":{"start":{"line":888,"column":21},"end":{"line":888,"column":47}},"386":{"start":{"line":889,"column":4},"end":{"line":937,"column":5}},"387":{"start":{"line":890,"column":6},"end":{"line":890,"column":79}},"388":{"start":{"line":893,"column":6},"end":{"line":921,"column":7}},"389":{"start":{"line":894,"column":24},"end":{"line":894,"column":49}},"390":{"start":{"line":895,"column":8},"end":{"line":895,"column":34}},"391":{"start":{"line":898,"column":8},"end":{"line":920,"column":9}},"392":{"start":{"line":899,"column":10},"end":{"line":899,"column":39}},"393":{"start":{"line":902,"column":10},"end":{"line":919,"column":13}},"394":{"start":{"line":903,"column":12},"end":{"line":918,"column":13}},"395":{"start":{"line":904,"column":14},"end":{"line":904,"column":37}},"396":{"start":{"line":905,"column":14},"end":{"line":909,"column":15}},"397":{"start":{"line":906,"column":16},"end":{"line":906,"column":39}},"398":{"start":{"line":908,"column":16},"end":{"line":908,"column":43}},"399":{"start":{"line":912,"column":14},"end":{"line":915,"column":17}},"400":{"start":{"line":917,"column":14},"end":{"line":917,"column":94}},"401":{"start":{"line":923,"column":6},"end":{"line":923,"column":36}},"402":{"start":{"line":926,"column":6},"end":{"line":934,"column":9}},"403":{"start":{"line":927,"column":25},"end":{"line":932,"column":11}},"404":{"start":{"line":927,"column":41},"end":{"line":932,"column":9}},"405":{"start":{"line":933,"column":8},"end":{"line":933,"column":38}},"406":{"start":{"line":936,"column":6},"end":{"line":936,"column":77}},"407":{"start":{"line":941,"column":23},"end":{"line":949,"column":11}},"408":{"start":{"line":942,"column":18},"end":{"line":942,"column":28}},"409":{"start":{"line":943,"column":4},"end":{"line":943,"column":29}},"410":{"start":{"line":945,"column":4},"end":{"line":948,"column":7}},"411":{"start":{"line":946,"column":22},"end":{"line":946,"column":40}},"412":{"start":{"line":947,"column":6},"end":{"line":947,"column":82}},"413":{"start":{"line":951,"column":2},"end":{"line":954,"column":5}},"414":{"start":{"line":952,"column":4},"end":{"line":952,"column":32}},"415":{"start":{"line":953,"column":4},"end":{"line":953,"column":80}},"416":{"start":{"line":958,"column":0},"end":{"line":966,"column":3}},"417":{"start":{"line":971,"column":0},"end":{"line":993,"column":1}},"418":{"start":{"line":972,"column":2},"end":{"line":992,"column":5}},"419":{"start":{"line":973,"column":4},"end":{"line":973,"column":35}},"420":{"start":{"line":975,"column":17},"end":{"line":975,"column":41}},"421":{"start":{"line":976,"column":4},"end":{"line":988,"column":7}},"422":{"start":{"line":977,"column":6},"end":{"line":977,"column":26}},"423":{"start":{"line":978,"column":6},"end":{"line":987,"column":9}},"424":{"start":{"line":990,"column":4},"end":{"line":990,"column":80}},"425":{"start":{"line":991,"column":4},"end":{"line":991,"column":20}},"426":{"start":{"line":996,"column":0},"end":{"line":1017,"column":1}},"427":{"start":{"line":997,"column":2},"end":{"line":1016,"column":5}},"428":{"start":{"line":999,"column":4},"end":{"line":1006,"column":7}},"429":{"start":{"line":1000,"column":6},"end":{"line":1000,"column":29}},"430":{"start":{"line":1001,"column":6},"end":{"line":1005,"column":9}},"431":{"start":{"line":1008,"column":4},"end":{"line":1015,"column":7}},"432":{"start":{"line":1009,"column":6},"end":{"line":1014,"column":9}},"433":{"start":{"line":1019,"column":0},"end":{"line":1023,"column":4}}},"fnMap":{"0":{"name":"(anonymous_0)","decl":{"start":{"line":45,"column":15},"end":{"line":45,"column":16}},"loc":{"start":{"line":45,"column":34},"end":{"line":80,"column":3}},"line":45},"1":{"name":"(anonymous_1)","decl":{"start":{"line":81,"column":12},"end":{"line":81,"column":13}},"loc":{"start":{"line":81,"column":31},"end":{"line":87,"column":3}},"line":81},"2":{"name":"(anonymous_2)","decl":{"start":{"line":95,"column":14},"end":{"line":95,"column":15}},"loc":{"start":{"line":95,"column":33},"end":{"line":111,"column":3}},"line":95},"3":{"name":"(anonymous_3)","decl":{"start":{"line":116,"column":14},"end":{"line":116,"column":15}},"loc":{"start":{"line":116,"column":29},"end":{"line":120,"column":3}},"line":116},"4":{"name":"(anonymous_4)","decl":{"start":{"line":125,"column":11},"end":{"line":125,"column":12}},"loc":{"start":{"line":125,"column":21},"end":{"line":125,"column":47}},"line":125},"5":{"name":"(anonymous_5)","decl":{"start":{"line":126,"column":9},"end":{"line":126,"column":10}},"loc":{"start":{"line":126,"column":19},"end":{"line":126,"column":45}},"line":126},"6":{"name":"(anonymous_6)","decl":{"start":{"line":127,"column":8},"end":{"line":127,"column":9}},"loc":{"start":{"line":127,"column":18},"end":{"line":127,"column":44}},"line":127},"7":{"name":"(anonymous_7)","decl":{"start":{"line":128,"column":8},"end":{"line":128,"column":9}},"loc":{"start":{"line":128,"column":18},"end":{"line":128,"column":44}},"line":128},"8":{"name":"(anonymous_8)","decl":{"start":{"line":129,"column":9},"end":{"line":129,"column":10}},"loc":{"start":{"line":129,"column":19},"end":{"line":129,"column":45}},"line":129},"9":{"name":"(anonymous_9)","decl":{"start":{"line":130,"column":10},"end":{"line":130,"column":11}},"loc":{"start":{"line":130,"column":20},"end":{"line":130,"column":52}},"line":130},"10":{"name":"(anonymous_10)","decl":{"start":{"line":146,"column":10},"end":{"line":146,"column":11}},"loc":{"start":{"line":146,"column":32},"end":{"line":156,"column":3}},"line":146},"11":{"name":"(anonymous_11)","decl":{"start":{"line":169,"column":24},"end":{"line":169,"column":25}},"loc":{"start":{"line":169,"column":44},"end":{"line":192,"column":1}},"line":169},"12":{"name":"(anonymous_12)","decl":{"start":{"line":195,"column":26},"end":{"line":195,"column":27}},"loc":{"start":{"line":195,"column":46},"end":{"line":235,"column":1}},"line":195},"13":{"name":"(anonymous_13)","decl":{"start":{"line":237,"column":23},"end":{"line":237,"column":24}},"loc":{"start":{"line":237,"column":43},"end":{"line":281,"column":1}},"line":237},"14":{"name":"(anonymous_14)","decl":{"start":{"line":285,"column":49},"end":{"line":285,"column":50}},"loc":{"start":{"line":285,"column":63},"end":{"line":330,"column":7}},"line":285},"15":{"name":"(anonymous_15)","decl":{"start":{"line":295,"column":34},"end":{"line":295,"column":35}},"loc":{"start":{"line":295,"column":48},"end":{"line":303,"column":15}},"line":295},"16":{"name":"(anonymous_16)","decl":{"start":{"line":333,"column":13},"end":{"line":333,"column":14}},"loc":{"start":{"line":333,"column":27},"end":{"line":357,"column":1}},"line":333},"17":{"name":"(anonymous_17)","decl":{"start":{"line":384,"column":7},"end":{"line":384,"column":8}},"loc":{"start":{"line":384,"column":25},"end":{"line":395,"column":1}},"line":384},"18":{"name":"initializeDefaultRooms","decl":{"start":{"line":398,"column":15},"end":{"line":398,"column":37}},"loc":{"start":{"line":398,"column":40},"end":{"line":422,"column":1}},"line":398},"19":{"name":"(anonymous_19)","decl":{"start":{"line":425,"column":20},"end":{"line":425,"column":21}},"loc":{"start":{"line":425,"column":38},"end":{"line":955,"column":1}},"line":425},"20":{"name":"(anonymous_20)","decl":{"start":{"line":429,"column":27},"end":{"line":429,"column":28}},"loc":{"start":{"line":429,"column":41},"end":{"line":444,"column":3}},"line":429},"21":{"name":"(anonymous_21)","decl":{"start":{"line":447,"column":27},"end":{"line":447,"column":28}},"loc":{"start":{"line":447,"column":39},"end":{"line":463,"column":3}},"line":447},"22":{"name":"(anonymous_22)","decl":{"start":{"line":451,"column":33},"end":{"line":451,"column":34}},"loc":{"start":{"line":451,"column":39},"end":{"line":456,"column":7}},"line":451},"23":{"name":"(anonymous_23)","decl":{"start":{"line":466,"column":24},"end":{"line":466,"column":25}},"loc":{"start":{"line":466,"column":58},"end":{"line":538,"column":3}},"line":466},"24":{"name":"(anonymous_24)","decl":{"start":{"line":481,"column":16},"end":{"line":481,"column":17}},"loc":{"start":{"line":481,"column":21},"end":{"line":481,"column":36}},"line":481},"25":{"name":"(anonymous_25)","decl":{"start":{"line":482,"column":17},"end":{"line":482,"column":18}},"loc":{"start":{"line":482,"column":25},"end":{"line":489,"column":9}},"line":482},"26":{"name":"(anonymous_26)","decl":{"start":{"line":516,"column":50},"end":{"line":516,"column":51}},"loc":{"start":{"line":516,"column":57},"end":{"line":522,"column":7}},"line":516},"27":{"name":"(anonymous_27)","decl":{"start":{"line":541,"column":26},"end":{"line":541,"column":27}},"loc":{"start":{"line":541,"column":60},"end":{"line":603,"column":3}},"line":541},"28":{"name":"(anonymous_28)","decl":{"start":{"line":580,"column":33},"end":{"line":580,"column":34}},"loc":{"start":{"line":580,"column":39},"end":{"line":585,"column":7}},"line":580},"29":{"name":"(anonymous_29)","decl":{"start":{"line":606,"column":25},"end":{"line":606,"column":26}},"loc":{"start":{"line":606,"column":48},"end":{"line":687,"column":1}},"line":606},"30":{"name":"(anonymous_30)","decl":{"start":{"line":613,"column":55},"end":{"line":613,"column":56}},"loc":{"start":{"line":613,"column":60},"end":{"line":613,"column":75}},"line":613},"31":{"name":"(anonymous_31)","decl":{"start":{"line":693,"column":25},"end":{"line":693,"column":26}},"loc":{"start":{"line":693,"column":50},"end":{"line":732,"column":1}},"line":693},"32":{"name":"(anonymous_32)","decl":{"start":{"line":734,"column":28},"end":{"line":734,"column":29}},"loc":{"start":{"line":734,"column":65},"end":{"line":767,"column":3}},"line":734},"33":{"name":"(anonymous_33)","decl":{"start":{"line":770,"column":27},"end":{"line":770,"column":28}},"loc":{"start":{"line":770,"column":52},"end":{"line":808,"column":3}},"line":770},"34":{"name":"(anonymous_34)","decl":{"start":{"line":812,"column":29},"end":{"line":812,"column":30}},"loc":{"start":{"line":812,"column":83},"end":{"line":868,"column":1}},"line":812},"35":{"name":"(anonymous_35)","decl":{"start":{"line":870,"column":22},"end":{"line":870,"column":23}},"loc":{"start":{"line":870,"column":36},"end":{"line":876,"column":3}},"line":870},"36":{"name":"(anonymous_36)","decl":{"start":{"line":878,"column":26},"end":{"line":878,"column":27}},"loc":{"start":{"line":878,"column":40},"end":{"line":884,"column":3}},"line":878},"37":{"name":"(anonymous_37)","decl":{"start":{"line":887,"column":26},"end":{"line":887,"column":27}},"loc":{"start":{"line":887,"column":38},"end":{"line":938,"column":3}},"line":887},"38":{"name":"(anonymous_38)","decl":{"start":{"line":902,"column":28},"end":{"line":902,"column":29}},"loc":{"start":{"line":902,"column":45},"end":{"line":919,"column":11}},"line":902},"39":{"name":"(anonymous_39)","decl":{"start":{"line":926,"column":50},"end":{"line":926,"column":51}},"loc":{"start":{"line":926,"column":59},"end":{"line":934,"column":7}},"line":926},"40":{"name":"(anonymous_40)","decl":{"start":{"line":927,"column":35},"end":{"line":927,"column":36}},"loc":{"start":{"line":927,"column":41},"end":{"line":932,"column":9}},"line":927},"41":{"name":"(anonymous_41)","decl":{"start":{"line":941,"column":35},"end":{"line":941,"column":36}},"loc":{"start":{"line":941,"column":41},"end":{"line":949,"column":3}},"line":941},"42":{"name":"(anonymous_42)","decl":{"start":{"line":945,"column":22},"end":{"line":945,"column":23}},"loc":{"start":{"line":945,"column":28},"end":{"line":948,"column":5}},"line":945},"43":{"name":"(anonymous_43)","decl":{"start":{"line":951,"column":26},"end":{"line":951,"column":27}},"loc":{"start":{"line":951,"column":32},"end":{"line":954,"column":3}},"line":951},"44":{"name":"(anonymous_44)","decl":{"start":{"line":972,"column":22},"end":{"line":972,"column":23}},"loc":{"start":{"line":972,"column":34},"end":{"line":989,"column":3}},"line":972},"45":{"name":"(anonymous_45)","decl":{"start":{"line":976,"column":35},"end":{"line":976,"column":36}},"loc":{"start":{"line":976,"column":41},"end":{"line":988,"column":5}},"line":976},"46":{"name":"(anonymous_46)","decl":{"start":{"line":989,"column":11},"end":{"line":989,"column":12}},"loc":{"start":{"line":989,"column":18},"end":{"line":992,"column":3}},"line":989},"47":{"name":"(anonymous_47)","decl":{"start":{"line":997,"column":22},"end":{"line":997,"column":23}},"loc":{"start":{"line":997,"column":34},"end":{"line":1016,"column":3}},"line":997},"48":{"name":"(anonymous_48)","decl":{"start":{"line":999,"column":26},"end":{"line":999,"column":27}},"loc":{"start":{"line":999,"column":36},"end":{"line":1006,"column":5}},"line":999},"49":{"name":"(anonymous_49)","decl":{"start":{"line":1008,"column":29},"end":{"line":1008,"column":30}},"loc":{"start":{"line":1008,"column":39},"end":{"line":1015,"column":5}},"line":1008}},"branchMap":{"0":{"loc":{"start":{"line":50,"column":4},"end":{"line":73,"column":5}},"type":"switch","locations":[{"start":{"line":51,"column":6},"end":{"line":53,"column":14}},{"start":{"line":54,"column":6},"end":{"line":56,"column":14}},{"start":{"line":57,"column":6},"end":{"line":59,"column":14}},{"start":{"line":60,"column":6},"end":{"line":70,"column":14}},{"start":{"line":71,"column":6},"end":{"line":72,"column":50}}],"line":50},"1":{"loc":{"start":{"line":61,"column":8},"end":{"line":69,"column":9}},"type":"if","locations":[{"start":{"line":61,"column":8},"end":{"line":69,"column":9}},{"start":{"line":63,"column":15},"end":{"line":69,"column":9}}],"line":61},"2":{"loc":{"start":{"line":63,"column":15},"end":{"line":69,"column":9}},"type":"if","locations":[{"start":{"line":63,"column":15},"end":{"line":69,"column":9}},{"start":{"line":65,"column":15},"end":{"line":69,"column":9}}],"line":63},"3":{"loc":{"start":{"line":63,"column":19},"end":{"line":63,"column":87}},"type":"binary-expr","locations":[{"start":{"line":63,"column":19},"end":{"line":63,"column":49}},{"start":{"line":63,"column":53},"end":{"line":63,"column":87}}],"line":63},"4":{"loc":{"start":{"line":65,"column":15},"end":{"line":69,"column":9}},"type":"if","locations":[{"start":{"line":65,"column":15},"end":{"line":69,"column":9}},{"start":{"line":67,"column":15},"end":{"line":69,"column":9}}],"line":65},"5":{"loc":{"start":{"line":65,"column":19},"end":{"line":65,"column":88}},"type":"binary-expr","locations":[{"start":{"line":65,"column":19},"end":{"line":65,"column":48}},{"start":{"line":65,"column":52},"end":{"line":65,"column":88}}],"line":65},"6":{"loc":{"start":{"line":75,"column":4},"end":{"line":78,"column":5}},"type":"if","locations":[{"start":{"line":75,"column":4},"end":{"line":78,"column":5}},{"start":{},"end":{}}],"line":75},"7":{"loc":{"start":{"line":106,"column":4},"end":{"line":110,"column":5}},"type":"if","locations":[{"start":{"line":106,"column":4},"end":{"line":110,"column":5}},{"start":{"line":108,"column":11},"end":{"line":110,"column":5}}],"line":106},"8":{"loc":{"start":{"line":141,"column":23},"end":{"line":143,"column":81}},"type":"cond-expr","locations":[{"start":{"line":142,"column":4},"end":{"line":142,"column":42}},{"start":{"line":143,"column":4},"end":{"line":143,"column":81}}],"line":141},"9":{"loc":{"start":{"line":147,"column":4},"end":{"line":149,"column":5}},"type":"if","locations":[{"start":{"line":147,"column":4},"end":{"line":149,"column":5}},{"start":{},"end":{}}],"line":147},"10":{"loc":{"start":{"line":147,"column":8},"end":{"line":147,"column":32}},"type":"binary-expr","locations":[{"start":{"line":147,"column":8},"end":{"line":147,"column":15}},{"start":{"line":147,"column":19},"end":{"line":147,"column":32}}],"line":147},"11":{"loc":{"start":{"line":150,"column":4},"end":{"line":155,"column":5}},"type":"if","locations":[{"start":{"line":150,"column":4},"end":{"line":155,"column":5}},{"start":{"line":152,"column":11},"end":{"line":155,"column":5}}],"line":150},"12":{"loc":{"start":{"line":178,"column":22},"end":{"line":179,"column":73}},"type":"cond-expr","locations":[{"start":{"line":178,"column":45},"end":{"line":178,"column":59}},{"start":{"line":179,"column":21},"end":{"line":179,"column":73}}],"line":178},"13":{"loc":{"start":{"line":179,"column":21},"end":{"line":179,"column":73}},"type":"cond-expr","locations":[{"start":{"line":179,"column":43},"end":{"line":179,"column":56}},{"start":{"line":179,"column":59},"end":{"line":179,"column":73}}],"line":179},"14":{"loc":{"start":{"line":201,"column":4},"end":{"line":207,"column":5}},"type":"if","locations":[{"start":{"line":201,"column":4},"end":{"line":207,"column":5}},{"start":{},"end":{}}],"line":201},"15":{"loc":{"start":{"line":201,"column":8},"end":{"line":201,"column":30}},"type":"binary-expr","locations":[{"start":{"line":201,"column":8},"end":{"line":201,"column":17}},{"start":{"line":201,"column":21},"end":{"line":201,"column":30}}],"line":201},"16":{"loc":{"start":{"line":210,"column":4},"end":{"line":216,"column":5}},"type":"if","locations":[{"start":{"line":210,"column":4},"end":{"line":216,"column":5}},{"start":{},"end":{}}],"line":210},"17":{"loc":{"start":{"line":242,"column":4},"end":{"line":248,"column":5}},"type":"if","locations":[{"start":{"line":242,"column":4},"end":{"line":248,"column":5}},{"start":{},"end":{}}],"line":242},"18":{"loc":{"start":{"line":242,"column":8},"end":{"line":242,"column":30}},"type":"binary-expr","locations":[{"start":{"line":242,"column":8},"end":{"line":242,"column":17}},{"start":{"line":242,"column":21},"end":{"line":242,"column":30}}],"line":242},"19":{"loc":{"start":{"line":252,"column":4},"end":{"line":258,"column":5}},"type":"if","locations":[{"start":{"line":252,"column":4},"end":{"line":258,"column":5}},{"start":{},"end":{}}],"line":252},"20":{"loc":{"start":{"line":261,"column":4},"end":{"line":267,"column":5}},"type":"if","locations":[{"start":{"line":261,"column":4},"end":{"line":267,"column":5}},{"start":{},"end":{}}],"line":261},"21":{"loc":{"start":{"line":287,"column":14},"end":{"line":290,"column":15}},"type":"if","locations":[{"start":{"line":287,"column":14},"end":{"line":290,"column":15}},{"start":{},"end":{}}],"line":287},"22":{"loc":{"start":{"line":296,"column":18},"end":{"line":296,"column":66}},"type":"if","locations":[{"start":{"line":296,"column":18},"end":{"line":296,"column":66}},{"start":{},"end":{}}],"line":296},"23":{"loc":{"start":{"line":297,"column":18},"end":{"line":297,"column":65}},"type":"if","locations":[{"start":{"line":297,"column":18},"end":{"line":297,"column":65}},{"start":{},"end":{}}],"line":297},"24":{"loc":{"start":{"line":298,"column":18},"end":{"line":298,"column":65}},"type":"if","locations":[{"start":{"line":298,"column":18},"end":{"line":298,"column":65}},{"start":{},"end":{}}],"line":298},"25":{"loc":{"start":{"line":299,"column":18},"end":{"line":299,"column":60}},"type":"if","locations":[{"start":{"line":299,"column":18},"end":{"line":299,"column":60}},{"start":{},"end":{}}],"line":299},"26":{"loc":{"start":{"line":300,"column":18},"end":{"line":300,"column":61}},"type":"if","locations":[{"start":{"line":300,"column":18},"end":{"line":300,"column":61}},{"start":{},"end":{}}],"line":300},"27":{"loc":{"start":{"line":301,"column":18},"end":{"line":301,"column":61}},"type":"if","locations":[{"start":{"line":301,"column":18},"end":{"line":301,"column":61}},{"start":{},"end":{}}],"line":301},"28":{"loc":{"start":{"line":327,"column":25},"end":{"line":327,"column":60}},"type":"binary-expr","locations":[{"start":{"line":327,"column":25},"end":{"line":327,"column":36}},{"start":{"line":327,"column":40},"end":{"line":327,"column":60}}],"line":327},"29":{"loc":{"start":{"line":337,"column":10},"end":{"line":337,"column":34}},"type":"binary-expr","locations":[{"start":{"line":337,"column":10},"end":{"line":337,"column":26}},{"start":{"line":337,"column":30},"end":{"line":337,"column":34}}],"line":337},"30":{"loc":{"start":{"line":360,"column":11},"end":{"line":379,"column":6}},"type":"cond-expr","locations":[{"start":{"line":361,"column":4},"end":{"line":366,"column":6}},{"start":{"line":367,"column":4},"end":{"line":379,"column":6}}],"line":360},"31":{"loc":{"start":{"line":412,"column":6},"end":{"line":417,"column":7}},"type":"if","locations":[{"start":{"line":412,"column":6},"end":{"line":417,"column":7}},{"start":{"line":415,"column":13},"end":{"line":417,"column":7}}],"line":412},"32":{"loc":{"start":{"line":430,"column":4},"end":{"line":433,"column":5}},"type":"if","locations":[{"start":{"line":430,"column":4},"end":{"line":433,"column":5}},{"start":{},"end":{}}],"line":430},"33":{"loc":{"start":{"line":438,"column":4},"end":{"line":440,"column":5}},"type":"if","locations":[{"start":{"line":438,"column":4},"end":{"line":440,"column":5}},{"start":{},"end":{}}],"line":438},"34":{"loc":{"start":{"line":453,"column":19},"end":{"line":453,"column":51}},"type":"binary-expr","locations":[{"start":{"line":453,"column":19},"end":{"line":453,"column":46}},{"start":{"line":453,"column":50},"end":{"line":453,"column":51}}],"line":453},"35":{"loc":{"start":{"line":470,"column":6},"end":{"line":472,"column":7}},"type":"if","locations":[{"start":{"line":470,"column":6},"end":{"line":472,"column":7}},{"start":{},"end":{}}],"line":470},"36":{"loc":{"start":{"line":470,"column":10},"end":{"line":470,"column":32}},"type":"binary-expr","locations":[{"start":{"line":470,"column":10},"end":{"line":470,"column":19}},{"start":{"line":470,"column":23},"end":{"line":470,"column":32}}],"line":470},"37":{"loc":{"start":{"line":475,"column":6},"end":{"line":477,"column":7}},"type":"if","locations":[{"start":{"line":475,"column":6},"end":{"line":477,"column":7}},{"start":{},"end":{}}],"line":475},"38":{"loc":{"start":{"line":485,"column":10},"end":{"line":488,"column":11}},"type":"if","locations":[{"start":{"line":485,"column":10},"end":{"line":488,"column":11}},{"start":{},"end":{}}],"line":485},"39":{"loc":{"start":{"line":485,"column":14},"end":{"line":485,"column":42}},"type":"binary-expr","locations":[{"start":{"line":485,"column":14},"end":{"line":485,"column":19}},{"start":{"line":485,"column":23},"end":{"line":485,"column":42}}],"line":485},"40":{"loc":{"start":{"line":487,"column":12},"end":{"line":487,"column":57}},"type":"if","locations":[{"start":{"line":487,"column":12},"end":{"line":487,"column":57}},{"start":{},"end":{}}],"line":487},"41":{"loc":{"start":{"line":493,"column":26},"end":{"line":493,"column":62}},"type":"binary-expr","locations":[{"start":{"line":493,"column":26},"end":{"line":493,"column":49}},{"start":{"line":493,"column":53},"end":{"line":493,"column":62}}],"line":493},"42":{"loc":{"start":{"line":498,"column":6},"end":{"line":501,"column":7}},"type":"if","locations":[{"start":{"line":498,"column":6},"end":{"line":501,"column":7}},{"start":{},"end":{}}],"line":498},"43":{"loc":{"start":{"line":517,"column":24},"end":{"line":517,"column":73}},"type":"binary-expr","locations":[{"start":{"line":517,"column":24},"end":{"line":517,"column":60}},{"start":{"line":517,"column":64},"end":{"line":517,"column":73}}],"line":517},"44":{"loc":{"start":{"line":545,"column":6},"end":{"line":548,"column":7}},"type":"if","locations":[{"start":{"line":545,"column":6},"end":{"line":548,"column":7}},{"start":{},"end":{}}],"line":545},"45":{"loc":{"start":{"line":545,"column":10},"end":{"line":545,"column":32}},"type":"binary-expr","locations":[{"start":{"line":545,"column":10},"end":{"line":545,"column":19}},{"start":{"line":545,"column":23},"end":{"line":545,"column":32}}],"line":545},"46":{"loc":{"start":{"line":551,"column":6},"end":{"line":553,"column":7}},"type":"if","locations":[{"start":{"line":551,"column":6},"end":{"line":553,"column":7}},{"start":{},"end":{}}],"line":551},"47":{"loc":{"start":{"line":558,"column":6},"end":{"line":561,"column":7}},"type":"if","locations":[{"start":{"line":558,"column":6},"end":{"line":561,"column":7}},{"start":{},"end":{}}],"line":558},"48":{"loc":{"start":{"line":582,"column":19},"end":{"line":582,"column":51}},"type":"binary-expr","locations":[{"start":{"line":582,"column":19},"end":{"line":582,"column":46}},{"start":{"line":582,"column":50},"end":{"line":582,"column":51}}],"line":582},"49":{"loc":{"start":{"line":609,"column":8},"end":{"line":611,"column":9}},"type":"if","locations":[{"start":{"line":609,"column":8},"end":{"line":611,"column":9}},{"start":{},"end":{}}],"line":609},"50":{"loc":{"start":{"line":615,"column":8},"end":{"line":617,"column":9}},"type":"if","locations":[{"start":{"line":615,"column":8},"end":{"line":617,"column":9}},{"start":{},"end":{}}],"line":615},"51":{"loc":{"start":{"line":620,"column":8},"end":{"line":622,"column":9}},"type":"if","locations":[{"start":{"line":620,"column":8},"end":{"line":622,"column":9}},{"start":{},"end":{}}],"line":620},"52":{"loc":{"start":{"line":625,"column":8},"end":{"line":628,"column":9}},"type":"if","locations":[{"start":{"line":625,"column":8},"end":{"line":628,"column":9}},{"start":{},"end":{}}],"line":625},"53":{"loc":{"start":{"line":625,"column":12},"end":{"line":625,"column":53}},"type":"binary-expr","locations":[{"start":{"line":625,"column":12},"end":{"line":625,"column":32}},{"start":{"line":625,"column":36},"end":{"line":625,"column":53}}],"line":625},"54":{"loc":{"start":{"line":640,"column":8},"end":{"line":648,"column":9}},"type":"if","locations":[{"start":{"line":640,"column":8},"end":{"line":648,"column":9}},{"start":{},"end":{}}],"line":640},"55":{"loc":{"start":{"line":665,"column":20},"end":{"line":665,"column":45}},"type":"binary-expr","locations":[{"start":{"line":665,"column":20},"end":{"line":665,"column":39}},{"start":{"line":665,"column":43},"end":{"line":665,"column":45}}],"line":665},"56":{"loc":{"start":{"line":669,"column":8},"end":{"line":671,"column":9}},"type":"if","locations":[{"start":{"line":669,"column":8},"end":{"line":671,"column":9}},{"start":{},"end":{}}],"line":669},"57":{"loc":{"start":{"line":674,"column":8},"end":{"line":677,"column":9}},"type":"if","locations":[{"start":{"line":674,"column":8},"end":{"line":677,"column":9}},{"start":{},"end":{}}],"line":674},"58":{"loc":{"start":{"line":682,"column":81},"end":{"line":682,"column":164}},"type":"cond-expr","locations":[{"start":{"line":682,"column":103},"end":{"line":682,"column":147}},{"start":{"line":682,"column":150},"end":{"line":682,"column":164}}],"line":682},"59":{"loc":{"start":{"line":696,"column":8},"end":{"line":699,"column":9}},"type":"if","locations":[{"start":{"line":696,"column":8},"end":{"line":699,"column":9}},{"start":{},"end":{}}],"line":696},"60":{"loc":{"start":{"line":701,"column":8},"end":{"line":704,"column":9}},"type":"if","locations":[{"start":{"line":701,"column":8},"end":{"line":704,"column":9}},{"start":{},"end":{}}],"line":701},"61":{"loc":{"start":{"line":708,"column":8},"end":{"line":711,"column":9}},"type":"if","locations":[{"start":{"line":708,"column":8},"end":{"line":711,"column":9}},{"start":{},"end":{}}],"line":708},"62":{"loc":{"start":{"line":714,"column":8},"end":{"line":717,"column":9}},"type":"if","locations":[{"start":{"line":714,"column":8},"end":{"line":717,"column":9}},{"start":{},"end":{}}],"line":714},"63":{"loc":{"start":{"line":721,"column":8},"end":{"line":726,"column":9}},"type":"if","locations":[{"start":{"line":721,"column":8},"end":{"line":726,"column":9}},{"start":{},"end":{}}],"line":721},"64":{"loc":{"start":{"line":742,"column":6},"end":{"line":745,"column":7}},"type":"if","locations":[{"start":{"line":742,"column":6},"end":{"line":745,"column":7}},{"start":{},"end":{}}],"line":742},"65":{"loc":{"start":{"line":756,"column":16},"end":{"line":756,"column":48}},"type":"cond-expr","locations":[{"start":{"line":756,"column":29},"end":{"line":756,"column":35}},{"start":{"line":756,"column":38},"end":{"line":756,"column":48}}],"line":756},"66":{"loc":{"start":{"line":762,"column":45},"end":{"line":762,"column":81}},"type":"cond-expr","locations":[{"start":{"line":762,"column":58},"end":{"line":762,"column":66}},{"start":{"line":762,"column":69},"end":{"line":762,"column":81}}],"line":762},"67":{"loc":{"start":{"line":773,"column":6},"end":{"line":776,"column":7}},"type":"if","locations":[{"start":{"line":773,"column":6},"end":{"line":776,"column":7}},{"start":{},"end":{}}],"line":773},"68":{"loc":{"start":{"line":778,"column":6},"end":{"line":781,"column":7}},"type":"if","locations":[{"start":{"line":778,"column":6},"end":{"line":781,"column":7}},{"start":{},"end":{}}],"line":778},"69":{"loc":{"start":{"line":785,"column":6},"end":{"line":788,"column":7}},"type":"if","locations":[{"start":{"line":785,"column":6},"end":{"line":788,"column":7}},{"start":{},"end":{}}],"line":785},"70":{"loc":{"start":{"line":791,"column":23},"end":{"line":791,"column":63}},"type":"binary-expr","locations":[{"start":{"line":791,"column":23},"end":{"line":791,"column":50}},{"start":{"line":791,"column":54},"end":{"line":791,"column":63}}],"line":791},"71":{"loc":{"start":{"line":797,"column":6},"end":{"line":802,"column":7}},"type":"if","locations":[{"start":{"line":797,"column":6},"end":{"line":802,"column":7}},{"start":{},"end":{}}],"line":797},"72":{"loc":{"start":{"line":815,"column":8},"end":{"line":818,"column":9}},"type":"if","locations":[{"start":{"line":815,"column":8},"end":{"line":818,"column":9}},{"start":{},"end":{}}],"line":815},"73":{"loc":{"start":{"line":816,"column":12},"end":{"line":816,"column":73}},"type":"if","locations":[{"start":{"line":816,"column":12},"end":{"line":816,"column":73}},{"start":{},"end":{}}],"line":816},"74":{"loc":{"start":{"line":821,"column":8},"end":{"line":824,"column":9}},"type":"if","locations":[{"start":{"line":821,"column":8},"end":{"line":824,"column":9}},{"start":{},"end":{}}],"line":821},"75":{"loc":{"start":{"line":822,"column":12},"end":{"line":822,"column":67}},"type":"if","locations":[{"start":{"line":822,"column":12},"end":{"line":822,"column":67}},{"start":{},"end":{}}],"line":822},"76":{"loc":{"start":{"line":828,"column":8},"end":{"line":831,"column":9}},"type":"if","locations":[{"start":{"line":828,"column":8},"end":{"line":831,"column":9}},{"start":{},"end":{}}],"line":828},"77":{"loc":{"start":{"line":828,"column":12},"end":{"line":828,"column":54}},"type":"binary-expr","locations":[{"start":{"line":828,"column":12},"end":{"line":828,"column":29}},{"start":{"line":828,"column":33},"end":{"line":828,"column":54}}],"line":828},"78":{"loc":{"start":{"line":829,"column":12},"end":{"line":829,"column":87}},"type":"if","locations":[{"start":{"line":829,"column":12},"end":{"line":829,"column":87}},{"start":{},"end":{}}],"line":829},"79":{"loc":{"start":{"line":834,"column":8},"end":{"line":837,"column":9}},"type":"if","locations":[{"start":{"line":834,"column":8},"end":{"line":837,"column":9}},{"start":{},"end":{}}],"line":834},"80":{"loc":{"start":{"line":835,"column":12},"end":{"line":835,"column":64}},"type":"if","locations":[{"start":{"line":835,"column":12},"end":{"line":835,"column":64}},{"start":{},"end":{}}],"line":835},"81":{"loc":{"start":{"line":839,"column":8},"end":{"line":848,"column":9}},"type":"if","locations":[{"start":{"line":839,"column":8},"end":{"line":848,"column":9}},{"start":{"line":842,"column":15},"end":{"line":848,"column":9}}],"line":839},"82":{"loc":{"start":{"line":843,"column":33},"end":{"line":843,"column":57}},"type":"binary-expr","locations":[{"start":{"line":843,"column":33},"end":{"line":843,"column":51}},{"start":{"line":843,"column":55},"end":{"line":843,"column":57}}],"line":843},"83":{"loc":{"start":{"line":844,"column":12},"end":{"line":847,"column":13}},"type":"if","locations":[{"start":{"line":844,"column":12},"end":{"line":847,"column":13}},{"start":{},"end":{}}],"line":844},"84":{"loc":{"start":{"line":852,"column":32},"end":{"line":852,"column":58}},"type":"binary-expr","locations":[{"start":{"line":852,"column":32},"end":{"line":852,"column":49}},{"start":{"line":852,"column":53},"end":{"line":852,"column":58}}],"line":852},"85":{"loc":{"start":{"line":854,"column":24},"end":{"line":854,"column":67}},"type":"cond-expr","locations":[{"start":{"line":854,"column":44},"end":{"line":854,"column":46}},{"start":{"line":854,"column":49},"end":{"line":854,"column":67}}],"line":854},"86":{"loc":{"start":{"line":858,"column":8},"end":{"line":858,"column":50}},"type":"if","locations":[{"start":{"line":858,"column":8},"end":{"line":858,"column":50}},{"start":{},"end":{}}],"line":858},"87":{"loc":{"start":{"line":862,"column":8},"end":{"line":862,"column":70}},"type":"if","locations":[{"start":{"line":862,"column":8},"end":{"line":862,"column":70}},{"start":{},"end":{}}],"line":862},"88":{"loc":{"start":{"line":872,"column":4},"end":{"line":872,"column":26}},"type":"if","locations":[{"start":{"line":872,"column":4},"end":{"line":872,"column":26}},{"start":{},"end":{}}],"line":872},"89":{"loc":{"start":{"line":880,"column":4},"end":{"line":880,"column":26}},"type":"if","locations":[{"start":{"line":880,"column":4},"end":{"line":880,"column":26}},{"start":{},"end":{}}],"line":880},"90":{"loc":{"start":{"line":889,"column":4},"end":{"line":937,"column":5}},"type":"if","locations":[{"start":{"line":889,"column":4},"end":{"line":937,"column":5}},{"start":{"line":935,"column":11},"end":{"line":937,"column":5}}],"line":889},"91":{"loc":{"start":{"line":893,"column":6},"end":{"line":921,"column":7}},"type":"if","locations":[{"start":{"line":893,"column":6},"end":{"line":921,"column":7}},{"start":{},"end":{}}],"line":893},"92":{"loc":{"start":{"line":898,"column":8},"end":{"line":920,"column":9}},"type":"if","locations":[{"start":{"line":898,"column":8},"end":{"line":920,"column":9}},{"start":{},"end":{}}],"line":898},"93":{"loc":{"start":{"line":903,"column":12},"end":{"line":918,"column":13}},"type":"if","locations":[{"start":{"line":903,"column":12},"end":{"line":918,"column":13}},{"start":{},"end":{}}],"line":903},"94":{"loc":{"start":{"line":905,"column":14},"end":{"line":909,"column":15}},"type":"if","locations":[{"start":{"line":905,"column":14},"end":{"line":909,"column":15}},{"start":{"line":907,"column":21},"end":{"line":909,"column":15}}],"line":905},"95":{"loc":{"start":{"line":929,"column":21},"end":{"line":929,"column":53}},"type":"binary-expr","locations":[{"start":{"line":929,"column":21},"end":{"line":929,"column":48}},{"start":{"line":929,"column":52},"end":{"line":929,"column":53}}],"line":929},"96":{"loc":{"start":{"line":961,"column":14},"end":{"line":961,"column":51}},"type":"binary-expr","locations":[{"start":{"line":961,"column":14},"end":{"line":961,"column":40}},{"start":{"line":961,"column":44},"end":{"line":961,"column":51}}],"line":961},"97":{"loc":{"start":{"line":962,"column":30},"end":{"line":962,"column":70}},"type":"binary-expr","locations":[{"start":{"line":962,"column":30},"end":{"line":962,"column":56}},{"start":{"line":962,"column":60},"end":{"line":962,"column":70}}],"line":962},"98":{"loc":{"start":{"line":964,"column":8},"end":{"line":964,"column":51}},"type":"cond-expr","locations":[{"start":{"line":964,"column":23},"end":{"line":964,"column":35}},{"start":{"line":964,"column":38},"end":{"line":964,"column":51}}],"line":964},"99":{"loc":{"start":{"line":971,"column":0},"end":{"line":993,"column":1}},"type":"if","locations":[{"start":{"line":971,"column":0},"end":{"line":993,"column":1}},{"start":{},"end":{}}],"line":971},"100":{"loc":{"start":{"line":971,"column":4},"end":{"line":971,"column":62}},"type":"binary-expr","locations":[{"start":{"line":971,"column":4},"end":{"line":971,"column":35}},{"start":{"line":971,"column":39},"end":{"line":971,"column":62}}],"line":971},"101":{"loc":{"start":{"line":975,"column":17},"end":{"line":975,"column":41}},"type":"binary-expr","locations":[{"start":{"line":975,"column":17},"end":{"line":975,"column":33}},{"start":{"line":975,"column":37},"end":{"line":975,"column":41}}],"line":975},"102":{"loc":{"start":{"line":996,"column":0},"end":{"line":1017,"column":1}},"type":"if","locations":[{"start":{"line":996,"column":0},"end":{"line":1017,"column":1}},{"start":{},"end":{}}],"line":996}},"s":{"0":1,"1":1,"2":1,"3":1,"4":1,"5":1,"6":1,"7":1,"8":1,"9":1,"10":1,"11":1,"12":1,"13":1,"14":1,"15":1,"16":1,"17":1,"18":1,"19":1,"20":1,"21":1,"22":1,"23":0,"24":0,"25":0,"26":0,"27":0,"28":0,"29":0,"30":0,"31":0,"32":0,"33":0,"34":0,"35":0,"36":0,"37":0,"38":0,"39":0,"40":0,"41":0,"42":0,"43":0,"44":0,"45":0,"46":0,"47":0,"48":0,"49":0,"50":1,"51":0,"52":0,"53":0,"54":0,"55":1,"56":0,"57":0,"58":0,"59":1,"60":0,"61":0,"62":0,"63":0,"64":0,"65":0,"66":1,"67":1,"68":1,"69":1,"70":1,"71":1,"72":1,"73":0,"74":0,"75":0,"76":0,"77":0,"78":0,"79":1,"80":1,"81":1,"82":1,"83":1,"84":0,"85":0,"86":0,"87":0,"88":1,"89":0,"90":0,"91":0,"92":0,"93":0,"94":0,"95":0,"96":0,"97":0,"98":0,"99":0,"100":0,"101":0,"102":0,"103":0,"104":0,"105":0,"106":1,"107":0,"108":0,"109":0,"110":0,"111":0,"112":0,"113":0,"114":0,"115":0,"116":0,"117":0,"118":0,"119":0,"120":0,"121":0,"122":0,"123":0,"124":0,"125":1,"126":0,"127":0,"128":0,"129":0,"130":0,"131":0,"132":0,"133":0,"134":0,"135":0,"136":0,"137":0,"138":0,"139":0,"140":0,"141":0,"142":0,"143":0,"144":0,"145":0,"146":0,"147":0,"148":0,"149":0,"150":1,"151":0,"152":0,"153":0,"154":1,"155":1,"156":1,"157":0,"158":0,"159":0,"160":0,"161":0,"162":0,"163":0,"164":0,"165":0,"166":0,"167":0,"168":0,"169":0,"170":1,"171":0,"172":0,"173":0,"174":0,"175":0,"176":0,"177":0,"178":0,"179":0,"180":0,"181":0,"182":0,"183":0,"184":0,"185":0,"186":0,"187":0,"188":0,"189":0,"190":0,"191":0,"192":0,"193":0,"194":0,"195":0,"196":0,"197":0,"198":0,"199":0,"200":0,"201":0,"202":0,"203":0,"204":0,"205":0,"206":0,"207":0,"208":0,"209":0,"210":0,"211":0,"212":0,"213":0,"214":0,"215":0,"216":0,"217":0,"218":0,"219":0,"220":0,"221":0,"222":0,"223":0,"224":0,"225":0,"226":0,"227":0,"228":0,"229":0,"230":0,"231":0,"232":0,"233":0,"234":0,"235":0,"236":0,"237":0,"238":0,"239":0,"240":0,"241":0,"242":0,"243":0,"244":0,"245":0,"246":0,"247":0,"248":0,"249":0,"250":0,"251":0,"252":0,"253":0,"254":0,"255":0,"256":0,"257":0,"258":0,"259":0,"260":0,"261":0,"262":0,"263":0,"264":0,"265":0,"266":0,"267":0,"268":0,"269":0,"270":0,"271":0,"272":0,"273":0,"274":0,"275":0,"276":0,"277":0,"278":0,"279":0,"280":0,"281":0,"282":0,"283":0,"284":0,"285":0,"286":0,"287":0,"288":0,"289":0,"290":0,"291":0,"292":0,"293":0,"294":0,"295":0,"296":0,"297":0,"298":0,"299":0,"300":0,"301":0,"302":0,"303":0,"304":0,"305":0,"306":0,"307":0,"308":0,"309":0,"310":0,"311":0,"312":0,"313":0,"314":0,"315":0,"316":0,"317":0,"318":0,"319":0,"320":0,"321":0,"322":0,"323":0,"324":0,"325":0,"326":0,"327":0,"328":0,"329":0,"330":0,"331":0,"332":0,"333":0,"334":0,"335":0,"336":0,"337":0,"338":0,"339":0,"340":0,"341":0,"342":0,"343":0,"344":0,"345":0,"346":0,"347":0,"348":0,"349":0,"350":0,"351":0,"352":0,"353":0,"354":0,"355":0,"356":0,"357":0,"358":0,"359":0,"360":0,"361":0,"362":0,"363":0,"364":0,"365":0,"366":0,"367":0,"368":0,"369":0,"370":0,"371":0,"372":0,"373":0,"374":0,"375":0,"376":0,"377":0,"378":0,"379":0,"380":0,"381":0,"382":0,"383":0,"384":0,"385":0,"386":0,"387":0,"388":0,"389":0,"390":0,"391":0,"392":0,"393":0,"394":0,"395":0,"396":0,"397":0,"398":0,"399":0,"400":0,"401":0,"402":0,"403":0,"404":0,"405":0,"406":0,"407":0,"408":0,"409":0,"410":0,"411":0,"412":0,"413":0,"414":0,"415":0,"416":1,"417":1,"418":0,"419":0,"420":0,"421":0,"422":0,"423":0,"424":0,"425":0,"426":1,"427":1,"428":0,"429":0,"430":0,"431":0,"432":0,"433":1},"f":{"0":0,"1":0,"2":0,"3":0,"4":0,"5":0,"6":0,"7":0,"8":0,"9":0,"10":0,"11":0,"12":0,"13":0,"14":0,"15":0,"16":0,"17":0,"18":0,"19":0,"20":0,"21":0,"22":0,"23":0,"24":0,"25":0,"26":0,"27":0,"28":0,"29":0,"30":0,"31":0,"32":0,"33":0,"34":0,"35":0,"36":0,"37":0,"38":0,"39":0,"40":0,"41":0,"42":0,"43":0,"44":0,"45":0,"46":0,"47":0,"48":0,"49":0},"b":{"0":[0,0,0,0,0],"1":[0,0],"2":[0,0],"3":[0,0],"4":[0,0],"5":[0,0],"6":[0,0],"7":[0,0],"8":[0,1],"9":[0,0],"10":[0,0],"11":[0,0],"12":[0,0],"13":[0,0],"14":[0,0],"15":[0,0],"16":[0,0],"17":[0,0],"18":[0,0],"19":[0,0],"20":[0,0],"21":[0,0],"22":[0,0],"23":[0,0],"24":[0,0],"25":[0,0],"26":[0,0],"27":[0,0],"28":[0,0],"29":[0,0],"30":[1,0],"31":[0,0],"32":[0,0],"33":[0,0],"34":[0,0],"35":[0,0],"36":[0,0],"37":[0,0],"38":[0,0],"39":[0,0],"40":[0,0],"41":[0,0],"42":[0,0],"43":[0,0],"44":[0,0],"45":[0,0],"46":[0,0],"47":[0,0],"48":[0,0],"49":[0,0],"50":[0,0],"51":[0,0],"52":[0,0],"53":[0,0],"54":[0,0],"55":[0,0],"56":[0,0],"57":[0,0],"58":[0,0],"59":[0,0],"60":[0,0],"61":[0,0],"62":[0,0],"63":[0,0],"64":[0,0],"65":[0,0],"66":[0,0],"67":[0,0],"68":[0,0],"69":[0,0],"70":[0,0],"71":[0,0],"72":[0,0],"73":[0,0],"74":[0,0],"75":[0,0],"76":[0,0],"77":[0,0],"78":[0,0],"79":[0,0],"80":[0,0],"81":[0,0],"82":[0,0],"83":[0,0],"84":[0,0],"85":[0,0],"86":[0,0],"87":[0,0],"88":[0,0],"89":[0,0],"90":[0,0],"91":[0,0],"92":[0,0],"93":[0,0],"94":[0,0],"95":[0,0],"96":[1,1],"97":[1,1],"98":[0,1],"99":[0,1],"100":[1,0],"101":[0,0],"102":[1,0]},"_coverageSchema":"1a1c01bbd47fc00a2c39e90264f33305004495a9","hash":"6a7f9ab76d2211e5cae5380f985e9768ffc6d915"}
,"C:\\Users\\hp\\Documents\\GitHub\\PLP-MERN-WK-8-SOCKETIO-CHAT-LOCAL-ENHANCED\\socketio-chat\\server\\config\\db.js": {"path":"C:\\Users\\hp\\Documents\\GitHub\\PLP-MERN-WK-8-SOCKETIO-CHAT-LOCAL-ENHANCED\\socketio-chat\\server\\config\\db.js","statementMap":{"0":{"start":{"line":1,"column":17},"end":{"line":1,"column":36}},"1":{"start":{"line":2,"column":17},"end":{"line":2,"column":45}},"2":{"start":{"line":4,"column":18},"end":{"line":46,"column":1}},"3":{"start":{"line":5,"column":2},"end":{"line":45,"column":3}},"4":{"start":{"line":7,"column":21},"end":{"line":9,"column":69}},"5":{"start":{"line":11,"column":4},"end":{"line":13,"column":5}},"6":{"start":{"line":12,"column":6},"end":{"line":12,"column":77}},"7":{"start":{"line":16,"column":30},"end":{"line":21,"column":5}},"8":{"start":{"line":24,"column":4},"end":{"line":27,"column":5}},"9":{"start":{"line":25,"column":6},"end":{"line":25,"column":56}},"10":{"start":{"line":26,"column":6},"end":{"line":26,"column":48}},"11":{"start":{"line":29,"column":4},"end":{"line":29,"column":75}},"12":{"start":{"line":30,"column":4},"end":{"line":30,"column":53}},"13":{"start":{"line":32,"column":4},"end":{"line":32,"column":56}},"14":{"start":{"line":34,"column":4},"end":{"line":34,"column":86}},"15":{"start":{"line":35,"column":4},"end":{"line":35,"column":85}},"16":{"start":{"line":36,"column":4},"end":{"line":36,"column":207}},"17":{"start":{"line":37,"column":4},"end":{"line":37,"column":88}},"18":{"start":{"line":39,"column":4},"end":{"line":39,"column":86}},"19":{"start":{"line":40,"column":4},"end":{"line":40,"column":83}},"20":{"start":{"line":41,"column":4},"end":{"line":41,"column":84}},"21":{"start":{"line":42,"column":4},"end":{"line":42,"column":66}},"22":{"start":{"line":43,"column":4},"end":{"line":43,"column":86}},"23":{"start":{"line":44,"column":4},"end":{"line":44,"column":20}},"24":{"start":{"line":49,"column":16},"end":{"line":63,"column":1}},"25":{"start":{"line":52,"column":4},"end":{"line":55,"column":5}},"26":{"start":{"line":53,"column":6},"end":{"line":53,"column":47}},"27":{"start":{"line":54,"column":6},"end":{"line":54,"column":58}},"28":{"start":{"line":58,"column":4},"end":{"line":61,"column":5}},"29":{"start":{"line":59,"column":6},"end":{"line":59,"column":40}},"30":{"start":{"line":60,"column":6},"end":{"line":60,"column":63}},"31":{"start":{"line":65,"column":0},"end":{"line":65,"column":25}}},"fnMap":{"0":{"name":"(anonymous_0)","decl":{"start":{"line":4,"column":18},"end":{"line":4,"column":19}},"loc":{"start":{"line":4,"column":30},"end":{"line":46,"column":1}},"line":4},"1":{"name":"(anonymous_1)","decl":{"start":{"line":51,"column":17},"end":{"line":51,"column":18}},"loc":{"start":{"line":51,"column":29},"end":{"line":56,"column":3}},"line":51},"2":{"name":"(anonymous_2)","decl":{"start":{"line":57,"column":19},"end":{"line":57,"column":20}},"loc":{"start":{"line":57,"column":31},"end":{"line":62,"column":3}},"line":57}},"branchMap":{"0":{"loc":{"start":{"line":7,"column":21},"end":{"line":9,"column":69}},"type":"cond-expr","locations":[{"start":{"line":8,"column":8},"end":{"line":8,"column":79}},{"start":{"line":9,"column":8},"end":{"line":9,"column":69}}],"line":7},"1":{"loc":{"start":{"line":8,"column":8},"end":{"line":8,"column":79}},"type":"binary-expr","locations":[{"start":{"line":8,"column":8},"end":{"line":8,"column":34}},{"start":{"line":8,"column":38},"end":{"line":8,"column":79}}],"line":8},"2":{"loc":{"start":{"line":9,"column":8},"end":{"line":9,"column":69}},"type":"binary-expr","locations":[{"start":{"line":9,"column":8},"end":{"line":9,"column":29}},{"start":{"line":9,"column":33},"end":{"line":9,"column":69}}],"line":9},"3":{"loc":{"start":{"line":11,"column":4},"end":{"line":13,"column":5}},"type":"if","locations":[{"start":{"line":11,"column":4},"end":{"line":13,"column":5}},{"start":{},"end":{}}],"line":11},"4":{"loc":{"start":{"line":24,"column":4},"end":{"line":27,"column":5}},"type":"if","locations":[{"start":{"line":24,"column":4},"end":{"line":27,"column":5}},{"start":{},"end":{}}],"line":24},"5":{"loc":{"start":{"line":36,"column":49},"end":{"line":36,"column":201}},"type":"cond-expr","locations":[{"start":{"line":36,"column":83},"end":{"line":36,"column":109}},{"start":{"line":36,"column":112},"end":{"line":36,"column":201}}],"line":36},"6":{"loc":{"start":{"line":36,"column":112},"end":{"line":36,"column":201}},"type":"cond-expr","locations":[{"start":{"line":36,"column":145},"end":{"line":36,"column":172}},{"start":{"line":36,"column":175},"end":{"line":36,"column":201}}],"line":36},"7":{"loc":{"start":{"line":52,"column":4},"end":{"line":55,"column":5}},"type":"if","locations":[{"start":{"line":52,"column":4},"end":{"line":55,"column":5}},{"start":{},"end":{}}],"line":52},"8":{"loc":{"start":{"line":58,"column":4},"end":{"line":61,"column":5}},"type":"if","locations":[{"start":{"line":58,"column":4},"end":{"line":61,"column":5}},{"start":{},"end":{}}],"line":58}},"s":{"0":1,"1":1,"2":1,"3":0,"4":0,"5":0,"6":0,"7":0,"8":0,"9":0,"10":0,"11":0,"12":0,"13":0,"14":0,"15":0,"16":0,"17":0,"18":0,"19":0,"20":0,"21":0,"22":0,"23":0,"24":1,"25":0,"26":0,"27":0,"28":0,"29":0,"30":0,"31":1},"f":{"0":0,"1":0,"2":0},"b":{"0":[0,0],"1":[0,0],"2":[0,0],"3":[0,0],"4":[0,0],"5":[0,0],"6":[0,0],"7":[0,0],"8":[0,0]},"_coverageSchema":"1a1c01bbd47fc00a2c39e90264f33305004495a9","hash":"a87b306298cb1c66be6cdaeb8694bd5ed53931c5"}
,"C:\\Users\\hp\\Documents\\GitHub\\PLP-MERN-WK-8-SOCKETIO-CHAT-LOCAL-ENHANCED\\socketio-chat\\server\\models\\Message.js": {"path":"C:\\Users\\hp\\Documents\\GitHub\\PLP-MERN-WK-8-SOCKETIO-CHAT-LOCAL-ENHANCED\\socketio-chat\\server\\models\\Message.js","statementMap":{"0":{"start":{"line":1,"column":17},"end":{"line":1,"column":36}},"1":{"start":{"line":3,"column":22},"end":{"line":18,"column":24}},"2":{"start":{"line":20,"column":0},"end":{"line":20,"column":58}}},"fnMap":{},"branchMap":{},"s":{"0":1,"1":1,"2":1},"f":{},"b":{},"_coverageSchema":"1a1c01bbd47fc00a2c39e90264f33305004495a9","hash":"a751ef2cb204db3ceeead5a6a8292676e96a84e3"}
,"C:\\Users\\hp\\Documents\\GitHub\\PLP-MERN-WK-8-SOCKETIO-CHAT-LOCAL-ENHANCED\\socketio-chat\\server\\models\\Room.js": {"path":"C:\\Users\\hp\\Documents\\GitHub\\PLP-MERN-WK-8-SOCKETIO-CHAT-LOCAL-ENHANCED\\socketio-chat\\server\\models\\Room.js","statementMap":{"0":{"start":{"line":1,"column":17},"end":{"line":1,"column":36}},"1":{"start":{"line":3,"column":19},"end":{"line":51,"column":2}},"2":{"start":{"line":53,"column":0},"end":{"line":55,"column":3}},"3":{"start":{"line":54,"column":2},"end":{"line":54,"column":33}},"4":{"start":{"line":57,"column":0},"end":{"line":62,"column":3}},"5":{"start":{"line":58,"column":2},"end":{"line":60,"column":3}},"6":{"start":{"line":59,"column":4},"end":{"line":59,"column":61}},"7":{"start":{"line":61,"column":2},"end":{"line":61,"column":9}},"8":{"start":{"line":64,"column":0},"end":{"line":64,"column":52}}},"fnMap":{"0":{"name":"(anonymous_0)","decl":{"start":{"line":53,"column":36},"end":{"line":53,"column":37}},"loc":{"start":{"line":53,"column":47},"end":{"line":55,"column":1}},"line":53},"1":{"name":"(anonymous_1)","decl":{"start":{"line":57,"column":23},"end":{"line":57,"column":24}},"loc":{"start":{"line":57,"column":38},"end":{"line":62,"column":1}},"line":57}},"branchMap":{"0":{"loc":{"start":{"line":58,"column":2},"end":{"line":60,"column":3}},"type":"if","locations":[{"start":{"line":58,"column":2},"end":{"line":60,"column":3}},{"start":{},"end":{}}],"line":58}},"s":{"0":1,"1":1,"2":1,"3":0,"4":1,"5":1,"6":1,"7":1,"8":1},"f":{"0":0,"1":1},"b":{"0":[1,0]},"_coverageSchema":"1a1c01bbd47fc00a2c39e90264f33305004495a9","hash":"4cd06d203a1ae446647bebb1e9267763c138ef4d"}
,"C:\\Users\\hp\\Documents\\GitHub\\PLP-MERN-WK-8-SOCKETIO-CHAT-LOCAL-ENHANCED\\socketio-chat\\server\\models\\User.js": {"path":"C:\\Users\\hp\\Documents\\GitHub\\PLP-MERN-WK-8-SOCKETIO-CHAT-LOCAL-ENHANCED\\socketio-chat\\server\\models\\User.js","statementMap":{"0":{"start":{"line":1,"column":17},"end":{"line":1,"column":36}},"1":{"start":{"line":2,"column":15},"end":{"line":2,"column":34}},"2":{"start":{"line":3,"column":18},"end":{"line":3,"column":38}},"3":{"start":{"line":5,"column":19},"end":{"line":21,"column":24}},"4":{"start":{"line":24,"column":0},"end":{"line":35,"column":3}},"5":{"start":{"line":26,"column":2},"end":{"line":26,"column":50}},"6":{"start":{"line":26,"column":36},"end":{"line":26,"column":50}},"7":{"start":{"line":28,"column":2},"end":{"line":34,"column":3}},"8":{"start":{"line":29,"column":17},"end":{"line":29,"column":41}},"9":{"start":{"line":30,"column":4},"end":{"line":30,"column":59}},"10":{"start":{"line":31,"column":4},"end":{"line":31,"column":11}},"11":{"start":{"line":33,"column":4},"end":{"line":33,"column":14}},"12":{"start":{"line":38,"column":0},"end":{"line":40,"column":2}},"13":{"start":{"line":39,"column":2},"end":{"line":39,"column":64}},"14":{"start":{"line":42,"column":0},"end":{"line":42,"column":52}}},"fnMap":{"0":{"name":"(anonymous_0)","decl":{"start":{"line":24,"column":23},"end":{"line":24,"column":24}},"loc":{"start":{"line":24,"column":44},"end":{"line":35,"column":1}},"line":24},"1":{"name":"(anonymous_1)","decl":{"start":{"line":38,"column":37},"end":{"line":38,"column":38}},"loc":{"start":{"line":38,"column":71},"end":{"line":40,"column":1}},"line":38}},"branchMap":{"0":{"loc":{"start":{"line":26,"column":2},"end":{"line":26,"column":50}},"type":"if","locations":[{"start":{"line":26,"column":2},"end":{"line":26,"column":50}},{"start":{},"end":{}}],"line":26}},"s":{"0":1,"1":1,"2":1,"3":1,"4":1,"5":1,"6":0,"7":1,"8":1,"9":1,"10":1,"11":0,"12":1,"13":0,"14":1},"f":{"0":1,"1":0},"b":{"0":[0,1]},"_coverageSchema":"1a1c01bbd47fc00a2c39e90264f33305004495a9","hash":"a1649cbfb405991481ec0e7fc2be61f68d0976f8"}
,"C:\\Users\\hp\\Documents\\GitHub\\PLP-MERN-WK-8-SOCKETIO-CHAT-LOCAL-ENHANCED\\socketio-chat\\server\\tests\\testUtils.js": {"path":"C:\\Users\\hp\\Documents\\GitHub\\PLP-MERN-WK-8-SOCKETIO-CHAT-LOCAL-ENHANCED\\socketio-chat\\server\\tests\\testUtils.js","statementMap":{"0":{"start":{"line":1,"column":19},"end":{"line":1,"column":39}},"1":{"start":{"line":2,"column":13},"end":{"line":2,"column":28}},"2":{"start":{"line":3,"column":12},"end":{"line":3,"column":32}},"3":{"start":{"line":5,"column":0},"end":{"line":24,"column":2}},"4":{"start":{"line":7,"column":23},"end":{"line":7,"column":45}},"5":{"start":{"line":8,"column":15},"end":{"line":11,"column":6}},"6":{"start":{"line":13,"column":4},"end":{"line":22,"column":7}},"7":{"start":{"line":14,"column":25},"end":{"line":21,"column":8}},"8":{"start":{"line":15,"column":8},"end":{"line":15,"column":82}},"9":{"start":{"line":16,"column":8},"end":{"line":20,"column":11}}},"fnMap":{"0":{"name":"(anonymous_0)","decl":{"start":{"line":6,"column":19},"end":{"line":6,"column":20}},"loc":{"start":{"line":6,"column":31},"end":{"line":23,"column":3}},"line":6},"1":{"name":"(anonymous_1)","decl":{"start":{"line":13,"column":23},"end":{"line":13,"column":24}},"loc":{"start":{"line":13,"column":36},"end":{"line":22,"column":5}},"line":13},"2":{"name":"(anonymous_2)","decl":{"start":{"line":14,"column":46},"end":{"line":14,"column":47}},"loc":{"start":{"line":14,"column":52},"end":{"line":21,"column":7}},"line":14}},"branchMap":{},"s":{"0":1,"1":1,"2":1,"3":1,"4":1,"5":1,"6":1,"7":1,"8":1,"9":1},"f":{"0":1,"1":1,"2":1},"b":{},"_coverageSchema":"1a1c01bbd47fc00a2c39e90264f33305004495a9","hash":"732aedc069a2ce0742f21715ac29492eae0154ef"}
,"C:\\Users\\hp\\Documents\\GitHub\\PLP-MERN-WK-8-SOCKETIO-CHAT-LOCAL-ENHANCED\\socketio-chat\\server\\utils\\colorful.js": {"path":"C:\\Users\\hp\\Documents\\GitHub\\PLP-MERN-WK-8-SOCKETIO-CHAT-LOCAL-ENHANCED\\socketio-chat\\server\\utils\\colorful.js","statementMap":{"0":{"start":{"line":1,"column":0},"end":{"line":8,"column":2}},"1":{"start":{"line":2,"column":21},"end":{"line":2,"column":45}},"2":{"start":{"line":3,"column":19},"end":{"line":3,"column":43}},"3":{"start":{"line":4,"column":18},"end":{"line":4,"column":42}},"4":{"start":{"line":5,"column":18},"end":{"line":5,"column":42}},"5":{"start":{"line":6,"column":19},"end":{"line":6,"column":43}},"6":{"start":{"line":7,"column":20},"end":{"line":7,"column":52}}},"fnMap":{"0":{"name":"(anonymous_0)","decl":{"start":{"line":2,"column":11},"end":{"line":2,"column":12}},"loc":{"start":{"line":2,"column":21},"end":{"line":2,"column":45}},"line":2},"1":{"name":"(anonymous_1)","decl":{"start":{"line":3,"column":9},"end":{"line":3,"column":10}},"loc":{"start":{"line":3,"column":19},"end":{"line":3,"column":43}},"line":3},"2":{"name":"(anonymous_2)","decl":{"start":{"line":4,"column":8},"end":{"line":4,"column":9}},"loc":{"start":{"line":4,"column":18},"end":{"line":4,"column":42}},"line":4},"3":{"name":"(anonymous_3)","decl":{"start":{"line":5,"column":8},"end":{"line":5,"column":9}},"loc":{"start":{"line":5,"column":18},"end":{"line":5,"column":42}},"line":5},"4":{"name":"(anonymous_4)","decl":{"start":{"line":6,"column":9},"end":{"line":6,"column":10}},"loc":{"start":{"line":6,"column":19},"end":{"line":6,"column":43}},"line":6},"5":{"name":"(anonymous_5)","decl":{"start":{"line":7,"column":10},"end":{"line":7,"column":11}},"loc":{"start":{"line":7,"column":20},"end":{"line":7,"column":52}},"line":7}},"branchMap":{},"s":{"0":1,"1":0,"2":0,"3":0,"4":0,"5":0,"6":0},"f":{"0":0,"1":0,"2":0,"3":0,"4":0,"5":0},"b":{},"_coverageSchema":"1a1c01bbd47fc00a2c39e90264f33305004495a9","hash":"1a6b28a64e0b8e0e9cc3810c36ce93797887d9a0"}
,"C:\\Users\\hp\\Documents\\GitHub\\PLP-MERN-WK-8-SOCKETIO-CHAT-LOCAL-ENHANCED\\socketio-chat\\server\\utils\\messageUtils.js": {"path":"C:\\Users\\hp\\Documents\\GitHub\\PLP-MERN-WK-8-SOCKETIO-CHAT-LOCAL-ENHANCED\\socketio-chat\\server\\utils\\messageUtils.js","statementMap":{"0":{"start":{"line":3,"column":2},"end":{"line":8,"column":4}},"1":{"start":{"line":11,"column":0},"end":{"line":11,"column":35}}},"fnMap":{"0":{"name":"formatMessage","decl":{"start":{"line":2,"column":9},"end":{"line":2,"column":22}},"loc":{"start":{"line":2,"column":35},"end":{"line":9,"column":1}},"line":2}},"branchMap":{},"s":{"0":1,"1":1},"f":{"0":1},"b":{},"_coverageSchema":"1a1c01bbd47fc00a2c39e90264f33305004495a9","hash":"f78a39f9536fe96847c0aa91b138a7e7682a7357"}
}
