{"C:\\Users\\hp\\Documents\\GitHub\\PLP-MERN-WK-8-SOCKETIO-CHAT-LOCAL-ENHANCED\\socketio-chat\\server\\utils\\messageUtils.js": {"path":"C:\\Users\\hp\\Documents\\GitHub\\PLP-MERN-WK-8-SOCKETIO-CHAT-LOCAL-ENHANCED\\socketio-chat\\server\\utils\\messageUtils.js","statementMap":{"0":{"start":{"line":3,"column":2},"end":{"line":8,"column":4}},"1":{"start":{"line":11,"column":0},"end":{"line":11,"column":35}}},"fnMap":{"0":{"name":"formatMessage","decl":{"start":{"line":2,"column":9},"end":{"line":2,"column":22}},"loc":{"start":{"line":2,"column":35},"end":{"line":9,"column":1}},"line":2}},"branchMap":{},"s":{"0":11,"1":1},"f":{"0":11},"b":{},"_coverageSchema":"1a1c01bbd47fc00a2c39e90264f33305004495a9","hash":"f78a39f9536fe96847c0aa91b138a7e7682a7357"}
}
