TN:
SF:server.js
FN:45,(anonymous_0)
FN:81,(anonymous_1)
FN:95,(anonymous_2)
FN:116,(anonymous_3)
FN:125,(anonymous_4)
FN:126,(anonymous_5)
FN:127,(anonymous_6)
FN:128,(anonymous_7)
FN:129,(anonymous_8)
FN:130,(anonymous_9)
FN:146,(anonymous_10)
FN:169,(anonymous_11)
FN:195,(anonymous_12)
FN:237,(anonymous_13)
FN:285,(anonymous_14)
FN:295,(anonymous_15)
FN:333,(anonymous_16)
FN:377,(anonymous_17)
FN:391,initializeDefaultRooms
FN:418,(anonymous_19)
FN:422,(anonymous_20)
FN:440,(anonymous_21)
FN:444,(anonymous_22)
FN:459,(anonymous_23)
FN:474,(anonymous_24)
FN:475,(anonymous_25)
FN:509,(anonymous_26)
FN:534,(anonymous_27)
FN:573,(anonymous_28)
FN:599,(anonymous_29)
FN:606,(anonymous_30)
FN:686,(anonymous_31)
FN:727,(anonymous_32)
FN:763,(anonymous_33)
FN:805,(anonymous_34)
FN:867,(anonymous_35)
FN:875,(anonymous_36)
FN:884,(anonymous_37)
FN:899,(anonymous_38)
FN:923,(anonymous_39)
FN:924,(anonymous_40)
FN:938,(anonymous_41)
FN:942,(anonymous_42)
FN:948,(anonymous_43)
FN:969,(anonymous_44)
FN:973,(anonymous_45)
FN:986,(anonymous_46)
FN:994,(anonymous_47)
FN:996,(anonymous_48)
FN:1005,(anonymous_49)
FNF:50
FNH:0
FNDA:0,(anonymous_0)
FNDA:0,(anonymous_1)
FNDA:0,(anonymous_2)
FNDA:0,(anonymous_3)
FNDA:0,(anonymous_4)
FNDA:0,(anonymous_5)
FNDA:0,(anonymous_6)
FNDA:0,(anonymous_7)
FNDA:0,(anonymous_8)
FNDA:0,(anonymous_9)
FNDA:0,(anonymous_10)
FNDA:0,(anonymous_11)
FNDA:0,(anonymous_12)
FNDA:0,(anonymous_13)
FNDA:0,(anonymous_14)
FNDA:0,(anonymous_15)
FNDA:0,(anonymous_16)
FNDA:0,(anonymous_17)
FNDA:0,initializeDefaultRooms
FNDA:0,(anonymous_19)
FNDA:0,(anonymous_20)
FNDA:0,(anonymous_21)
FNDA:0,(anonymous_22)
FNDA:0,(anonymous_23)
FNDA:0,(anonymous_24)
FNDA:0,(anonymous_25)
FNDA:0,(anonymous_26)
FNDA:0,(anonymous_27)
FNDA:0,(anonymous_28)
FNDA:0,(anonymous_29)
FNDA:0,(anonymous_30)
FNDA:0,(anonymous_31)
FNDA:0,(anonymous_32)
FNDA:0,(anonymous_33)
FNDA:0,(anonymous_34)
FNDA:0,(anonymous_35)
FNDA:0,(anonymous_36)
FNDA:0,(anonymous_37)
FNDA:0,(anonymous_38)
FNDA:0,(anonymous_39)
FNDA:0,(anonymous_40)
FNDA:0,(anonymous_41)
FNDA:0,(anonymous_42)
FNDA:0,(anonymous_43)
FNDA:0,(anonymous_44)
FNDA:0,(anonymous_45)
FNDA:0,(anonymous_46)
FNDA:0,(anonymous_47)
FNDA:0,(anonymous_48)
FNDA:0,(anonymous_49)
DA:1,1
DA:2,1
DA:3,1
DA:4,1
DA:5,1
DA:6,1
DA:7,1
DA:8,1
DA:10,1
DA:11,1
DA:12,1
DA:13,1
DA:14,1
DA:15,1
DA:16,1
DA:17,1
DA:18,1
DA:19,1
DA:21,1
DA:22,1
DA:25,1
DA:34,1
DA:44,1
DA:46,0
DA:47,0
DA:50,0
DA:52,0
DA:53,0
DA:55,0
DA:56,0
DA:58,0
DA:59,0
DA:61,0
DA:62,0
DA:63,0
DA:64,0
DA:65,0
DA:66,0
DA:68,0
DA:70,0
DA:72,0
DA:75,0
DA:76,0
DA:77,0
DA:79,0
DA:82,0
DA:83,0
DA:84,0
DA:85,0
DA:86,0
DA:90,1
DA:96,0
DA:106,0
DA:107,0
DA:109,0
DA:115,1
DA:117,0
DA:118,0
DA:119,0
DA:124,1
DA:125,0
DA:126,0
DA:127,0
DA:128,0
DA:129,0
DA:130,0
DA:134,1
DA:135,1
DA:136,1
DA:137,1
DA:140,1
DA:141,1
DA:145,1
DA:147,0
DA:148,0
DA:150,0
DA:151,0
DA:153,0
DA:154,0
DA:163,1
DA:164,1
DA:165,1
DA:168,1
DA:169,1
DA:170,0
DA:171,0
DA:178,0
DA:181,0
DA:195,1
DA:196,0
DA:197,0
DA:199,0
DA:201,0
DA:202,0
DA:203,0
DA:209,0
DA:210,0
DA:211,0
DA:212,0
DA:218,0
DA:219,0
DA:221,0
DA:222,0
DA:224,0
DA:229,0
DA:230,0
DA:237,1
DA:238,0
DA:239,0
DA:240,0
DA:242,0
DA:243,0
DA:244,0
DA:250,0
DA:252,0
DA:253,0
DA:254,0
DA:260,0
DA:261,0
DA:262,0
DA:263,0
DA:269,0
DA:270,0
DA:275,0
DA:276,0
DA:285,1
DA:286,0
DA:287,0
DA:288,0
DA:289,0
DA:292,0
DA:295,0
DA:296,0
DA:297,0
DA:298,0
DA:299,0
DA:300,0
DA:301,0
DA:302,0
DA:305,0
DA:307,0
DA:309,0
DA:324,0
DA:325,0
DA:333,1
DA:334,0
DA:342,0
DA:351,0
DA:360,1
DA:374,1
DA:377,1
DA:378,0
DA:386,0
DA:387,0
DA:392,0
DA:393,0
DA:401,0
DA:403,0
DA:404,0
DA:405,0
DA:406,0
DA:407,0
DA:409,0
DA:413,0
DA:418,1
DA:419,0
DA:422,0
DA:423,0
DA:424,0
DA:425,0
DA:428,0
DA:431,0
DA:432,0
DA:434,0
DA:436,0
DA:440,0
DA:441,0
DA:442,0
DA:443,0
DA:444,0
DA:450,0
DA:451,0
DA:453,0
DA:454,0
DA:459,0
DA:460,0
DA:461,0
DA:463,0
DA:464,0
DA:467,0
DA:468,0
DA:469,0
DA:473,0
DA:474,0
DA:476,0
DA:477,0
DA:478,0
DA:479,0
DA:480,0
DA:485,0
DA:486,0
DA:487,0
DA:488,0
DA:491,0
DA:492,0
DA:493,0
DA:497,0
DA:505,0
DA:509,0
DA:510,0
DA:511,0
DA:517,0
DA:520,0
DA:525,0
DA:528,0
DA:529,0
DA:534,0
DA:535,0
DA:536,0
DA:538,0
DA:539,0
DA:540,0
DA:544,0
DA:545,0
DA:548,0
DA:549,0
DA:551,0
DA:552,0
DA:553,0
DA:556,0
DA:565,0
DA:568,0
DA:569,0
DA:572,0
DA:573,0
DA:581,0
DA:584,0
DA:591,0
DA:593,0
DA:594,0
DA:599,0
DA:600,0
DA:601,0
DA:602,0
DA:603,0
DA:606,0
DA:608,0
DA:609,0
DA:612,0
DA:613,0
DA:614,0
DA:618,0
DA:619,0
DA:620,0
DA:624,0
DA:633,0
DA:634,0
DA:640,0
DA:644,0
DA:647,0
DA:648,0
DA:651,0
DA:662,0
DA:663,0
DA:667,0
DA:668,0
DA:669,0
DA:673,0
DA:675,0
DA:677,0
DA:678,0
DA:686,0
DA:687,0
DA:688,0
DA:689,0
DA:690,0
DA:691,0
DA:694,0
DA:695,0
DA:696,0
DA:700,0
DA:701,0
DA:702,0
DA:703,0
DA:707,0
DA:708,0
DA:709,0
DA:713,0
DA:714,0
DA:715,0
DA:721,0
DA:723,0
DA:727,0
DA:728,0
DA:729,0
DA:732,0
DA:733,0
DA:735,0
DA:736,0
DA:737,0
DA:741,0
DA:748,0
DA:755,0
DA:757,0
DA:758,0
DA:763,0
DA:764,0
DA:765,0
DA:766,0
DA:767,0
DA:768,0
DA:771,0
DA:772,0
DA:773,0
DA:777,0
DA:778,0
DA:779,0
DA:780,0
DA:784,0
DA:785,0
DA:786,0
DA:789,0
DA:790,0
DA:791,0
DA:797,0
DA:799,0
DA:805,0
DA:806,0
DA:807,0
DA:808,0
DA:809,0
DA:810,0
DA:813,0
DA:814,0
DA:815,0
DA:816,0
DA:820,0
DA:822,0
DA:823,0
DA:824,0
DA:827,0
DA:828,0
DA:829,0
DA:830,0
DA:833,0
DA:835,0
DA:836,0
DA:837,0
DA:840,0
DA:841,0
DA:842,0
DA:843,0
DA:845,0
DA:849,0
DA:858,0
DA:859,0
DA:867,0
DA:868,0
DA:869,0
DA:871,0
DA:872,0
DA:875,0
DA:876,0
DA:877,0
DA:879,0
DA:880,0
DA:884,0
DA:885,0
DA:886,0
DA:887,0
DA:890,0
DA:891,0
DA:892,0
DA:895,0
DA:896,0
DA:899,0
DA:900,0
DA:901,0
DA:902,0
DA:903,0
DA:905,0
DA:909,0
DA:914,0
DA:920,0
DA:923,0
DA:924,0
DA:930,0
DA:933,0
DA:938,0
DA:939,0
DA:940,0
DA:942,0
DA:943,0
DA:944,0
DA:948,0
DA:949,0
DA:950,0
DA:955,1
DA:968,1
DA:969,0
DA:970,0
DA:972,0
DA:973,0
DA:974,0
DA:975,0
DA:987,0
DA:988,0
DA:993,1
DA:994,1
DA:996,0
DA:997,0
DA:998,0
DA:1005,0
DA:1006,0
DA:1016,1
LF:415
LH:51
BRDA:50,0,0,0
BRDA:50,0,1,0
BRDA:50,0,2,0
BRDA:50,0,3,0
BRDA:50,0,4,0
BRDA:61,1,0,0
BRDA:61,1,1,0
BRDA:63,2,0,0
BRDA:63,2,1,0
BRDA:63,3,0,0
BRDA:63,3,1,0
BRDA:65,4,0,0
BRDA:65,4,1,0
BRDA:65,5,0,0
BRDA:65,5,1,0
BRDA:75,6,0,0
BRDA:75,6,1,0
BRDA:106,7,0,0
BRDA:106,7,1,0
BRDA:141,8,0,0
BRDA:141,8,1,1
BRDA:147,9,0,0
BRDA:147,9,1,0
BRDA:147,10,0,0
BRDA:147,10,1,0
BRDA:150,11,0,0
BRDA:150,11,1,0
BRDA:178,12,0,0
BRDA:178,12,1,0
BRDA:179,13,0,0
BRDA:179,13,1,0
BRDA:201,14,0,0
BRDA:201,14,1,0
BRDA:201,15,0,0
BRDA:201,15,1,0
BRDA:210,16,0,0
BRDA:210,16,1,0
BRDA:242,17,0,0
BRDA:242,17,1,0
BRDA:242,18,0,0
BRDA:242,18,1,0
BRDA:252,19,0,0
BRDA:252,19,1,0
BRDA:261,20,0,0
BRDA:261,20,1,0
BRDA:287,21,0,0
BRDA:287,21,1,0
BRDA:296,22,0,0
BRDA:296,22,1,0
BRDA:297,23,0,0
BRDA:297,23,1,0
BRDA:298,24,0,0
BRDA:298,24,1,0
BRDA:299,25,0,0
BRDA:299,25,1,0
BRDA:300,26,0,0
BRDA:300,26,1,0
BRDA:301,27,0,0
BRDA:301,27,1,0
BRDA:327,28,0,0
BRDA:327,28,1,0
BRDA:337,29,0,0
BRDA:337,29,1,0
BRDA:405,30,0,0
BRDA:405,30,1,0
BRDA:423,31,0,0
BRDA:423,31,1,0
BRDA:431,32,0,0
BRDA:431,32,1,0
BRDA:446,33,0,0
BRDA:446,33,1,0
BRDA:463,34,0,0
BRDA:463,34,1,0
BRDA:463,35,0,0
BRDA:463,35,1,0
BRDA:468,36,0,0
BRDA:468,36,1,0
BRDA:478,37,0,0
BRDA:478,37,1,0
BRDA:478,38,0,0
BRDA:478,38,1,0
BRDA:480,39,0,0
BRDA:480,39,1,0
BRDA:486,40,0,0
BRDA:486,40,1,0
BRDA:491,41,0,0
BRDA:491,41,1,0
BRDA:510,42,0,0
BRDA:510,42,1,0
BRDA:538,43,0,0
BRDA:538,43,1,0
BRDA:538,44,0,0
BRDA:538,44,1,0
BRDA:544,45,0,0
BRDA:544,45,1,0
BRDA:551,46,0,0
BRDA:551,46,1,0
BRDA:575,47,0,0
BRDA:575,47,1,0
BRDA:602,48,0,0
BRDA:602,48,1,0
BRDA:608,49,0,0
BRDA:608,49,1,0
BRDA:613,50,0,0
BRDA:613,50,1,0
BRDA:618,51,0,0
BRDA:618,51,1,0
BRDA:618,52,0,0
BRDA:618,52,1,0
BRDA:633,53,0,0
BRDA:633,53,1,0
BRDA:658,54,0,0
BRDA:658,54,1,0
BRDA:662,55,0,0
BRDA:662,55,1,0
BRDA:667,56,0,0
BRDA:667,56,1,0
BRDA:675,57,0,0
BRDA:675,57,1,0
BRDA:689,58,0,0
BRDA:689,58,1,0
BRDA:694,59,0,0
BRDA:694,59,1,0
BRDA:701,60,0,0
BRDA:701,60,1,0
BRDA:707,61,0,0
BRDA:707,61,1,0
BRDA:714,62,0,0
BRDA:714,62,1,0
BRDA:735,63,0,0
BRDA:735,63,1,0
BRDA:749,64,0,0
BRDA:749,64,1,0
BRDA:755,65,0,0
BRDA:755,65,1,0
BRDA:766,66,0,0
BRDA:766,66,1,0
BRDA:771,67,0,0
BRDA:771,67,1,0
BRDA:778,68,0,0
BRDA:778,68,1,0
BRDA:784,69,0,0
BRDA:784,69,1,0
BRDA:790,70,0,0
BRDA:790,70,1,0
BRDA:808,71,0,0
BRDA:808,71,1,0
BRDA:814,72,0,0
BRDA:814,72,1,0
BRDA:820,73,0,0
BRDA:820,73,1,0
BRDA:822,74,0,0
BRDA:822,74,1,0
BRDA:822,75,0,0
BRDA:822,75,1,0
BRDA:828,76,0,0
BRDA:828,76,1,0
BRDA:833,77,0,0
BRDA:833,77,1,0
BRDA:840,78,0,0
BRDA:840,78,1,0
BRDA:841,79,0,0
BRDA:841,79,1,0
BRDA:853,80,0,0
BRDA:853,80,1,0
BRDA:869,81,0,0
BRDA:869,81,1,0
BRDA:877,82,0,0
BRDA:877,82,1,0
BRDA:886,83,0,0
BRDA:886,83,1,0
BRDA:890,84,0,0
BRDA:890,84,1,0
BRDA:895,85,0,0
BRDA:895,85,1,0
BRDA:900,86,0,0
BRDA:900,86,1,0
BRDA:902,87,0,0
BRDA:902,87,1,0
BRDA:926,88,0,0
BRDA:926,88,1,0
BRDA:958,89,0,1
BRDA:958,89,1,1
BRDA:959,90,0,1
BRDA:959,90,1,1
BRDA:961,91,0,0
BRDA:961,91,1,1
BRDA:968,92,0,0
BRDA:968,92,1,1
BRDA:968,93,0,1
BRDA:968,93,1,0
BRDA:972,94,0,0
BRDA:972,94,1,0
BRDA:993,95,0,1
BRDA:993,95,1,0
BRF:195
BRH:9
end_of_record
TN:
SF:config\db.js
FN:4,(anonymous_0)
FN:51,(anonymous_1)
FN:57,(anonymous_2)
FNF:3
FNH:1
FNDA:1,(anonymous_0)
FNDA:0,(anonymous_1)
FNDA:0,(anonymous_2)
DA:1,1
DA:2,1
DA:4,1
DA:5,1
DA:7,1
DA:11,1
DA:12,0
DA:16,1
DA:24,1
DA:25,1
DA:26,1
DA:29,1
DA:30,1
DA:32,1
DA:34,1
DA:35,1
DA:36,1
DA:37,1
DA:39,0
DA:40,0
DA:41,0
DA:42,0
DA:43,0
DA:44,0
DA:49,1
DA:52,0
DA:53,0
DA:54,0
DA:58,0
DA:59,0
DA:60,0
DA:65,1
LF:32
LH:19
BRDA:7,0,0,1
BRDA:7,0,1,0
BRDA:8,1,0,1
BRDA:8,1,1,1
BRDA:9,2,0,0
BRDA:9,2,1,0
BRDA:11,3,0,0
BRDA:11,3,1,1
BRDA:24,4,0,1
BRDA:24,4,1,0
BRDA:36,5,0,1
BRDA:36,5,1,0
BRDA:36,6,0,0
BRDA:36,6,1,0
BRDA:52,7,0,0
BRDA:52,7,1,0
BRDA:58,8,0,0
BRDA:58,8,1,0
BRF:18
BRH:6
end_of_record
TN:
SF:models\Message.js
FNF:0
FNH:0
DA:1,1
DA:3,1
DA:20,1
LF:3
LH:3
BRF:0
BRH:0
end_of_record
TN:
SF:models\Room.js
FN:53,(anonymous_0)
FN:57,(anonymous_1)
FNF:2
FNH:0
FNDA:0,(anonymous_0)
FNDA:0,(anonymous_1)
DA:1,1
DA:3,1
DA:53,1
DA:54,0
DA:57,1
DA:58,0
DA:59,0
DA:61,0
DA:64,1
LF:9
LH:5
BRDA:58,0,0,0
BRDA:58,0,1,0
BRF:2
BRH:0
end_of_record
TN:
SF:models\User.js
FN:24,(anonymous_0)
FN:38,(anonymous_1)
FNF:2
FNH:0
FNDA:0,(anonymous_0)
FNDA:0,(anonymous_1)
DA:1,1
DA:2,1
DA:3,1
DA:5,1
DA:24,1
DA:26,0
DA:28,0
DA:29,0
DA:30,0
DA:31,0
DA:33,0
DA:38,1
DA:39,0
DA:42,1
LF:14
LH:7
BRDA:26,0,0,0
BRDA:26,0,1,0
BRF:2
BRH:0
end_of_record
TN:
SF:tests\testUtils.js
FN:8,startTestServer
FN:12,(anonymous_1)
FN:30,(anonymous_2)
FN:48,stopTestServer
FN:52,(anonymous_4)
FN:55,(anonymous_5)
FNF:6
FNH:5
FNDA:1,startTestServer
FNDA:1,(anonymous_1)
FNDA:1,(anonymous_2)
FNDA:1,stopTestServer
FNDA:1,(anonymous_4)
FNDA:0,(anonymous_5)
DA:1,1
DA:2,1
DA:3,1
DA:4,1
DA:9,1
DA:10,1
DA:12,1
DA:13,1
DA:16,1
DA:30,1
DA:31,1
DA:32,1
DA:33,1
DA:40,1
DA:43,0
DA:44,0
DA:49,1
DA:50,1
DA:51,1
DA:52,1
DA:54,0
DA:55,0
DA:57,0
DA:58,0
DA:60,0
DA:61,0
DA:65,1
LF:27
LH:19
BRDA:50,0,0,1
BRDA:50,0,1,0
BRDA:54,1,0,0
BRDA:54,1,1,0
BRF:4
BRH:1
end_of_record
TN:
SF:utils\colorful.js
FN:2,(anonymous_0)
FN:3,(anonymous_1)
FN:4,(anonymous_2)
FN:5,(anonymous_3)
FN:6,(anonymous_4)
FN:7,(anonymous_5)
FNF:6
FNH:2
FNDA:4,(anonymous_0)
FNDA:0,(anonymous_1)
FNDA:2,(anonymous_2)
FNDA:0,(anonymous_3)
FNDA:0,(anonymous_4)
FNDA:0,(anonymous_5)
DA:1,1
DA:2,4
DA:3,0
DA:4,2
DA:5,0
DA:6,0
DA:7,0
LF:7
LH:3
BRF:0
BRH:0
end_of_record
TN:
SF:utils\messageUtils.js
FN:2,formatMessage
FNF:1
FNH:1
FNDA:1,formatMessage
DA:3,1
DA:11,1
LF:2
LH:2
BRF:0
BRH:0
end_of_record
