TN:
SF:server.js
FN:45,(anonymous_0)
FN:81,(anonymous_1)
FN:95,(anonymous_2)
FN:116,(anonymous_3)
FN:125,(anonymous_4)
FN:126,(anonymous_5)
FN:127,(anonymous_6)
FN:128,(anonymous_7)
FN:129,(anonymous_8)
FN:130,(anonymous_9)
FN:146,(anonymous_10)
FN:169,(anonymous_11)
FN:195,(anonymous_12)
FN:237,(anonymous_13)
FN:285,(anonymous_14)
FN:295,(anonymous_15)
FN:333,(anonymous_16)
FN:384,(anonymous_17)
FN:398,initializeDefaultRooms
FN:425,(anonymous_19)
FN:429,(anonymous_20)
FN:447,(anonymous_21)
FN:451,(anonymous_22)
FN:466,(anonymous_23)
FN:481,(anonymous_24)
FN:482,(anonymous_25)
FN:516,(anonymous_26)
FN:541,(anonymous_27)
FN:580,(anonymous_28)
FN:606,(anonymous_29)
FN:613,(anonymous_30)
FN:693,(anonymous_31)
FN:734,(anonymous_32)
FN:770,(anonymous_33)
FN:812,(anonymous_34)
FN:870,(anonymous_35)
FN:878,(anonymous_36)
FN:887,(anonymous_37)
FN:902,(anonymous_38)
FN:926,(anonymous_39)
FN:927,(anonymous_40)
FN:941,(anonymous_41)
FN:945,(anonymous_42)
FN:951,(anonymous_43)
FN:972,(anonymous_44)
FN:976,(anonymous_45)
FN:989,(anonymous_46)
FN:997,(anonymous_47)
FN:999,(anonymous_48)
FN:1008,(anonymous_49)
FNF:50
FNH:0
FNDA:0,(anonymous_0)
FNDA:0,(anonymous_1)
FNDA:0,(anonymous_2)
FNDA:0,(anonymous_3)
FNDA:0,(anonymous_4)
FNDA:0,(anonymous_5)
FNDA:0,(anonymous_6)
FNDA:0,(anonymous_7)
FNDA:0,(anonymous_8)
FNDA:0,(anonymous_9)
FNDA:0,(anonymous_10)
FNDA:0,(anonymous_11)
FNDA:0,(anonymous_12)
FNDA:0,(anonymous_13)
FNDA:0,(anonymous_14)
FNDA:0,(anonymous_15)
FNDA:0,(anonymous_16)
FNDA:0,(anonymous_17)
FNDA:0,initializeDefaultRooms
FNDA:0,(anonymous_19)
FNDA:0,(anonymous_20)
FNDA:0,(anonymous_21)
FNDA:0,(anonymous_22)
FNDA:0,(anonymous_23)
FNDA:0,(anonymous_24)
FNDA:0,(anonymous_25)
FNDA:0,(anonymous_26)
FNDA:0,(anonymous_27)
FNDA:0,(anonymous_28)
FNDA:0,(anonymous_29)
FNDA:0,(anonymous_30)
FNDA:0,(anonymous_31)
FNDA:0,(anonymous_32)
FNDA:0,(anonymous_33)
FNDA:0,(anonymous_34)
FNDA:0,(anonymous_35)
FNDA:0,(anonymous_36)
FNDA:0,(anonymous_37)
FNDA:0,(anonymous_38)
FNDA:0,(anonymous_39)
FNDA:0,(anonymous_40)
FNDA:0,(anonymous_41)
FNDA:0,(anonymous_42)
FNDA:0,(anonymous_43)
FNDA:0,(anonymous_44)
FNDA:0,(anonymous_45)
FNDA:0,(anonymous_46)
FNDA:0,(anonymous_47)
FNDA:0,(anonymous_48)
FNDA:0,(anonymous_49)
DA:1,1
DA:2,1
DA:3,1
DA:4,1
DA:5,1
DA:6,1
DA:7,1
DA:8,1
DA:10,1
DA:11,1
DA:12,1
DA:13,1
DA:14,1
DA:15,1
DA:16,1
DA:17,1
DA:18,1
DA:19,1
DA:21,1
DA:22,1
DA:25,1
DA:34,1
DA:44,1
DA:46,0
DA:47,0
DA:50,0
DA:52,0
DA:53,0
DA:55,0
DA:56,0
DA:58,0
DA:59,0
DA:61,0
DA:62,0
DA:63,0
DA:64,0
DA:65,0
DA:66,0
DA:68,0
DA:70,0
DA:72,0
DA:75,0
DA:76,0
DA:77,0
DA:79,0
DA:82,0
DA:83,0
DA:84,0
DA:85,0
DA:86,0
DA:90,1
DA:96,0
DA:106,0
DA:107,0
DA:109,0
DA:115,1
DA:117,0
DA:118,0
DA:119,0
DA:124,1
DA:125,0
DA:126,0
DA:127,0
DA:128,0
DA:129,0
DA:130,0
DA:134,1
DA:135,1
DA:136,1
DA:137,1
DA:140,1
DA:141,1
DA:145,1
DA:147,0
DA:148,0
DA:150,0
DA:151,0
DA:153,0
DA:154,0
DA:163,1
DA:164,1
DA:165,1
DA:168,1
DA:169,1
DA:170,0
DA:171,0
DA:178,0
DA:181,0
DA:195,1
DA:196,0
DA:197,0
DA:199,0
DA:201,0
DA:202,0
DA:203,0
DA:209,0
DA:210,0
DA:211,0
DA:212,0
DA:218,0
DA:219,0
DA:221,0
DA:222,0
DA:224,0
DA:229,0
DA:230,0
DA:237,1
DA:238,0
DA:239,0
DA:240,0
DA:242,0
DA:243,0
DA:244,0
DA:250,0
DA:252,0
DA:253,0
DA:254,0
DA:260,0
DA:261,0
DA:262,0
DA:263,0
DA:269,0
DA:270,0
DA:275,0
DA:276,0
DA:285,1
DA:286,0
DA:287,0
DA:288,0
DA:289,0
DA:292,0
DA:295,0
DA:296,0
DA:297,0
DA:298,0
DA:299,0
DA:300,0
DA:301,0
DA:302,0
DA:305,0
DA:307,0
DA:309,0
DA:324,0
DA:325,0
DA:333,1
DA:334,0
DA:342,0
DA:351,0
DA:360,1
DA:381,1
DA:384,1
DA:385,0
DA:393,0
DA:394,0
DA:399,0
DA:400,0
DA:408,0
DA:410,0
DA:411,0
DA:412,0
DA:413,0
DA:414,0
DA:416,0
DA:420,0
DA:425,1
DA:426,0
DA:429,0
DA:430,0
DA:431,0
DA:432,0
DA:435,0
DA:438,0
DA:439,0
DA:441,0
DA:443,0
DA:447,0
DA:448,0
DA:449,0
DA:450,0
DA:451,0
DA:457,0
DA:458,0
DA:460,0
DA:461,0
DA:466,0
DA:467,0
DA:468,0
DA:470,0
DA:471,0
DA:474,0
DA:475,0
DA:476,0
DA:480,0
DA:481,0
DA:483,0
DA:484,0
DA:485,0
DA:486,0
DA:487,0
DA:492,0
DA:493,0
DA:494,0
DA:495,0
DA:498,0
DA:499,0
DA:500,0
DA:504,0
DA:512,0
DA:516,0
DA:517,0
DA:518,0
DA:524,0
DA:527,0
DA:532,0
DA:535,0
DA:536,0
DA:541,0
DA:542,0
DA:543,0
DA:545,0
DA:546,0
DA:547,0
DA:551,0
DA:552,0
DA:555,0
DA:556,0
DA:558,0
DA:559,0
DA:560,0
DA:563,0
DA:572,0
DA:575,0
DA:576,0
DA:579,0
DA:580,0
DA:588,0
DA:591,0
DA:598,0
DA:600,0
DA:601,0
DA:606,0
DA:607,0
DA:608,0
DA:609,0
DA:610,0
DA:613,0
DA:615,0
DA:616,0
DA:619,0
DA:620,0
DA:621,0
DA:625,0
DA:626,0
DA:627,0
DA:631,0
DA:640,0
DA:641,0
DA:647,0
DA:651,0
DA:654,0
DA:655,0
DA:658,0
DA:669,0
DA:670,0
DA:674,0
DA:675,0
DA:676,0
DA:680,0
DA:682,0
DA:684,0
DA:685,0
DA:693,0
DA:694,0
DA:695,0
DA:696,0
DA:697,0
DA:698,0
DA:701,0
DA:702,0
DA:703,0
DA:707,0
DA:708,0
DA:709,0
DA:710,0
DA:714,0
DA:715,0
DA:716,0
DA:720,0
DA:721,0
DA:722,0
DA:728,0
DA:730,0
DA:734,0
DA:735,0
DA:736,0
DA:739,0
DA:740,0
DA:742,0
DA:743,0
DA:744,0
DA:748,0
DA:755,0
DA:762,0
DA:764,0
DA:765,0
DA:770,0
DA:771,0
DA:772,0
DA:773,0
DA:774,0
DA:775,0
DA:778,0
DA:779,0
DA:780,0
DA:784,0
DA:785,0
DA:786,0
DA:787,0
DA:791,0
DA:792,0
DA:793,0
DA:796,0
DA:797,0
DA:798,0
DA:804,0
DA:806,0
DA:812,0
DA:813,0
DA:814,0
DA:815,0
DA:816,0
DA:817,0
DA:820,0
DA:821,0
DA:822,0
DA:823,0
DA:826,0
DA:828,0
DA:829,0
DA:830,0
DA:833,0
DA:834,0
DA:835,0
DA:836,0
DA:839,0
DA:840,0
DA:841,0
DA:843,0
DA:844,0
DA:845,0
DA:846,0
DA:850,0
DA:858,0
DA:861,0
DA:862,0
DA:863,0
DA:870,0
DA:871,0
DA:872,0
DA:874,0
DA:875,0
DA:878,0
DA:879,0
DA:880,0
DA:882,0
DA:883,0
DA:887,0
DA:888,0
DA:889,0
DA:890,0
DA:893,0
DA:894,0
DA:895,0
DA:898,0
DA:899,0
DA:902,0
DA:903,0
DA:904,0
DA:905,0
DA:906,0
DA:908,0
DA:912,0
DA:917,0
DA:923,0
DA:926,0
DA:927,0
DA:933,0
DA:936,0
DA:941,0
DA:942,0
DA:943,0
DA:945,0
DA:946,0
DA:947,0
DA:951,0
DA:952,0
DA:953,0
DA:958,1
DA:971,1
DA:972,0
DA:973,0
DA:975,0
DA:976,0
DA:977,0
DA:978,0
DA:990,0
DA:991,0
DA:996,1
DA:997,1
DA:999,0
DA:1000,0
DA:1001,0
DA:1008,0
DA:1009,0
DA:1019,1
LF:415
LH:51
BRDA:50,0,0,0
BRDA:50,0,1,0
BRDA:50,0,2,0
BRDA:50,0,3,0
BRDA:50,0,4,0
BRDA:61,1,0,0
BRDA:61,1,1,0
BRDA:63,2,0,0
BRDA:63,2,1,0
BRDA:63,3,0,0
BRDA:63,3,1,0
BRDA:65,4,0,0
BRDA:65,4,1,0
BRDA:65,5,0,0
BRDA:65,5,1,0
BRDA:75,6,0,0
BRDA:75,6,1,0
BRDA:106,7,0,0
BRDA:106,7,1,0
BRDA:141,8,0,0
BRDA:141,8,1,1
BRDA:147,9,0,0
BRDA:147,9,1,0
BRDA:147,10,0,0
BRDA:147,10,1,0
BRDA:150,11,0,0
BRDA:150,11,1,0
BRDA:178,12,0,0
BRDA:178,12,1,0
BRDA:179,13,0,0
BRDA:179,13,1,0
BRDA:201,14,0,0
BRDA:201,14,1,0
BRDA:201,15,0,0
BRDA:201,15,1,0
BRDA:210,16,0,0
BRDA:210,16,1,0
BRDA:242,17,0,0
BRDA:242,17,1,0
BRDA:242,18,0,0
BRDA:242,18,1,0
BRDA:252,19,0,0
BRDA:252,19,1,0
BRDA:261,20,0,0
BRDA:261,20,1,0
BRDA:287,21,0,0
BRDA:287,21,1,0
BRDA:296,22,0,0
BRDA:296,22,1,0
BRDA:297,23,0,0
BRDA:297,23,1,0
BRDA:298,24,0,0
BRDA:298,24,1,0
BRDA:299,25,0,0
BRDA:299,25,1,0
BRDA:300,26,0,0
BRDA:300,26,1,0
BRDA:301,27,0,0
BRDA:301,27,1,0
BRDA:327,28,0,0
BRDA:327,28,1,0
BRDA:337,29,0,0
BRDA:337,29,1,0
BRDA:360,30,0,1
BRDA:360,30,1,0
BRDA:412,31,0,0
BRDA:412,31,1,0
BRDA:430,32,0,0
BRDA:430,32,1,0
BRDA:438,33,0,0
BRDA:438,33,1,0
BRDA:453,34,0,0
BRDA:453,34,1,0
BRDA:470,35,0,0
BRDA:470,35,1,0
BRDA:470,36,0,0
BRDA:470,36,1,0
BRDA:475,37,0,0
BRDA:475,37,1,0
BRDA:485,38,0,0
BRDA:485,38,1,0
BRDA:485,39,0,0
BRDA:485,39,1,0
BRDA:487,40,0,0
BRDA:487,40,1,0
BRDA:493,41,0,0
BRDA:493,41,1,0
BRDA:498,42,0,0
BRDA:498,42,1,0
BRDA:517,43,0,0
BRDA:517,43,1,0
BRDA:545,44,0,0
BRDA:545,44,1,0
BRDA:545,45,0,0
BRDA:545,45,1,0
BRDA:551,46,0,0
BRDA:551,46,1,0
BRDA:558,47,0,0
BRDA:558,47,1,0
BRDA:582,48,0,0
BRDA:582,48,1,0
BRDA:609,49,0,0
BRDA:609,49,1,0
BRDA:615,50,0,0
BRDA:615,50,1,0
BRDA:620,51,0,0
BRDA:620,51,1,0
BRDA:625,52,0,0
BRDA:625,52,1,0
BRDA:625,53,0,0
BRDA:625,53,1,0
BRDA:640,54,0,0
BRDA:640,54,1,0
BRDA:665,55,0,0
BRDA:665,55,1,0
BRDA:669,56,0,0
BRDA:669,56,1,0
BRDA:674,57,0,0
BRDA:674,57,1,0
BRDA:682,58,0,0
BRDA:682,58,1,0
BRDA:696,59,0,0
BRDA:696,59,1,0
BRDA:701,60,0,0
BRDA:701,60,1,0
BRDA:708,61,0,0
BRDA:708,61,1,0
BRDA:714,62,0,0
BRDA:714,62,1,0
BRDA:721,63,0,0
BRDA:721,63,1,0
BRDA:742,64,0,0
BRDA:742,64,1,0
BRDA:756,65,0,0
BRDA:756,65,1,0
BRDA:762,66,0,0
BRDA:762,66,1,0
BRDA:773,67,0,0
BRDA:773,67,1,0
BRDA:778,68,0,0
BRDA:778,68,1,0
BRDA:785,69,0,0
BRDA:785,69,1,0
BRDA:791,70,0,0
BRDA:791,70,1,0
BRDA:797,71,0,0
BRDA:797,71,1,0
BRDA:815,72,0,0
BRDA:815,72,1,0
BRDA:816,73,0,0
BRDA:816,73,1,0
BRDA:821,74,0,0
BRDA:821,74,1,0
BRDA:822,75,0,0
BRDA:822,75,1,0
BRDA:828,76,0,0
BRDA:828,76,1,0
BRDA:828,77,0,0
BRDA:828,77,1,0
BRDA:829,78,0,0
BRDA:829,78,1,0
BRDA:834,79,0,0
BRDA:834,79,1,0
BRDA:835,80,0,0
BRDA:835,80,1,0
BRDA:839,81,0,0
BRDA:839,81,1,0
BRDA:843,82,0,0
BRDA:843,82,1,0
BRDA:844,83,0,0
BRDA:844,83,1,0
BRDA:852,84,0,0
BRDA:852,84,1,0
BRDA:854,85,0,0
BRDA:854,85,1,0
BRDA:858,86,0,0
BRDA:858,86,1,0
BRDA:862,87,0,0
BRDA:862,87,1,0
BRDA:872,88,0,0
BRDA:872,88,1,0
BRDA:880,89,0,0
BRDA:880,89,1,0
BRDA:889,90,0,0
BRDA:889,90,1,0
BRDA:893,91,0,0
BRDA:893,91,1,0
BRDA:898,92,0,0
BRDA:898,92,1,0
BRDA:903,93,0,0
BRDA:903,93,1,0
BRDA:905,94,0,0
BRDA:905,94,1,0
BRDA:929,95,0,0
BRDA:929,95,1,0
BRDA:961,96,0,1
BRDA:961,96,1,1
BRDA:962,97,0,1
BRDA:962,97,1,1
BRDA:964,98,0,0
BRDA:964,98,1,1
BRDA:971,99,0,0
BRDA:971,99,1,1
BRDA:971,100,0,1
BRDA:971,100,1,0
BRDA:975,101,0,0
BRDA:975,101,1,0
BRDA:996,102,0,1
BRDA:996,102,1,0
BRF:209
BRH:10
end_of_record
TN:
SF:config\db.js
FN:4,(anonymous_0)
FN:51,(anonymous_1)
FN:57,(anonymous_2)
FNF:3
FNH:0
FNDA:0,(anonymous_0)
FNDA:0,(anonymous_1)
FNDA:0,(anonymous_2)
DA:1,1
DA:2,1
DA:4,1
DA:5,0
DA:7,0
DA:11,0
DA:12,0
DA:16,0
DA:24,0
DA:25,0
DA:26,0
DA:29,0
DA:30,0
DA:32,0
DA:34,0
DA:35,0
DA:36,0
DA:37,0
DA:39,0
DA:40,0
DA:41,0
DA:42,0
DA:43,0
DA:44,0
DA:49,1
DA:52,0
DA:53,0
DA:54,0
DA:58,0
DA:59,0
DA:60,0
DA:65,1
LF:32
LH:5
BRDA:7,0,0,0
BRDA:7,0,1,0
BRDA:8,1,0,0
BRDA:8,1,1,0
BRDA:9,2,0,0
BRDA:9,2,1,0
BRDA:11,3,0,0
BRDA:11,3,1,0
BRDA:24,4,0,0
BRDA:24,4,1,0
BRDA:36,5,0,0
BRDA:36,5,1,0
BRDA:36,6,0,0
BRDA:36,6,1,0
BRDA:52,7,0,0
BRDA:52,7,1,0
BRDA:58,8,0,0
BRDA:58,8,1,0
BRF:18
BRH:0
end_of_record
TN:
SF:models\Message.js
FNF:0
FNH:0
DA:1,1
DA:3,1
DA:20,1
LF:3
LH:3
BRF:0
BRH:0
end_of_record
TN:
SF:models\Room.js
FN:53,(anonymous_0)
FN:57,(anonymous_1)
FNF:2
FNH:1
FNDA:0,(anonymous_0)
FNDA:1,(anonymous_1)
DA:1,1
DA:3,1
DA:53,1
DA:54,0
DA:57,1
DA:58,1
DA:59,1
DA:61,1
DA:64,1
LF:9
LH:8
BRDA:58,0,0,1
BRDA:58,0,1,0
BRF:2
BRH:1
end_of_record
TN:
SF:models\User.js
FN:24,(anonymous_0)
FN:38,(anonymous_1)
FNF:2
FNH:1
FNDA:1,(anonymous_0)
FNDA:0,(anonymous_1)
DA:1,1
DA:2,1
DA:3,1
DA:5,1
DA:24,1
DA:26,1
DA:28,1
DA:29,1
DA:30,1
DA:31,1
DA:33,0
DA:38,1
DA:39,0
DA:42,1
LF:14
LH:12
BRDA:26,0,0,0
BRDA:26,0,1,1
BRF:2
BRH:1
end_of_record
TN:
SF:tests\testUtils.js
FN:6,(anonymous_0)
FN:13,(anonymous_1)
FN:14,(anonymous_2)
FNF:3
FNH:3
FNDA:1,(anonymous_0)
FNDA:1,(anonymous_1)
FNDA:1,(anonymous_2)
DA:1,1
DA:2,1
DA:3,1
DA:5,1
DA:7,1
DA:8,1
DA:13,1
DA:14,1
DA:15,1
DA:16,1
LF:10
LH:10
BRF:0
BRH:0
end_of_record
TN:
SF:utils\colorful.js
FN:2,(anonymous_0)
FN:3,(anonymous_1)
FN:4,(anonymous_2)
FN:5,(anonymous_3)
FN:6,(anonymous_4)
FN:7,(anonymous_5)
FNF:6
FNH:0
FNDA:0,(anonymous_0)
FNDA:0,(anonymous_1)
FNDA:0,(anonymous_2)
FNDA:0,(anonymous_3)
FNDA:0,(anonymous_4)
FNDA:0,(anonymous_5)
DA:1,1
DA:2,0
DA:3,0
DA:4,0
DA:5,0
DA:6,0
DA:7,0
LF:7
LH:1
BRF:0
BRH:0
end_of_record
TN:
SF:utils\messageUtils.js
FN:2,formatMessage
FNF:1
FNH:1
FNDA:1,formatMessage
DA:3,1
DA:11,1
LF:2
LH:2
BRF:0
BRH:0
end_of_record
