{"C:\\Users\\hp\\Documents\\GitHub\\PLP-MERN-WK-8-SOCKETIO-CHAT-LOCAL-ENHANCED\\socketio-chat\\client\\src\\components\\AuthForm.jsx": {"path":"C:\\Users\\hp\\Documents\\GitHub\\PLP-MERN-WK-8-SOCKETIO-CHAT-LOCAL-ENHANCED\\socketio-chat\\client\\src\\components\\AuthForm.jsx","statementMap":{"0":{"start":{"line":4,"column":32},"end":{"line":4,"column":46}},"1":{"start":{"line":5,"column":32},"end":{"line":5,"column":47}},"2":{"start":{"line":7,"column":23},"end":{"line":18,"column":3}},"3":{"start":{"line":8,"column":4},"end":{"line":8,"column":23}},"4":{"start":{"line":9,"column":4},"end":{"line":9,"column":21}},"5":{"start":{"line":10,"column":4},"end":{"line":10,"column":17}},"6":{"start":{"line":12,"column":21},"end":{"line":12,"column":43}},"7":{"start":{"line":13,"column":21},"end":{"line":13,"column":45}},"8":{"start":{"line":14,"column":21},"end":{"line":14,"column":45}},"9":{"start":{"line":16,"column":4},"end":{"line":16,"column":46}},"10":{"start":{"line":17,"column":4},"end":{"line":17,"column":22}},"11":{"start":{"line":20,"column":2},"end":{"line":236,"column":4}},"12":{"start":{"line":79,"column":27},"end":{"line":79,"column":47}}},"fnMap":{"0":{"name":"AuthForm","decl":{"start":{"line":3,"column":24},"end":{"line":3,"column":32}},"loc":{"start":{"line":3,"column":62},"end":{"line":237,"column":1}},"line":3},"1":{"name":"(anonymous_1)","decl":{"start":{"line":7,"column":23},"end":{"line":7,"column":24}},"loc":{"start":{"line":7,"column":36},"end":{"line":18,"column":3}},"line":7},"2":{"name":"(anonymous_2)","decl":{"start":{"line":79,"column":21},"end":{"line":79,"column":22}},"loc":{"start":{"line":79,"column":27},"end":{"line":79,"column":47}},"line":79}},"branchMap":{"0":{"loc":{"start":{"line":25,"column":13},"end":{"line":25,"column":68}},"type":"cond-expr","locations":[{"start":{"line":25,"column":23},"end":{"line":25,"column":44}},{"start":{"line":25,"column":47},"end":{"line":25,"column":68}}],"line":25},"1":{"loc":{"start":{"line":29,"column":9},"end":{"line":33,"column":9}},"type":"binary-expr","locations":[{"start":{"line":29,"column":9},"end":{"line":29,"column":14}},{"start":{"line":30,"column":10},"end":{"line":32,"column":16}}],"line":29},"2":{"loc":{"start":{"line":71,"column":15},"end":{"line":71,"column":75}},"type":"cond-expr","locations":[{"start":{"line":71,"column":25},"end":{"line":71,"column":40}},{"start":{"line":71,"column":43},"end":{"line":71,"column":75}}],"line":71},"3":{"loc":{"start":{"line":71,"column":43},"end":{"line":71,"column":75}},"type":"cond-expr","locations":[{"start":{"line":71,"column":53},"end":{"line":71,"column":62}},{"start":{"line":71,"column":65},"end":{"line":71,"column":75}}],"line":71},"4":{"loc":{"start":{"line":82,"column":13},"end":{"line":82,"column":87}},"type":"cond-expr","locations":[{"start":{"line":82,"column":23},"end":{"line":82,"column":50}},{"start":{"line":82,"column":53},"end":{"line":82,"column":87}}],"line":82}},"s":{"0":11,"1":11,"2":11,"3":2,"4":2,"5":2,"6":2,"7":2,"8":2,"9":2,"10":1,"11":11,"12":2},"f":{"0":11,"1":2,"2":2},"b":{"0":[8,3],"1":[11,1],"2":[2,9],"3":[7,2],"4":[8,3]},"_coverageSchema":"1a1c01bbd47fc00a2c39e90264f33305004495a9","hash":"7e9fd40c259e3dcc09e2c1de4e2d5b724a84eee8"}
,"C:\\Users\\hp\\Documents\\GitHub\\PLP-MERN-WK-8-SOCKETIO-CHAT-LOCAL-ENHANCED\\socketio-chat\\client\\src\\components\\Loading.jsx": {"path":"C:\\Users\\hp\\Documents\\GitHub\\PLP-MERN-WK-8-SOCKETIO-CHAT-LOCAL-ENHANCED\\socketio-chat\\client\\src\\components\\Loading.jsx","statementMap":{"0":{"start":{"line":2,"column":2},"end":{"line":16,"column":4}}},"fnMap":{"0":{"name":"Loading","decl":{"start":{"line":1,"column":24},"end":{"line":1,"column":31}},"loc":{"start":{"line":1,"column":60},"end":{"line":17,"column":1}},"line":1}},"branchMap":{"0":{"loc":{"start":{"line":1,"column":34},"end":{"line":1,"column":56}},"type":"default-arg","locations":[{"start":{"line":1,"column":44},"end":{"line":1,"column":56}}],"line":1}},"s":{"0":3},"f":{"0":3},"b":{"0":[2]},"_coverageSchema":"1a1c01bbd47fc00a2c39e90264f33305004495a9","hash":"462495806df7181e171f6339cd3e5b0ec57a9e42"}
,"C:\\Users\\hp\\Documents\\GitHub\\PLP-MERN-WK-8-SOCKETIO-CHAT-LOCAL-ENHANCED\\socketio-chat\\client\\src\\components\\MessageList.jsx": {"path":"C:\\Users\\hp\\Documents\\GitHub\\PLP-MERN-WK-8-SOCKETIO-CHAT-LOCAL-ENHANCED\\socketio-chat\\client\\src\\components\\MessageList.jsx","statementMap":{"0":{"start":{"line":3,"column":20},"end":{"line":26,"column":1}},"1":{"start":{"line":4,"column":25},"end":{"line":4,"column":37}},"2":{"start":{"line":6,"column":2},"end":{"line":8,"column":17}},"3":{"start":{"line":7,"column":4},"end":{"line":7,"column":67}},"4":{"start":{"line":10,"column":2},"end":{"line":25,"column":4}},"5":{"start":{"line":13,"column":8},"end":{"line":21,"column":14}}},"fnMap":{"0":{"name":"(anonymous_0)","decl":{"start":{"line":3,"column":20},"end":{"line":3,"column":21}},"loc":{"start":{"line":3,"column":38},"end":{"line":26,"column":1}},"line":3},"1":{"name":"(anonymous_1)","decl":{"start":{"line":6,"column":12},"end":{"line":6,"column":13}},"loc":{"start":{"line":6,"column":18},"end":{"line":8,"column":3}},"line":6},"2":{"name":"(anonymous_2)","decl":{"start":{"line":12,"column":20},"end":{"line":12,"column":21}},"loc":{"start":{"line":13,"column":8},"end":{"line":21,"column":14}},"line":13}},"branchMap":{},"s":{"0":1,"1":2,"2":2,"3":2,"4":2,"5":4},"f":{"0":2,"1":2,"2":4},"b":{},"_coverageSchema":"1a1c01bbd47fc00a2c39e90264f33305004495a9","hash":"f671d214b41a6eca8c63d063d11a186b73a03df0"}
,"C:\\Users\\hp\\Documents\\GitHub\\PLP-MERN-WK-8-SOCKETIO-CHAT-LOCAL-ENHANCED\\socketio-chat\\client\\src\\components\\OnlineUsers.jsx": {"path":"C:\\Users\\hp\\Documents\\GitHub\\PLP-MERN-WK-8-SOCKETIO-CHAT-LOCAL-ENHANCED\\socketio-chat\\client\\src\\components\\OnlineUsers.jsx","statementMap":{"0":{"start":{"line":4,"column":20},"end":{"line":37,"column":1}},"1":{"start":{"line":5,"column":28},"end":{"line":5,"column":40}},"2":{"start":{"line":6,"column":17},"end":{"line":6,"column":28}},"3":{"start":{"line":8,"column":2},"end":{"line":18,"column":15}},"4":{"start":{"line":9,"column":4},"end":{"line":9,"column":24}},"5":{"start":{"line":9,"column":17},"end":{"line":9,"column":24}},"6":{"start":{"line":11,"column":4},"end":{"line":13,"column":7}},"7":{"start":{"line":12,"column":6},"end":{"line":12,"column":25}},"8":{"start":{"line":15,"column":4},"end":{"line":17,"column":6}},"9":{"start":{"line":16,"column":6},"end":{"line":16,"column":30}},"10":{"start":{"line":20,"column":2},"end":{"line":36,"column":4}},"11":{"start":{"line":25,"column":10},"end":{"line":32,"column":15}},"12":{"start":{"line":28,"column":27},"end":{"line":28,"column":49}}},"fnMap":{"0":{"name":"(anonymous_0)","decl":{"start":{"line":4,"column":20},"end":{"line":4,"column":21}},"loc":{"start":{"line":4,"column":42},"end":{"line":37,"column":1}},"line":4},"1":{"name":"(anonymous_1)","decl":{"start":{"line":8,"column":12},"end":{"line":8,"column":13}},"loc":{"start":{"line":8,"column":18},"end":{"line":18,"column":3}},"line":8},"2":{"name":"(anonymous_2)","decl":{"start":{"line":11,"column":27},"end":{"line":11,"column":28}},"loc":{"start":{"line":11,"column":41},"end":{"line":13,"column":5}},"line":11},"3":{"name":"(anonymous_3)","decl":{"start":{"line":15,"column":11},"end":{"line":15,"column":12}},"loc":{"start":{"line":15,"column":17},"end":{"line":17,"column":5}},"line":15},"4":{"name":"(anonymous_4)","decl":{"start":{"line":24,"column":19},"end":{"line":24,"column":20}},"loc":{"start":{"line":25,"column":10},"end":{"line":32,"column":15}},"line":25},"5":{"name":"(anonymous_5)","decl":{"start":{"line":28,"column":21},"end":{"line":28,"column":22}},"loc":{"start":{"line":28,"column":27},"end":{"line":28,"column":49}},"line":28}},"branchMap":{"0":{"loc":{"start":{"line":9,"column":4},"end":{"line":9,"column":24}},"type":"if","locations":[{"start":{"line":9,"column":4},"end":{"line":9,"column":24}},{"start":{},"end":{}}],"line":9},"1":{"loc":{"start":{"line":30,"column":71},"end":{"line":30,"column":115}},"type":"cond-expr","locations":[{"start":{"line":30,"column":85},"end":{"line":30,"column":99}},{"start":{"line":30,"column":102},"end":{"line":30,"column":115}}],"line":30}},"s":{"0":1,"1":4,"2":4,"3":4,"4":2,"5":0,"6":2,"7":2,"8":2,"9":2,"10":4,"11":3,"12":1},"f":{"0":4,"1":2,"2":2,"3":2,"4":3,"5":1},"b":{"0":[0,2],"1":[2,1]},"_coverageSchema":"1a1c01bbd47fc00a2c39e90264f33305004495a9","hash":"9a35de6b9258816f8c895c3d584117e0bdc57672"}
,"C:\\Users\\hp\\Documents\\GitHub\\PLP-MERN-WK-8-SOCKETIO-CHAT-LOCAL-ENHANCED\\socketio-chat\\client\\src\\components\\RegisterForm.jsx": {"path":"C:\\Users\\hp\\Documents\\GitHub\\PLP-MERN-WK-8-SOCKETIO-CHAT-LOCAL-ENHANCED\\socketio-chat\\client\\src\\components\\RegisterForm.jsx","statementMap":{"0":{"start":{"line":4,"column":28},"end":{"line":4,"column":40}},"1":{"start":{"line":5,"column":32},"end":{"line":5,"column":47}},"2":{"start":{"line":7,"column":28},"end":{"line":12,"column":3}},"3":{"start":{"line":9,"column":4},"end":{"line":11,"column":5}},"4":{"start":{"line":10,"column":6},"end":{"line":10,"column":19}},"5":{"start":{"line":14,"column":23},"end":{"line":47,"column":3}},"6":{"start":{"line":15,"column":4},"end":{"line":15,"column":23}},"7":{"start":{"line":16,"column":4},"end":{"line":16,"column":21}},"8":{"start":{"line":17,"column":4},"end":{"line":17,"column":17}},"9":{"start":{"line":19,"column":21},"end":{"line":19,"column":43}},"10":{"start":{"line":20,"column":21},"end":{"line":20,"column":45}},"11":{"start":{"line":21,"column":21},"end":{"line":21,"column":45}},"12":{"start":{"line":24,"column":4},"end":{"line":28,"column":5}},"13":{"start":{"line":25,"column":6},"end":{"line":25,"column":57}},"14":{"start":{"line":26,"column":6},"end":{"line":26,"column":24}},"15":{"start":{"line":27,"column":6},"end":{"line":27,"column":13}},"16":{"start":{"line":30,"column":4},"end":{"line":46,"column":5}},"17":{"start":{"line":31,"column":23},"end":{"line":35,"column":8}},"18":{"start":{"line":37,"column":6},"end":{"line":39,"column":7}},"19":{"start":{"line":38,"column":8},"end":{"line":38,"column":47}},"20":{"start":{"line":41,"column":6},"end":{"line":41,"column":26}},"21":{"start":{"line":43,"column":6},"end":{"line":43,"column":28}},"22":{"start":{"line":45,"column":6},"end":{"line":45,"column":24}},"23":{"start":{"line":49,"column":2},"end":{"line":94,"column":4}}},"fnMap":{"0":{"name":"RegisterForm","decl":{"start":{"line":3,"column":24},"end":{"line":3,"column":36}},"loc":{"start":{"line":3,"column":62},"end":{"line":95,"column":1}},"line":3},"1":{"name":"(anonymous_1)","decl":{"start":{"line":7,"column":28},"end":{"line":7,"column":29}},"loc":{"start":{"line":7,"column":34},"end":{"line":12,"column":3}},"line":7},"2":{"name":"(anonymous_2)","decl":{"start":{"line":14,"column":23},"end":{"line":14,"column":24}},"loc":{"start":{"line":14,"column":36},"end":{"line":47,"column":3}},"line":14}},"branchMap":{"0":{"loc":{"start":{"line":9,"column":4},"end":{"line":11,"column":5}},"type":"if","locations":[{"start":{"line":9,"column":4},"end":{"line":11,"column":5}},{"start":{},"end":{}}],"line":9},"1":{"loc":{"start":{"line":24,"column":4},"end":{"line":28,"column":5}},"type":"if","locations":[{"start":{"line":24,"column":4},"end":{"line":28,"column":5}},{"start":{},"end":{}}],"line":24},"2":{"loc":{"start":{"line":37,"column":6},"end":{"line":39,"column":7}},"type":"if","locations":[{"start":{"line":37,"column":6},"end":{"line":39,"column":7}},{"start":{},"end":{}}],"line":37},"3":{"loc":{"start":{"line":68,"column":7},"end":{"line":75,"column":7}},"type":"binary-expr","locations":[{"start":{"line":68,"column":7},"end":{"line":68,"column":12}},{"start":{"line":69,"column":8},"end":{"line":74,"column":12}}],"line":68},"4":{"loc":{"start":{"line":83,"column":11},"end":{"line":83,"column":50}},"type":"cond-expr","locations":[{"start":{"line":83,"column":21},"end":{"line":83,"column":37}},{"start":{"line":83,"column":40},"end":{"line":83,"column":50}}],"line":83}},"s":{"0":38,"1":38,"2":38,"3":22,"4":2,"5":38,"6":12,"7":12,"8":12,"9":12,"10":12,"11":12,"12":12,"13":4,"14":4,"15":4,"16":8,"17":8,"18":8,"19":2,"20":6,"21":2,"22":8,"23":38},"f":{"0":38,"1":22,"2":12},"b":{"0":[2,20],"1":[4,8],"2":[2,6],"3":[38,6],"4":[8,30]},"_coverageSchema":"1a1c01bbd47fc00a2c39e90264f33305004495a9","hash":"3903c61a5d80c83ab29a861c80c72c569ec3d6e2"}
,"C:\\Users\\hp\\Documents\\GitHub\\PLP-MERN-WK-8-SOCKETIO-CHAT-LOCAL-ENHANCED\\socketio-chat\\client\\src\\context\\SocketContext.jsx": {"path":"C:\\Users\\hp\\Documents\\GitHub\\PLP-MERN-WK-8-SOCKETIO-CHAT-LOCAL-ENHANCED\\socketio-chat\\client\\src\\context\\SocketContext.jsx","statementMap":{"0":{"start":{"line":4,"column":22},"end":{"line":4,"column":37}},"1":{"start":{"line":6,"column":30},"end":{"line":85,"column":1}},"2":{"start":{"line":7,"column":30},"end":{"line":7,"column":44}},"3":{"start":{"line":8,"column":40},"end":{"line":8,"column":55}},"4":{"start":{"line":9,"column":44},"end":{"line":13,"column":4}},"5":{"start":{"line":15,"column":2},"end":{"line":47,"column":17}},"6":{"start":{"line":16,"column":4},"end":{"line":16,"column":26}},"7":{"start":{"line":16,"column":19},"end":{"line":16,"column":26}},"8":{"start":{"line":18,"column":22},"end":{"line":21,"column":6}},"9":{"start":{"line":23,"column":4},"end":{"line":25,"column":7}},"10":{"start":{"line":24,"column":6},"end":{"line":24,"column":27}},"11":{"start":{"line":27,"column":4},"end":{"line":29,"column":7}},"12":{"start":{"line":28,"column":6},"end":{"line":28,"column":28}},"13":{"start":{"line":32,"column":4},"end":{"line":40,"column":7}},"14":{"start":{"line":33,"column":6},"end":{"line":37,"column":9}},"15":{"start":{"line":39,"column":6},"end":{"line":39,"column":81}},"16":{"start":{"line":39,"column":23},"end":{"line":39,"column":73}},"17":{"start":{"line":39,"column":49},"end":{"line":39,"column":71}},"18":{"start":{"line":42,"column":4},"end":{"line":42,"column":25}},"19":{"start":{"line":44,"column":4},"end":{"line":46,"column":6}},"20":{"start":{"line":45,"column":6},"end":{"line":45,"column":29}},"21":{"start":{"line":49,"column":24},"end":{"line":73,"column":3}},"22":{"start":{"line":50,"column":4},"end":{"line":50,"column":52}},"23":{"start":{"line":50,"column":45},"end":{"line":50,"column":52}},"24":{"start":{"line":52,"column":4},"end":{"line":56,"column":7}},"25":{"start":{"line":58,"column":4},"end":{"line":72,"column":7}},"26":{"start":{"line":62,"column":6},"end":{"line":66,"column":9}},"27":{"start":{"line":69,"column":6},"end":{"line":71,"column":7}},"28":{"start":{"line":70,"column":8},"end":{"line":70,"column":86}},"29":{"start":{"line":70,"column":25},"end":{"line":70,"column":78}},"30":{"start":{"line":70,"column":51},"end":{"line":70,"column":76}},"31":{"start":{"line":75,"column":2},"end":{"line":84,"column":4}},"32":{"start":{"line":87,"column":25},"end":{"line":87,"column":56}},"33":{"start":{"line":87,"column":31},"end":{"line":87,"column":56}}},"fnMap":{"0":{"name":"(anonymous_0)","decl":{"start":{"line":6,"column":30},"end":{"line":6,"column":31}},"loc":{"start":{"line":6,"column":58},"end":{"line":85,"column":1}},"line":6},"1":{"name":"(anonymous_1)","decl":{"start":{"line":15,"column":12},"end":{"line":15,"column":13}},"loc":{"start":{"line":15,"column":18},"end":{"line":47,"column":3}},"line":15},"2":{"name":"(anonymous_2)","decl":{"start":{"line":23,"column":28},"end":{"line":23,"column":29}},"loc":{"start":{"line":23,"column":34},"end":{"line":25,"column":5}},"line":23},"3":{"name":"(anonymous_3)","decl":{"start":{"line":27,"column":31},"end":{"line":27,"column":32}},"loc":{"start":{"line":27,"column":37},"end":{"line":29,"column":5}},"line":27},"4":{"name":"(anonymous_4)","decl":{"start":{"line":32,"column":32},"end":{"line":32,"column":33}},"loc":{"start":{"line":32,"column":43},"end":{"line":40,"column":5}},"line":32},"5":{"name":"(anonymous_5)","decl":{"start":{"line":39,"column":17},"end":{"line":39,"column":18}},"loc":{"start":{"line":39,"column":23},"end":{"line":39,"column":73}},"line":39},"6":{"name":"(anonymous_6)","decl":{"start":{"line":39,"column":40},"end":{"line":39,"column":41}},"loc":{"start":{"line":39,"column":49},"end":{"line":39,"column":71}},"line":39},"7":{"name":"(anonymous_7)","decl":{"start":{"line":44,"column":11},"end":{"line":44,"column":12}},"loc":{"start":{"line":44,"column":17},"end":{"line":46,"column":5}},"line":44},"8":{"name":"(anonymous_8)","decl":{"start":{"line":49,"column":24},"end":{"line":49,"column":25}},"loc":{"start":{"line":49,"column":66},"end":{"line":73,"column":3}},"line":49},"9":{"name":"(anonymous_9)","decl":{"start":{"line":61,"column":7},"end":{"line":61,"column":8}},"loc":{"start":{"line":61,"column":21},"end":{"line":72,"column":5}},"line":61},"10":{"name":"(anonymous_10)","decl":{"start":{"line":70,"column":19},"end":{"line":70,"column":20}},"loc":{"start":{"line":70,"column":25},"end":{"line":70,"column":78}},"line":70},"11":{"name":"(anonymous_11)","decl":{"start":{"line":70,"column":42},"end":{"line":70,"column":43}},"loc":{"start":{"line":70,"column":51},"end":{"line":70,"column":76}},"line":70},"12":{"name":"(anonymous_12)","decl":{"start":{"line":87,"column":25},"end":{"line":87,"column":26}},"loc":{"start":{"line":87,"column":31},"end":{"line":87,"column":56}},"line":87}},"branchMap":{"0":{"loc":{"start":{"line":16,"column":4},"end":{"line":16,"column":26}},"type":"if","locations":[{"start":{"line":16,"column":4},"end":{"line":16,"column":26}},{"start":{},"end":{}}],"line":16},"1":{"loc":{"start":{"line":49,"column":36},"end":{"line":49,"column":61}},"type":"default-arg","locations":[{"start":{"line":49,"column":56},"end":{"line":49,"column":61}}],"line":49},"2":{"loc":{"start":{"line":50,"column":4},"end":{"line":50,"column":52}},"type":"if","locations":[{"start":{"line":50,"column":4},"end":{"line":50,"column":52}},{"start":{},"end":{}}],"line":50},"3":{"loc":{"start":{"line":50,"column":8},"end":{"line":50,"column":43}},"type":"binary-expr","locations":[{"start":{"line":50,"column":8},"end":{"line":50,"column":15}},{"start":{"line":50,"column":19},"end":{"line":50,"column":43}}],"line":50},"4":{"loc":{"start":{"line":64,"column":15},"end":{"line":64,"column":38}},"type":"binary-expr","locations":[{"start":{"line":64,"column":15},"end":{"line":64,"column":30}},{"start":{"line":64,"column":34},"end":{"line":64,"column":38}}],"line":64},"5":{"loc":{"start":{"line":69,"column":6},"end":{"line":71,"column":7}},"type":"if","locations":[{"start":{"line":69,"column":6},"end":{"line":71,"column":7}},{"start":{},"end":{}}],"line":69}},"s":{"0":1,"1":1,"2":0,"3":0,"4":0,"5":0,"6":0,"7":0,"8":0,"9":0,"10":0,"11":0,"12":0,"13":0,"14":0,"15":0,"16":0,"17":0,"18":0,"19":0,"20":0,"21":0,"22":0,"23":0,"24":0,"25":0,"26":0,"27":0,"28":0,"29":0,"30":0,"31":0,"32":1,"33":0},"f":{"0":0,"1":0,"2":0,"3":0,"4":0,"5":0,"6":0,"7":0,"8":0,"9":0,"10":0,"11":0,"12":0},"b":{"0":[0,0],"1":[0],"2":[0,0],"3":[0,0],"4":[0,0],"5":[0,0]},"_coverageSchema":"1a1c01bbd47fc00a2c39e90264f33305004495a9","hash":"33373d5ffbee2cc496283f9d284e70e81e7ae257"}
,"C:\\Users\\hp\\Documents\\GitHub\\PLP-MERN-WK-8-SOCKETIO-CHAT-LOCAL-ENHANCED\\socketio-chat\\client\\src\\pages\\AuthPage.jsx": {"path":"C:\\Users\\hp\\Documents\\GitHub\\PLP-MERN-WK-8-SOCKETIO-CHAT-LOCAL-ENHANCED\\socketio-chat\\client\\src\\pages\\AuthPage.jsx","statementMap":{"0":{"start":{"line":5,"column":28},"end":{"line":5,"column":40}},"1":{"start":{"line":7,"column":21},"end":{"line":25,"column":3}},"2":{"start":{"line":8,"column":4},"end":{"line":24,"column":5}},"3":{"start":{"line":9,"column":23},"end":{"line":9,"column":63}},"4":{"start":{"line":10,"column":23},"end":{"line":15,"column":8}},"5":{"start":{"line":17,"column":6},"end":{"line":19,"column":7}},"6":{"start":{"line":18,"column":8},"end":{"line":18,"column":47}},"7":{"start":{"line":21,"column":6},"end":{"line":21,"column":30}},"8":{"start":{"line":23,"column":6},"end":{"line":23,"column":28}},"9":{"start":{"line":27,"column":2},"end":{"line":35,"column":4}}},"fnMap":{"0":{"name":"AuthPage","decl":{"start":{"line":4,"column":24},"end":{"line":4,"column":32}},"loc":{"start":{"line":4,"column":52},"end":{"line":36,"column":1}},"line":4},"1":{"name":"(anonymous_1)","decl":{"start":{"line":7,"column":21},"end":{"line":7,"column":22}},"loc":{"start":{"line":7,"column":60},"end":{"line":25,"column":3}},"line":7}},"branchMap":{"0":{"loc":{"start":{"line":9,"column":23},"end":{"line":9,"column":63}},"type":"cond-expr","locations":[{"start":{"line":9,"column":33},"end":{"line":9,"column":45}},{"start":{"line":9,"column":48},"end":{"line":9,"column":63}}],"line":9},"1":{"loc":{"start":{"line":17,"column":6},"end":{"line":19,"column":7}},"type":"if","locations":[{"start":{"line":17,"column":6},"end":{"line":19,"column":7}},{"start":{},"end":{}}],"line":17}},"s":{"0":5,"1":5,"2":3,"3":3,"4":3,"5":3,"6":1,"7":2,"8":1,"9":5},"f":{"0":5,"1":3},"b":{"0":[2,1],"1":[1,2]},"_coverageSchema":"1a1c01bbd47fc00a2c39e90264f33305004495a9","hash":"833e90fd2af3246cf3f95728cce31cf9c412533d"}
,"C:\\Users\\hp\\Documents\\GitHub\\PLP-MERN-WK-8-SOCKETIO-CHAT-LOCAL-ENHANCED\\socketio-chat\\client\\src\\pages\\ChatPage.jsx": {"path":"C:\\Users\\hp\\Documents\\GitHub\\PLP-MERN-WK-8-SOCKETIO-CHAT-LOCAL-ENHANCED\\socketio-chat\\client\\src\\pages\\ChatPage.jsx","statementMap":{"0":{"start":{"line":6,"column":34},"end":{"line":6,"column":45}},"1":{"start":{"line":7,"column":34},"end":{"line":7,"column":46}},"2":{"start":{"line":8,"column":38},"end":{"line":8,"column":50}},"3":{"start":{"line":9,"column":40},"end":{"line":9,"column":52}},"4":{"start":{"line":10,"column":40},"end":{"line":10,"column":52}},"5":{"start":{"line":11,"column":34},"end":{"line":11,"column":49}},"6":{"start":{"line":12,"column":28},"end":{"line":12,"column":40}},"7":{"start":{"line":13,"column":40},"end":{"line":13,"column":54}},"8":{"start":{"line":14,"column":46},"end":{"line":14,"column":57}},"9":{"start":{"line":15,"column":40},"end":{"line":15,"column":97}},"10":{"start":{"line":16,"column":24},"end":{"line":16,"column":36}},"11":{"start":{"line":17,"column":25},"end":{"line":17,"column":37}},"12":{"start":{"line":18,"column":23},"end":{"line":18,"column":35}},"13":{"start":{"line":19,"column":31},"end":{"line":19,"column":43}},"14":{"start":{"line":20,"column":25},"end":{"line":20,"column":37}},"15":{"start":{"line":21,"column":23},"end":{"line":21,"column":40}},"16":{"start":{"line":22,"column":54},"end":{"line":22,"column":69}},"17":{"start":{"line":23,"column":43},"end":{"line":23,"column":54}},"18":{"start":{"line":24,"column":52},"end":{"line":24,"column":67}},"19":{"start":{"line":25,"column":54},"end":{"line":25,"column":68}},"20":{"start":{"line":28,"column":2},"end":{"line":38,"column":20}},"21":{"start":{"line":29,"column":31},"end":{"line":33,"column":5}},"22":{"start":{"line":30,"column":6},"end":{"line":32,"column":7}},"23":{"start":{"line":31,"column":8},"end":{"line":31,"column":59}},"24":{"start":{"line":34,"column":4},"end":{"line":34,"column":63}},"25":{"start":{"line":35,"column":4},"end":{"line":37,"column":6}},"26":{"start":{"line":36,"column":6},"end":{"line":36,"column":68}},"27":{"start":{"line":41,"column":3},"end":{"line":45,"column":1}},"28":{"start":{"line":47,"column":1},"end":{"line":51,"column":1}},"29":{"start":{"line":53,"column":1},"end":{"line":57,"column":1}},"30":{"start":{"line":59,"column":2},"end":{"line":149,"column":38}},"31":{"start":{"line":60,"column":4},"end":{"line":60,"column":24}},"32":{"start":{"line":60,"column":17},"end":{"line":60,"column":24}},"33":{"start":{"line":62,"column":4},"end":{"line":62,"column":41}},"34":{"start":{"line":63,"column":4},"end":{"line":63,"column":31}},"35":{"start":{"line":65,"column":32},"end":{"line":136,"column":5}},"36":{"start":{"line":66,"column":6},"end":{"line":72,"column":9}},"37":{"start":{"line":67,"column":8},"end":{"line":67,"column":27}},"38":{"start":{"line":68,"column":8},"end":{"line":71,"column":9}},"39":{"start":{"line":69,"column":30},"end":{"line":69,"column":46}},"40":{"start":{"line":70,"column":10},"end":{"line":70,"column":71}},"41":{"start":{"line":74,"column":6},"end":{"line":77,"column":9}},"42":{"start":{"line":75,"column":8},"end":{"line":75,"column":34}},"43":{"start":{"line":76,"column":8},"end":{"line":76,"column":24}},"44":{"start":{"line":79,"column":6},"end":{"line":81,"column":9}},"45":{"start":{"line":80,"column":8},"end":{"line":80,"column":29}},"46":{"start":{"line":83,"column":6},"end":{"line":93,"column":9}},"47":{"start":{"line":84,"column":8},"end":{"line":92,"column":9}},"48":{"start":{"line":85,"column":10},"end":{"line":85,"column":46}},"49":{"start":{"line":85,"column":30},"end":{"line":85,"column":44}},"50":{"start":{"line":86,"column":10},"end":{"line":86,"column":71}},"51":{"start":{"line":86,"column":33},"end":{"line":86,"column":69}},"52":{"start":{"line":86,"column":50},"end":{"line":86,"column":68}},"53":{"start":{"line":89,"column":10},"end":{"line":91,"column":11}},"54":{"start":{"line":90,"column":12},"end":{"line":90,"column":63}},"55":{"start":{"line":95,"column":6},"end":{"line":99,"column":9}},"56":{"start":{"line":96,"column":8},"end":{"line":98,"column":9}},"57":{"start":{"line":97,"column":10},"end":{"line":97,"column":61}},"58":{"start":{"line":97,"column":33},"end":{"line":97,"column":59}},"59":{"start":{"line":101,"column":6},"end":{"line":103,"column":9}},"60":{"start":{"line":102,"column":8},"end":{"line":102,"column":64}},"61":{"start":{"line":102,"column":31},"end":{"line":102,"column":62}},"62":{"start":{"line":102,"column":51},"end":{"line":102,"column":61}},"63":{"start":{"line":105,"column":6},"end":{"line":109,"column":9}},"64":{"start":{"line":106,"column":8},"end":{"line":108,"column":9}},"65":{"start":{"line":107,"column":10},"end":{"line":107,"column":75}},"66":{"start":{"line":107,"column":34},"end":{"line":107,"column":72}},"67":{"start":{"line":111,"column":6},"end":{"line":115,"column":9}},"68":{"start":{"line":112,"column":8},"end":{"line":114,"column":9}},"69":{"start":{"line":113,"column":10},"end":{"line":113,"column":60}},"70":{"start":{"line":113,"column":33},"end":{"line":113,"column":58}},"71":{"start":{"line":113,"column":50},"end":{"line":113,"column":57}},"72":{"start":{"line":117,"column":6},"end":{"line":121,"column":9}},"73":{"start":{"line":118,"column":8},"end":{"line":120,"column":11}},"74":{"start":{"line":118,"column":28},"end":{"line":120,"column":9}},"75":{"start":{"line":119,"column":10},"end":{"line":119,"column":58}},"76":{"start":{"line":123,"column":6},"end":{"line":131,"column":9}},"77":{"start":{"line":124,"column":8},"end":{"line":130,"column":9}},"78":{"start":{"line":125,"column":10},"end":{"line":125,"column":73}},"79":{"start":{"line":125,"column":30},"end":{"line":125,"column":71}},"80":{"start":{"line":125,"column":49},"end":{"line":125,"column":70}},"81":{"start":{"line":127,"column":10},"end":{"line":129,"column":13}},"82":{"start":{"line":127,"column":30},"end":{"line":129,"column":11}},"83":{"start":{"line":128,"column":12},"end":{"line":128,"column":64}},"84":{"start":{"line":133,"column":6},"end":{"line":135,"column":9}},"85":{"start":{"line":134,"column":8},"end":{"line":134,"column":48}},"86":{"start":{"line":138,"column":4},"end":{"line":138,"column":26}},"87":{"start":{"line":140,"column":4},"end":{"line":148,"column":6}},"88":{"start":{"line":141,"column":6},"end":{"line":147,"column":7}},"89":{"start":{"line":142,"column":8},"end":{"line":146,"column":42}},"90":{"start":{"line":146,"column":25},"end":{"line":146,"column":40}},"91":{"start":{"line":151,"column":2},"end":{"line":153,"column":17}},"92":{"start":{"line":152,"column":4},"end":{"line":152,"column":67}},"93":{"start":{"line":155,"column":28},"end":{"line":163,"column":3}},"94":{"start":{"line":156,"column":4},"end":{"line":156,"column":23}},"95":{"start":{"line":157,"column":4},"end":{"line":162,"column":7}},"96":{"start":{"line":165,"column":30},"end":{"line":181,"column":1}},"97":{"start":{"line":166,"column":4},"end":{"line":166,"column":61}},"98":{"start":{"line":166,"column":54},"end":{"line":166,"column":61}},"99":{"start":{"line":168,"column":4},"end":{"line":168,"column":32}},"100":{"start":{"line":170,"column":4},"end":{"line":178,"column":7}},"101":{"start":{"line":174,"column":8},"end":{"line":174,"column":37}},"102":{"start":{"line":175,"column":8},"end":{"line":177,"column":9}},"103":{"start":{"line":176,"column":12},"end":{"line":176,"column":54}},"104":{"start":{"line":180,"column":4},"end":{"line":180,"column":55}},"105":{"start":{"line":183,"column":22},"end":{"line":191,"column":3}},"106":{"start":{"line":184,"column":4},"end":{"line":184,"column":52}},"107":{"start":{"line":184,"column":39},"end":{"line":184,"column":52}},"108":{"start":{"line":185,"column":4},"end":{"line":185,"column":51}},"109":{"start":{"line":185,"column":39},"end":{"line":185,"column":51}},"110":{"start":{"line":186,"column":4},"end":{"line":186,"column":51}},"111":{"start":{"line":186,"column":39},"end":{"line":186,"column":51}},"112":{"start":{"line":187,"column":4},"end":{"line":187,"column":46}},"113":{"start":{"line":187,"column":34},"end":{"line":187,"column":46}},"114":{"start":{"line":188,"column":4},"end":{"line":188,"column":47}},"115":{"start":{"line":188,"column":35},"end":{"line":188,"column":47}},"116":{"start":{"line":189,"column":4},"end":{"line":189,"column":47}},"117":{"start":{"line":189,"column":34},"end":{"line":189,"column":47}},"118":{"start":{"line":190,"column":4},"end":{"line":190,"column":16}},"119":{"start":{"line":193,"column":25},"end":{"line":197,"column":3}},"120":{"start":{"line":194,"column":4},"end":{"line":194,"column":42}},"121":{"start":{"line":194,"column":22},"end":{"line":194,"column":42}},"122":{"start":{"line":195,"column":4},"end":{"line":195,"column":70}},"123":{"start":{"line":195,"column":29},"end":{"line":195,"column":70}},"124":{"start":{"line":196,"column":4},"end":{"line":196,"column":54}},"125":{"start":{"line":199,"column":28},"end":{"line":264,"column":3}},"126":{"start":{"line":200,"column":23},"end":{"line":205,"column":25}},"127":{"start":{"line":207,"column":4},"end":{"line":263,"column":6}},"128":{"start":{"line":219,"column":27},"end":{"line":219,"column":58}},"129":{"start":{"line":228,"column":24},"end":{"line":228,"column":51}},"130":{"start":{"line":229,"column":14},"end":{"line":229,"column":32}},"131":{"start":{"line":230,"column":14},"end":{"line":230,"column":37}},"132":{"start":{"line":231,"column":14},"end":{"line":231,"column":24}},"133":{"start":{"line":266,"column":27},"end":{"line":323,"column":3}},"134":{"start":{"line":267,"column":17},"end":{"line":267,"column":34}},"135":{"start":{"line":268,"column":4},"end":{"line":268,"column":38}},"136":{"start":{"line":268,"column":31},"end":{"line":268,"column":38}},"137":{"start":{"line":270,"column":4},"end":{"line":322,"column":5}},"138":{"start":{"line":271,"column":6},"end":{"line":271,"column":49}},"139":{"start":{"line":272,"column":6},"end":{"line":272,"column":27}},"140":{"start":{"line":274,"column":23},"end":{"line":274,"column":37}},"141":{"start":{"line":275,"column":6},"end":{"line":275,"column":36}},"142":{"start":{"line":277,"column":18},"end":{"line":277,"column":38}},"143":{"start":{"line":278,"column":6},"end":{"line":278,"column":40}},"144":{"start":{"line":280,"column":6},"end":{"line":285,"column":8}},"145":{"start":{"line":281,"column":8},"end":{"line":284,"column":9}},"146":{"start":{"line":282,"column":34},"end":{"line":282,"column":80}},"147":{"start":{"line":283,"column":10},"end":{"line":283,"column":45}},"148":{"start":{"line":287,"column":6},"end":{"line":306,"column":8}},"149":{"start":{"line":288,"column":8},"end":{"line":305,"column":9}},"150":{"start":{"line":289,"column":27},"end":{"line":289,"column":55}},"151":{"start":{"line":290,"column":10},"end":{"line":300,"column":13}},"152":{"start":{"line":301,"column":10},"end":{"line":301,"column":28}},"153":{"start":{"line":302,"column":10},"end":{"line":302,"column":31}},"154":{"start":{"line":304,"column":10},"end":{"line":304,"column":43}},"155":{"start":{"line":308,"column":6},"end":{"line":310,"column":8}},"156":{"start":{"line":309,"column":8},"end":{"line":309,"column":41}},"157":{"start":{"line":312,"column":6},"end":{"line":312,"column":25}},"158":{"start":{"line":314,"column":6},"end":{"line":314,"column":42}},"159":{"start":{"line":315,"column":6},"end":{"line":315,"column":37}},"160":{"start":{"line":316,"column":6},"end":{"line":316,"column":27}},"161":{"start":{"line":317,"column":6},"end":{"line":317,"column":48}},"162":{"start":{"line":317,"column":23},"end":{"line":317,"column":40}},"163":{"start":{"line":319,"column":6},"end":{"line":321,"column":7}},"164":{"start":{"line":320,"column":8},"end":{"line":320,"column":40}},"165":{"start":{"line":325,"column":22},"end":{"line":335,"column":3}},"166":{"start":{"line":326,"column":4},"end":{"line":334,"column":5}},"167":{"start":{"line":327,"column":6},"end":{"line":332,"column":7}},"168":{"start":{"line":328,"column":8},"end":{"line":330,"column":11}},"169":{"start":{"line":331,"column":8},"end":{"line":331,"column":26}},"170":{"start":{"line":333,"column":6},"end":{"line":333,"column":25}},"171":{"start":{"line":337,"column":28},"end":{"line":345,"column":3}},"172":{"start":{"line":338,"column":4},"end":{"line":338,"column":34}},"173":{"start":{"line":339,"column":4},"end":{"line":342,"column":5}},"174":{"start":{"line":340,"column":6},"end":{"line":340,"column":24}},"175":{"start":{"line":341,"column":6},"end":{"line":341,"column":51}},"176":{"start":{"line":343,"column":4},"end":{"line":343,"column":40}},"177":{"start":{"line":344,"column":4},"end":{"line":344,"column":63}},"178":{"start":{"line":347,"column":27},"end":{"line":353,"column":3}},"179":{"start":{"line":348,"column":4},"end":{"line":351,"column":5}},"180":{"start":{"line":349,"column":6},"end":{"line":349,"column":25}},"181":{"start":{"line":350,"column":6},"end":{"line":350,"column":55}},"182":{"start":{"line":352,"column":4},"end":{"line":352,"column":40}},"183":{"start":{"line":355,"column":19},"end":{"line":359,"column":3}},"184":{"start":{"line":356,"column":4},"end":{"line":358,"column":5}},"185":{"start":{"line":357,"column":6},"end":{"line":357,"column":54}},"186":{"start":{"line":361,"column":21},"end":{"line":366,"column":3}},"187":{"start":{"line":362,"column":17},"end":{"line":362,"column":33}},"188":{"start":{"line":363,"column":4},"end":{"line":365,"column":5}},"189":{"start":{"line":364,"column":6},"end":{"line":364,"column":62}},"190":{"start":{"line":368,"column":2},"end":{"line":599,"column":4}},"191":{"start":{"line":384,"column":27},"end":{"line":384,"column":53}},"192":{"start":{"line":391,"column":14},"end":{"line":393,"column":15}},"193":{"start":{"line":392,"column":16},"end":{"line":392,"column":42}},"194":{"start":{"line":400,"column":27},"end":{"line":400,"column":77}},"195":{"start":{"line":420,"column":33},"end":{"line":420,"column":63}},"196":{"start":{"line":421,"column":16},"end":{"line":421,"column":37}},"197":{"start":{"line":428,"column":14},"end":{"line":436,"column":20}},"198":{"start":{"line":431,"column":31},"end":{"line":431,"column":50}},"199":{"start":{"line":444,"column":14},"end":{"line":454,"column":20}},"200":{"start":{"line":499,"column":18},"end":{"line":501,"column":19}},"201":{"start":{"line":500,"column":20},"end":{"line":500,"column":32}},"202":{"start":{"line":503,"column":18},"end":{"line":527,"column":20}},"203":{"start":{"line":507,"column":44},"end":{"line":507,"column":73}},"204":{"start":{"line":547,"column":31},"end":{"line":547,"column":59}},"205":{"start":{"line":569,"column":35},"end":{"line":569,"column":69}}},"fnMap":{"0":{"name":"ChatPage","decl":{"start":{"line":5,"column":24},"end":{"line":5,"column":32}},"loc":{"start":{"line":5,"column":57},"end":{"line":600,"column":1}},"line":5},"1":{"name":"(anonymous_1)","decl":{"start":{"line":28,"column":12},"end":{"line":28,"column":13}},"loc":{"start":{"line":28,"column":18},"end":{"line":38,"column":3}},"line":28},"2":{"name":"(anonymous_2)","decl":{"start":{"line":29,"column":31},"end":{"line":29,"column":32}},"loc":{"start":{"line":29,"column":42},"end":{"line":33,"column":5}},"line":29},"3":{"name":"(anonymous_3)","decl":{"start":{"line":35,"column":11},"end":{"line":35,"column":12}},"loc":{"start":{"line":35,"column":17},"end":{"line":37,"column":5}},"line":35},"4":{"name":"(anonymous_4)","decl":{"start":{"line":59,"column":12},"end":{"line":59,"column":13}},"loc":{"start":{"line":59,"column":18},"end":{"line":149,"column":3}},"line":59},"5":{"name":"(anonymous_5)","decl":{"start":{"line":65,"column":32},"end":{"line":65,"column":33}},"loc":{"start":{"line":65,"column":38},"end":{"line":136,"column":5}},"line":65},"6":{"name":"(anonymous_6)","decl":{"start":{"line":66,"column":28},"end":{"line":66,"column":29}},"loc":{"start":{"line":66,"column":40},"end":{"line":72,"column":7}},"line":66},"7":{"name":"(anonymous_7)","decl":{"start":{"line":74,"column":30},"end":{"line":74,"column":31}},"loc":{"start":{"line":74,"column":38},"end":{"line":77,"column":7}},"line":74},"8":{"name":"(anonymous_8)","decl":{"start":{"line":79,"column":31},"end":{"line":79,"column":32}},"loc":{"start":{"line":79,"column":42},"end":{"line":81,"column":7}},"line":79},"9":{"name":"(anonymous_9)","decl":{"start":{"line":83,"column":27},"end":{"line":83,"column":28}},"loc":{"start":{"line":83,"column":34},"end":{"line":93,"column":7}},"line":83},"10":{"name":"(anonymous_10)","decl":{"start":{"line":85,"column":22},"end":{"line":85,"column":23}},"loc":{"start":{"line":85,"column":30},"end":{"line":85,"column":44}},"line":85},"11":{"name":"(anonymous_11)","decl":{"start":{"line":86,"column":25},"end":{"line":86,"column":26}},"loc":{"start":{"line":86,"column":33},"end":{"line":86,"column":69}},"line":86},"12":{"name":"(anonymous_12)","decl":{"start":{"line":86,"column":45},"end":{"line":86,"column":46}},"loc":{"start":{"line":86,"column":50},"end":{"line":86,"column":68}},"line":86},"13":{"name":"(anonymous_13)","decl":{"start":{"line":95,"column":30},"end":{"line":95,"column":31}},"loc":{"start":{"line":95,"column":62},"end":{"line":99,"column":7}},"line":95},"14":{"name":"(anonymous_14)","decl":{"start":{"line":97,"column":25},"end":{"line":97,"column":26}},"loc":{"start":{"line":97,"column":33},"end":{"line":97,"column":59}},"line":97},"15":{"name":"(anonymous_15)","decl":{"start":{"line":101,"column":28},"end":{"line":101,"column":29}},"loc":{"start":{"line":101,"column":60},"end":{"line":103,"column":7}},"line":101},"16":{"name":"(anonymous_16)","decl":{"start":{"line":102,"column":23},"end":{"line":102,"column":24}},"loc":{"start":{"line":102,"column":31},"end":{"line":102,"column":62}},"line":102},"17":{"name":"(anonymous_17)","decl":{"start":{"line":102,"column":43},"end":{"line":102,"column":44}},"loc":{"start":{"line":102,"column":51},"end":{"line":102,"column":61}},"line":102},"18":{"name":"(anonymous_18)","decl":{"start":{"line":105,"column":26},"end":{"line":105,"column":27}},"loc":{"start":{"line":105,"column":53},"end":{"line":109,"column":7}},"line":105},"19":{"name":"(anonymous_19)","decl":{"start":{"line":107,"column":25},"end":{"line":107,"column":26}},"loc":{"start":{"line":107,"column":34},"end":{"line":107,"column":72}},"line":107},"20":{"name":"(anonymous_20)","decl":{"start":{"line":111,"column":30},"end":{"line":111,"column":31}},"loc":{"start":{"line":111,"column":57},"end":{"line":115,"column":7}},"line":111},"21":{"name":"(anonymous_21)","decl":{"start":{"line":113,"column":25},"end":{"line":113,"column":26}},"loc":{"start":{"line":113,"column":33},"end":{"line":113,"column":58}},"line":113},"22":{"name":"(anonymous_22)","decl":{"start":{"line":113,"column":45},"end":{"line":113,"column":46}},"loc":{"start":{"line":113,"column":50},"end":{"line":113,"column":57}},"line":113},"23":{"name":"(anonymous_23)","decl":{"start":{"line":117,"column":30},"end":{"line":117,"column":31}},"loc":{"start":{"line":117,"column":57},"end":{"line":121,"column":7}},"line":117},"24":{"name":"(anonymous_24)","decl":{"start":{"line":118,"column":20},"end":{"line":118,"column":21}},"loc":{"start":{"line":118,"column":28},"end":{"line":120,"column":9}},"line":118},"25":{"name":"(anonymous_25)","decl":{"start":{"line":118,"column":37},"end":{"line":118,"column":38}},"loc":{"start":{"line":119,"column":10},"end":{"line":119,"column":58}},"line":119},"26":{"name":"(anonymous_26)","decl":{"start":{"line":123,"column":34},"end":{"line":123,"column":35}},"loc":{"start":{"line":123,"column":85},"end":{"line":131,"column":7}},"line":123},"27":{"name":"(anonymous_27)","decl":{"start":{"line":125,"column":22},"end":{"line":125,"column":23}},"loc":{"start":{"line":125,"column":30},"end":{"line":125,"column":71}},"line":125},"28":{"name":"(anonymous_28)","decl":{"start":{"line":125,"column":42},"end":{"line":125,"column":43}},"loc":{"start":{"line":125,"column":49},"end":{"line":125,"column":70}},"line":125},"29":{"name":"(anonymous_29)","decl":{"start":{"line":127,"column":22},"end":{"line":127,"column":23}},"loc":{"start":{"line":127,"column":30},"end":{"line":129,"column":11}},"line":127},"30":{"name":"(anonymous_30)","decl":{"start":{"line":127,"column":39},"end":{"line":127,"column":40}},"loc":{"start":{"line":128,"column":12},"end":{"line":128,"column":64}},"line":128},"31":{"name":"(anonymous_31)","decl":{"start":{"line":133,"column":25},"end":{"line":133,"column":26}},"loc":{"start":{"line":133,"column":42},"end":{"line":135,"column":7}},"line":133},"32":{"name":"(anonymous_32)","decl":{"start":{"line":140,"column":11},"end":{"line":140,"column":12}},"loc":{"start":{"line":140,"column":17},"end":{"line":148,"column":5}},"line":140},"33":{"name":"(anonymous_33)","decl":{"start":{"line":146,"column":18},"end":{"line":146,"column":19}},"loc":{"start":{"line":146,"column":25},"end":{"line":146,"column":40}},"line":146},"34":{"name":"(anonymous_34)","decl":{"start":{"line":151,"column":12},"end":{"line":151,"column":13}},"loc":{"start":{"line":151,"column":18},"end":{"line":153,"column":3}},"line":151},"35":{"name":"(anonymous_35)","decl":{"start":{"line":155,"column":28},"end":{"line":155,"column":29}},"loc":{"start":{"line":155,"column":46},"end":{"line":163,"column":3}},"line":155},"36":{"name":"(anonymous_36)","decl":{"start":{"line":165,"column":30},"end":{"line":165,"column":31}},"loc":{"start":{"line":165,"column":61},"end":{"line":181,"column":1}},"line":165},"37":{"name":"(anonymous_37)","decl":{"start":{"line":173,"column":7},"end":{"line":173,"column":8}},"loc":{"start":{"line":173,"column":21},"end":{"line":178,"column":5}},"line":173},"38":{"name":"(anonymous_38)","decl":{"start":{"line":183,"column":22},"end":{"line":183,"column":23}},"loc":{"start":{"line":183,"column":36},"end":{"line":191,"column":3}},"line":183},"39":{"name":"(anonymous_39)","decl":{"start":{"line":193,"column":25},"end":{"line":193,"column":26}},"loc":{"start":{"line":193,"column":36},"end":{"line":197,"column":3}},"line":193},"40":{"name":"(anonymous_40)","decl":{"start":{"line":199,"column":28},"end":{"line":199,"column":29}},"loc":{"start":{"line":199,"column":38},"end":{"line":264,"column":3}},"line":199},"41":{"name":"(anonymous_41)","decl":{"start":{"line":219,"column":21},"end":{"line":219,"column":22}},"loc":{"start":{"line":219,"column":27},"end":{"line":219,"column":58}},"line":219},"42":{"name":"(anonymous_42)","decl":{"start":{"line":227,"column":21},"end":{"line":227,"column":22}},"loc":{"start":{"line":227,"column":27},"end":{"line":232,"column":13}},"line":227},"43":{"name":"(anonymous_43)","decl":{"start":{"line":266,"column":27},"end":{"line":266,"column":28}},"loc":{"start":{"line":266,"column":40},"end":{"line":323,"column":3}},"line":266},"44":{"name":"(anonymous_44)","decl":{"start":{"line":280,"column":30},"end":{"line":280,"column":31}},"loc":{"start":{"line":280,"column":41},"end":{"line":285,"column":7}},"line":280},"45":{"name":"(anonymous_45)","decl":{"start":{"line":287,"column":19},"end":{"line":287,"column":20}},"loc":{"start":{"line":287,"column":25},"end":{"line":306,"column":7}},"line":287},"46":{"name":"(anonymous_46)","decl":{"start":{"line":308,"column":20},"end":{"line":308,"column":21}},"loc":{"start":{"line":308,"column":26},"end":{"line":310,"column":7}},"line":308},"47":{"name":"(anonymous_47)","decl":{"start":{"line":317,"column":17},"end":{"line":317,"column":18}},"loc":{"start":{"line":317,"column":23},"end":{"line":317,"column":40}},"line":317},"48":{"name":"(anonymous_48)","decl":{"start":{"line":325,"column":22},"end":{"line":325,"column":23}},"loc":{"start":{"line":325,"column":28},"end":{"line":335,"column":3}},"line":325},"49":{"name":"(anonymous_49)","decl":{"start":{"line":337,"column":28},"end":{"line":337,"column":29}},"loc":{"start":{"line":337,"column":33},"end":{"line":345,"column":3}},"line":337},"50":{"name":"(anonymous_50)","decl":{"start":{"line":347,"column":27},"end":{"line":347,"column":28}},"loc":{"start":{"line":347,"column":33},"end":{"line":353,"column":3}},"line":347},"51":{"name":"(anonymous_51)","decl":{"start":{"line":355,"column":19},"end":{"line":355,"column":20}},"loc":{"start":{"line":355,"column":31},"end":{"line":359,"column":3}},"line":355},"52":{"name":"(anonymous_52)","decl":{"start":{"line":361,"column":21},"end":{"line":361,"column":22}},"loc":{"start":{"line":361,"column":33},"end":{"line":366,"column":3}},"line":361},"53":{"name":"(anonymous_53)","decl":{"start":{"line":384,"column":21},"end":{"line":384,"column":22}},"loc":{"start":{"line":384,"column":27},"end":{"line":384,"column":53}},"line":384},"54":{"name":"(anonymous_54)","decl":{"start":{"line":390,"column":21},"end":{"line":390,"column":22}},"loc":{"start":{"line":390,"column":27},"end":{"line":394,"column":13}},"line":390},"55":{"name":"(anonymous_55)","decl":{"start":{"line":400,"column":21},"end":{"line":400,"column":22}},"loc":{"start":{"line":400,"column":27},"end":{"line":400,"column":77}},"line":400},"56":{"name":"(anonymous_56)","decl":{"start":{"line":419,"column":31},"end":{"line":419,"column":32}},"loc":{"start":{"line":419,"column":37},"end":{"line":422,"column":15}},"line":419},"57":{"name":"(anonymous_57)","decl":{"start":{"line":427,"column":23},"end":{"line":427,"column":24}},"loc":{"start":{"line":428,"column":14},"end":{"line":436,"column":20}},"line":428},"58":{"name":"(anonymous_58)","decl":{"start":{"line":431,"column":25},"end":{"line":431,"column":26}},"loc":{"start":{"line":431,"column":31},"end":{"line":431,"column":50}},"line":431},"59":{"name":"(anonymous_59)","decl":{"start":{"line":443,"column":65},"end":{"line":443,"column":66}},"loc":{"start":{"line":444,"column":14},"end":{"line":454,"column":20}},"line":444},"60":{"name":"(anonymous_60)","decl":{"start":{"line":498,"column":30},"end":{"line":498,"column":31}},"loc":{"start":{"line":498,"column":42},"end":{"line":528,"column":17}},"line":498},"61":{"name":"(anonymous_61)","decl":{"start":{"line":507,"column":37},"end":{"line":507,"column":38}},"loc":{"start":{"line":507,"column":44},"end":{"line":507,"column":73}},"line":507},"62":{"name":"(anonymous_62)","decl":{"start":{"line":547,"column":25},"end":{"line":547,"column":26}},"loc":{"start":{"line":547,"column":31},"end":{"line":547,"column":59}},"line":547},"63":{"name":"(anonymous_63)","decl":{"start":{"line":569,"column":28},"end":{"line":569,"column":29}},"loc":{"start":{"line":569,"column":35},"end":{"line":569,"column":69}},"line":569}},"branchMap":{"0":{"loc":{"start":{"line":30,"column":6},"end":{"line":32,"column":7}},"type":"if","locations":[{"start":{"line":30,"column":6},"end":{"line":32,"column":7}},{"start":{},"end":{}}],"line":30},"1":{"loc":{"start":{"line":30,"column":10},"end":{"line":30,"column":82}},"type":"binary-expr","locations":[{"start":{"line":30,"column":10},"end":{"line":30,"column":32}},{"start":{"line":30,"column":36},"end":{"line":30,"column":82}}],"line":30},"2":{"loc":{"start":{"line":41,"column":3},"end":{"line":45,"column":1}},"type":"binary-expr","locations":[{"start":{"line":41,"column":3},"end":{"line":41,"column":22}},{"start":{"line":42,"column":2},"end":{"line":44,"column":8}}],"line":41},"3":{"loc":{"start":{"line":47,"column":1},"end":{"line":51,"column":1}},"type":"binary-expr","locations":[{"start":{"line":47,"column":1},"end":{"line":47,"column":22}},{"start":{"line":48,"column":2},"end":{"line":50,"column":8}}],"line":47},"4":{"loc":{"start":{"line":53,"column":1},"end":{"line":57,"column":1}},"type":"binary-expr","locations":[{"start":{"line":53,"column":1},"end":{"line":53,"column":25}},{"start":{"line":54,"column":2},"end":{"line":56,"column":8}}],"line":53},"5":{"loc":{"start":{"line":60,"column":4},"end":{"line":60,"column":24}},"type":"if","locations":[{"start":{"line":60,"column":4},"end":{"line":60,"column":24}},{"start":{},"end":{}}],"line":60},"6":{"loc":{"start":{"line":68,"column":8},"end":{"line":71,"column":9}},"type":"if","locations":[{"start":{"line":68,"column":8},"end":{"line":71,"column":9}},{"start":{},"end":{}}],"line":68},"7":{"loc":{"start":{"line":68,"column":12},"end":{"line":68,"column":43}},"type":"binary-expr","locations":[{"start":{"line":68,"column":12},"end":{"line":68,"column":24}},{"start":{"line":68,"column":28},"end":{"line":68,"column":43}}],"line":68},"8":{"loc":{"start":{"line":84,"column":8},"end":{"line":92,"column":9}},"type":"if","locations":[{"start":{"line":84,"column":8},"end":{"line":92,"column":9}},{"start":{},"end":{}}],"line":84},"9":{"loc":{"start":{"line":89,"column":10},"end":{"line":91,"column":11}},"type":"if","locations":[{"start":{"line":89,"column":10},"end":{"line":91,"column":11}},{"start":{},"end":{}}],"line":89},"10":{"loc":{"start":{"line":96,"column":8},"end":{"line":98,"column":9}},"type":"if","locations":[{"start":{"line":96,"column":8},"end":{"line":98,"column":9}},{"start":{},"end":{}}],"line":96},"11":{"loc":{"start":{"line":106,"column":8},"end":{"line":108,"column":9}},"type":"if","locations":[{"start":{"line":106,"column":8},"end":{"line":108,"column":9}},{"start":{},"end":{}}],"line":106},"12":{"loc":{"start":{"line":106,"column":12},"end":{"line":106,"column":50}},"type":"binary-expr","locations":[{"start":{"line":106,"column":12},"end":{"line":106,"column":32}},{"start":{"line":106,"column":36},"end":{"line":106,"column":50}}],"line":106},"13":{"loc":{"start":{"line":107,"column":34},"end":{"line":107,"column":72}},"type":"cond-expr","locations":[{"start":{"line":107,"column":53},"end":{"line":107,"column":57}},{"start":{"line":107,"column":60},"end":{"line":107,"column":72}}],"line":107},"14":{"loc":{"start":{"line":112,"column":8},"end":{"line":114,"column":9}},"type":"if","locations":[{"start":{"line":112,"column":8},"end":{"line":114,"column":9}},{"start":{},"end":{}}],"line":112},"15":{"loc":{"start":{"line":119,"column":10},"end":{"line":119,"column":58}},"type":"cond-expr","locations":[{"start":{"line":119,"column":34},"end":{"line":119,"column":52}},{"start":{"line":119,"column":55},"end":{"line":119,"column":58}}],"line":119},"16":{"loc":{"start":{"line":124,"column":8},"end":{"line":130,"column":9}},"type":"if","locations":[{"start":{"line":124,"column":8},"end":{"line":130,"column":9}},{"start":{"line":126,"column":15},"end":{"line":130,"column":9}}],"line":124},"17":{"loc":{"start":{"line":128,"column":12},"end":{"line":128,"column":64}},"type":"cond-expr","locations":[{"start":{"line":128,"column":36},"end":{"line":128,"column":58}},{"start":{"line":128,"column":61},"end":{"line":128,"column":64}}],"line":128},"18":{"loc":{"start":{"line":141,"column":6},"end":{"line":147,"column":7}},"type":"if","locations":[{"start":{"line":141,"column":6},"end":{"line":147,"column":7}},{"start":{},"end":{}}],"line":141},"19":{"loc":{"start":{"line":165,"column":31},"end":{"line":165,"column":56}},"type":"default-arg","locations":[{"start":{"line":165,"column":51},"end":{"line":165,"column":56}}],"line":165},"20":{"loc":{"start":{"line":166,"column":4},"end":{"line":166,"column":61}},"type":"if","locations":[{"start":{"line":166,"column":4},"end":{"line":166,"column":61}},{"start":{},"end":{}}],"line":166},"21":{"loc":{"start":{"line":166,"column":8},"end":{"line":166,"column":52}},"type":"binary-expr","locations":[{"start":{"line":166,"column":8},"end":{"line":166,"column":30}},{"start":{"line":166,"column":34},"end":{"line":166,"column":52}}],"line":166},"22":{"loc":{"start":{"line":175,"column":8},"end":{"line":177,"column":9}},"type":"if","locations":[{"start":{"line":175,"column":8},"end":{"line":177,"column":9}},{"start":{},"end":{}}],"line":175},"23":{"loc":{"start":{"line":184,"column":4},"end":{"line":184,"column":52}},"type":"if","locations":[{"start":{"line":184,"column":4},"end":{"line":184,"column":52}},{"start":{},"end":{}}],"line":184},"24":{"loc":{"start":{"line":185,"column":4},"end":{"line":185,"column":51}},"type":"if","locations":[{"start":{"line":185,"column":4},"end":{"line":185,"column":51}},{"start":{},"end":{}}],"line":185},"25":{"loc":{"start":{"line":186,"column":4},"end":{"line":186,"column":51}},"type":"if","locations":[{"start":{"line":186,"column":4},"end":{"line":186,"column":51}},{"start":{},"end":{}}],"line":186},"26":{"loc":{"start":{"line":187,"column":4},"end":{"line":187,"column":46}},"type":"if","locations":[{"start":{"line":187,"column":4},"end":{"line":187,"column":46}},{"start":{},"end":{}}],"line":187},"27":{"loc":{"start":{"line":188,"column":4},"end":{"line":188,"column":47}},"type":"if","locations":[{"start":{"line":188,"column":4},"end":{"line":188,"column":47}},{"start":{},"end":{}}],"line":188},"28":{"loc":{"start":{"line":189,"column":4},"end":{"line":189,"column":47}},"type":"if","locations":[{"start":{"line":189,"column":4},"end":{"line":189,"column":47}},{"start":{},"end":{}}],"line":189},"29":{"loc":{"start":{"line":194,"column":4},"end":{"line":194,"column":42}},"type":"if","locations":[{"start":{"line":194,"column":4},"end":{"line":194,"column":42}},{"start":{},"end":{}}],"line":194},"30":{"loc":{"start":{"line":195,"column":4},"end":{"line":195,"column":70}},"type":"if","locations":[{"start":{"line":195,"column":4},"end":{"line":195,"column":70}},{"start":{},"end":{}}],"line":195},"31":{"loc":{"start":{"line":221,"column":19},"end":{"line":221,"column":69}},"type":"cond-expr","locations":[{"start":{"line":221,"column":32},"end":{"line":221,"column":43}},{"start":{"line":221,"column":46},"end":{"line":221,"column":69}}],"line":221},"32":{"loc":{"start":{"line":238,"column":9},"end":{"line":261,"column":9}},"type":"binary-expr","locations":[{"start":{"line":238,"column":9},"end":{"line":238,"column":19}},{"start":{"line":239,"column":10},"end":{"line":260,"column":16}}],"line":238},"33":{"loc":{"start":{"line":240,"column":13},"end":{"line":242,"column":13}},"type":"binary-expr","locations":[{"start":{"line":240,"column":13},"end":{"line":240,"column":43}},{"start":{"line":241,"column":14},"end":{"line":241,"column":83}}],"line":240},"34":{"loc":{"start":{"line":243,"column":13},"end":{"line":247,"column":13}},"type":"binary-expr","locations":[{"start":{"line":243,"column":13},"end":{"line":243,"column":43}},{"start":{"line":244,"column":14},"end":{"line":246,"column":22}}],"line":243},"35":{"loc":{"start":{"line":248,"column":13},"end":{"line":252,"column":13}},"type":"binary-expr","locations":[{"start":{"line":248,"column":13},"end":{"line":248,"column":43}},{"start":{"line":249,"column":14},"end":{"line":251,"column":22}}],"line":248},"36":{"loc":{"start":{"line":253,"column":13},"end":{"line":259,"column":13}},"type":"binary-expr","locations":[{"start":{"line":253,"column":13},"end":{"line":253,"column":38}},{"start":{"line":254,"column":14},"end":{"line":258,"column":16}}],"line":253},"37":{"loc":{"start":{"line":268,"column":4},"end":{"line":268,"column":38}},"type":"if","locations":[{"start":{"line":268,"column":4},"end":{"line":268,"column":38}},{"start":{},"end":{}}],"line":268},"38":{"loc":{"start":{"line":268,"column":8},"end":{"line":268,"column":29}},"type":"binary-expr","locations":[{"start":{"line":268,"column":8},"end":{"line":268,"column":13}},{"start":{"line":268,"column":17},"end":{"line":268,"column":29}}],"line":268},"39":{"loc":{"start":{"line":281,"column":8},"end":{"line":284,"column":9}},"type":"if","locations":[{"start":{"line":281,"column":8},"end":{"line":284,"column":9}},{"start":{},"end":{}}],"line":281},"40":{"loc":{"start":{"line":288,"column":8},"end":{"line":305,"column":9}},"type":"if","locations":[{"start":{"line":288,"column":8},"end":{"line":305,"column":9}},{"start":{"line":303,"column":15},"end":{"line":305,"column":9}}],"line":288},"41":{"loc":{"start":{"line":319,"column":6},"end":{"line":321,"column":7}},"type":"if","locations":[{"start":{"line":319,"column":6},"end":{"line":321,"column":7}},{"start":{},"end":{}}],"line":319},"42":{"loc":{"start":{"line":326,"column":4},"end":{"line":334,"column":5}},"type":"if","locations":[{"start":{"line":326,"column":4},"end":{"line":334,"column":5}},{"start":{},"end":{}}],"line":326},"43":{"loc":{"start":{"line":326,"column":8},"end":{"line":326,"column":90}},"type":"binary-expr","locations":[{"start":{"line":326,"column":9},"end":{"line":326,"column":26}},{"start":{"line":326,"column":30},"end":{"line":326,"column":64}},{"start":{"line":326,"column":69},"end":{"line":326,"column":75}},{"start":{"line":326,"column":79},"end":{"line":326,"column":90}}],"line":326},"44":{"loc":{"start":{"line":327,"column":6},"end":{"line":332,"column":7}},"type":"if","locations":[{"start":{"line":327,"column":6},"end":{"line":332,"column":7}},{"start":{},"end":{}}],"line":327},"45":{"loc":{"start":{"line":339,"column":4},"end":{"line":342,"column":5}},"type":"if","locations":[{"start":{"line":339,"column":4},"end":{"line":342,"column":5}},{"start":{},"end":{}}],"line":339},"46":{"loc":{"start":{"line":348,"column":4},"end":{"line":351,"column":5}},"type":"if","locations":[{"start":{"line":348,"column":4},"end":{"line":351,"column":5}},{"start":{},"end":{}}],"line":348},"47":{"loc":{"start":{"line":356,"column":4},"end":{"line":358,"column":5}},"type":"if","locations":[{"start":{"line":356,"column":4},"end":{"line":358,"column":5}},{"start":{},"end":{}}],"line":356},"48":{"loc":{"start":{"line":356,"column":8},"end":{"line":356,"column":54}},"type":"binary-expr","locations":[{"start":{"line":356,"column":8},"end":{"line":356,"column":14}},{"start":{"line":356,"column":18},"end":{"line":356,"column":26}},{"start":{"line":356,"column":30},"end":{"line":356,"column":54}}],"line":356},"49":{"loc":{"start":{"line":363,"column":4},"end":{"line":365,"column":5}},"type":"if","locations":[{"start":{"line":363,"column":4},"end":{"line":365,"column":5}},{"start":{},"end":{}}],"line":363},"50":{"loc":{"start":{"line":363,"column":8},"end":{"line":363,"column":22}},"type":"binary-expr","locations":[{"start":{"line":363,"column":8},"end":{"line":363,"column":14}},{"start":{"line":363,"column":18},"end":{"line":363,"column":22}}],"line":363},"51":{"loc":{"start":{"line":371,"column":7},"end":{"line":405,"column":7}},"type":"binary-expr","locations":[{"start":{"line":371,"column":7},"end":{"line":371,"column":26}},{"start":{"line":372,"column":8},"end":{"line":404,"column":14}}],"line":371},"52":{"loc":{"start":{"line":391,"column":14},"end":{"line":393,"column":15}},"type":"if","locations":[{"start":{"line":391,"column":14},"end":{"line":393,"column":15}},{"start":{},"end":{}}],"line":391},"53":{"loc":{"start":{"line":411,"column":13},"end":{"line":413,"column":63}},"type":"cond-expr","locations":[{"start":{"line":412,"column":16},"end":{"line":412,"column":61}},{"start":{"line":413,"column":16},"end":{"line":413,"column":63}}],"line":411},"54":{"loc":{"start":{"line":430,"column":40},"end":{"line":430,"column":81}},"type":"cond-expr","locations":[{"start":{"line":430,"column":68},"end":{"line":430,"column":76}},{"start":{"line":430,"column":79},"end":{"line":430,"column":81}}],"line":430},"55":{"loc":{"start":{"line":435,"column":41},"end":{"line":435,"column":60}},"type":"binary-expr","locations":[{"start":{"line":435,"column":41},"end":{"line":435,"column":55}},{"start":{"line":435,"column":59},"end":{"line":435,"column":60}}],"line":435},"56":{"loc":{"start":{"line":445,"column":40},"end":{"line":445,"column":78}},"type":"cond-expr","locations":[{"start":{"line":445,"column":60},"end":{"line":445,"column":62}},{"start":{"line":445,"column":65},"end":{"line":445,"column":78}}],"line":445},"57":{"loc":{"start":{"line":446,"column":23},"end":{"line":446,"column":56}},"type":"cond-expr","locations":[{"start":{"line":446,"column":43},"end":{"line":446,"column":51}},{"start":{"line":446,"column":54},"end":{"line":446,"column":56}}],"line":446},"58":{"loc":{"start":{"line":447,"column":17},"end":{"line":453,"column":17}},"type":"binary-expr","locations":[{"start":{"line":447,"column":17},"end":{"line":447,"column":43}},{"start":{"line":448,"column":18},"end":{"line":452,"column":24}}],"line":447},"59":{"loc":{"start":{"line":480,"column":17},"end":{"line":480,"column":47}},"type":"binary-expr","locations":[{"start":{"line":480,"column":17},"end":{"line":480,"column":28}},{"start":{"line":480,"column":32},"end":{"line":480,"column":47}}],"line":480},"60":{"loc":{"start":{"line":489,"column":13},"end":{"line":531,"column":13}},"type":"cond-expr","locations":[{"start":{"line":490,"column":14},"end":{"line":495,"column":20}},{"start":{"line":497,"column":14},"end":{"line":530,"column":17}}],"line":489},"61":{"loc":{"start":{"line":499,"column":18},"end":{"line":501,"column":19}},"type":"if","locations":[{"start":{"line":499,"column":18},"end":{"line":501,"column":19}},{"start":{},"end":{}}],"line":499},"62":{"loc":{"start":{"line":505,"column":27},"end":{"line":505,"column":39}},"type":"binary-expr","locations":[{"start":{"line":505,"column":27},"end":{"line":505,"column":34}},{"start":{"line":505,"column":38},"end":{"line":505,"column":39}}],"line":505},"63":{"loc":{"start":{"line":506,"column":48},"end":{"line":506,"column":91}},"type":"cond-expr","locations":[{"start":{"line":506,"column":76},"end":{"line":506,"column":81}},{"start":{"line":506,"column":84},"end":{"line":506,"column":91}}],"line":506},"64":{"loc":{"start":{"line":511,"column":27},"end":{"line":511,"column":75}},"type":"cond-expr","locations":[{"start":{"line":511,"column":55},"end":{"line":511,"column":60}},{"start":{"line":511,"column":63},"end":{"line":511,"column":75}}],"line":511},"65":{"loc":{"start":{"line":512,"column":27},"end":{"line":514,"column":27}},"type":"binary-expr","locations":[{"start":{"line":512,"column":27},"end":{"line":512,"column":100}},{"start":{"line":513,"column":28},"end":{"line":513,"column":68}}],"line":512},"66":{"loc":{"start":{"line":512,"column":48},"end":{"line":512,"column":99}},"type":"cond-expr","locations":[{"start":{"line":512,"column":76},"end":{"line":512,"column":84}},{"start":{"line":512,"column":87},"end":{"line":512,"column":99}}],"line":512},"67":{"loc":{"start":{"line":518,"column":27},"end":{"line":518,"column":66}},"type":"binary-expr","locations":[{"start":{"line":518,"column":27},"end":{"line":518,"column":35}},{"start":{"line":518,"column":39},"end":{"line":518,"column":66}}],"line":518},"68":{"loc":{"start":{"line":535,"column":13},"end":{"line":543,"column":13}},"type":"binary-expr","locations":[{"start":{"line":535,"column":13},"end":{"line":535,"column":31}},{"start":{"line":535,"column":35},"end":{"line":535,"column":55}},{"start":{"line":536,"column":14},"end":{"line":542,"column":20}}],"line":535},"69":{"loc":{"start":{"line":569,"column":35},"end":{"line":569,"column":69}},"type":"binary-expr","locations":[{"start":{"line":569,"column":35},"end":{"line":569,"column":52}},{"start":{"line":569,"column":56},"end":{"line":569,"column":69}}],"line":569},"70":{"loc":{"start":{"line":571,"column":43},"end":{"line":571,"column":64}},"type":"binary-expr","locations":[{"start":{"line":571,"column":43},"end":{"line":571,"column":54}},{"start":{"line":571,"column":58},"end":{"line":571,"column":64}}],"line":571},"71":{"loc":{"start":{"line":576,"column":26},"end":{"line":576,"column":132}},"type":"binary-expr","locations":[{"start":{"line":576,"column":27},"end":{"line":576,"column":45}},{"start":{"line":576,"column":50},"end":{"line":576,"column":71}},{"start":{"line":576,"column":75},"end":{"line":576,"column":114}},{"start":{"line":576,"column":120},"end":{"line":576,"column":132}}],"line":576},"72":{"loc":{"start":{"line":585,"column":13},"end":{"line":594,"column":13}},"type":"binary-expr","locations":[{"start":{"line":585,"column":13},"end":{"line":585,"column":21}},{"start":{"line":586,"column":14},"end":{"line":593,"column":20}}],"line":585}},"s":{"0":19,"1":19,"2":19,"3":19,"4":19,"5":19,"6":19,"7":19,"8":19,"9":19,"10":19,"11":19,"12":19,"13":19,"14":19,"15":19,"16":19,"17":19,"18":19,"19":19,"20":19,"21":9,"22":0,"23":0,"24":9,"25":9,"26":9,"27":19,"28":19,"29":19,"30":19,"31":11,"32":0,"33":11,"34":11,"35":11,"36":11,"37":3,"38":3,"39":3,"40":3,"41":11,"42":3,"43":3,"44":11,"45":0,"46":11,"47":3,"48":3,"49":3,"50":3,"51":3,"52":0,"53":3,"54":2,"55":11,"56":0,"57":0,"58":0,"59":11,"60":0,"61":0,"62":0,"63":11,"64":0,"65":0,"66":0,"67":11,"68":0,"69":0,"70":0,"71":0,"72":11,"73":0,"74":0,"75":0,"76":11,"77":0,"78":0,"79":0,"80":0,"81":0,"82":0,"83":0,"84":11,"85":0,"86":11,"87":11,"88":11,"89":11,"90":121,"91":19,"92":13,"93":19,"94":1,"95":1,"96":19,"97":0,"98":0,"99":0,"100":0,"101":0,"102":0,"103":0,"104":0,"105":19,"106":0,"107":0,"108":0,"109":0,"110":0,"111":0,"112":0,"113":0,"114":0,"115":0,"116":0,"117":0,"118":0,"119":19,"120":0,"121":0,"122":0,"123":0,"124":0,"125":19,"126":0,"127":0,"128":0,"129":0,"130":0,"131":0,"132":0,"133":19,"134":0,"135":0,"136":0,"137":0,"138":0,"139":0,"140":0,"141":0,"142":0,"143":0,"144":0,"145":0,"146":0,"147":0,"148":0,"149":0,"150":0,"151":0,"152":0,"153":0,"154":0,"155":0,"156":0,"157":0,"158":0,"159":0,"160":0,"161":0,"162":0,"163":0,"164":0,"165":19,"166":1,"167":1,"168":1,"169":1,"170":1,"171":19,"172":1,"173":1,"174":1,"175":1,"176":1,"177":1,"178":19,"179":1,"180":1,"181":1,"182":1,"183":19,"184":1,"185":1,"186":19,"187":0,"188":0,"189":0,"190":19,"191":0,"192":0,"193":0,"194":0,"195":0,"196":0,"197":4,"198":1,"199":19,"200":4,"201":0,"202":4,"203":1,"204":0,"205":1},"f":{"0":19,"1":9,"2":0,"3":9,"4":11,"5":11,"6":3,"7":3,"8":0,"9":3,"10":3,"11":3,"12":0,"13":0,"14":0,"15":0,"16":0,"17":0,"18":0,"19":0,"20":0,"21":0,"22":0,"23":0,"24":0,"25":0,"26":0,"27":0,"28":0,"29":0,"30":0,"31":0,"32":11,"33":121,"34":13,"35":1,"36":0,"37":0,"38":0,"39":0,"40":0,"41":0,"42":0,"43":0,"44":0,"45":0,"46":0,"47":0,"48":1,"49":1,"50":1,"51":1,"52":0,"53":0,"54":0,"55":0,"56":0,"57":4,"58":1,"59":19,"60":4,"61":1,"62":0,"63":1},"b":{"0":[0,0],"1":[0,0],"2":[19,0],"3":[19,0],"4":[19,0],"5":[0,11],"6":[3,0],"7":[3,3],"8":[3,0],"9":[2,1],"10":[0,0],"11":[0,0],"12":[0,0],"13":[0,0],"14":[0,0],"15":[0,0],"16":[0,0],"17":[0,0],"18":[11,0],"19":[0],"20":[0,0],"21":[0,0],"22":[0,0],"23":[0,0],"24":[0,0],"25":[0,0],"26":[0,0],"27":[0,0],"28":[0,0],"29":[0,0],"30":[0,0],"31":[0,0],"32":[0,0],"33":[0,0],"34":[0,0],"35":[0,0],"36":[0,0],"37":[0,0],"38":[0,0],"39":[0,0],"40":[0,0],"41":[0,0],"42":[1,0],"43":[1,0,1,1],"44":[1,0],"45":[1,0],"46":[1,0],"47":[1,0],"48":[1,1,1],"49":[0,0],"50":[0,0],"51":[19,1],"52":[0,0],"53":[19,0],"54":[0,4],"55":[4,0],"56":[19,0],"57":[19,0],"58":[19,0],"59":[19,11],"60":[16,3],"61":[0,4],"62":[4,0],"63":[1,3],"64":[1,3],"65":[4,0],"66":[0,0],"67":[4,0],"68":[19,0,0],"69":[1,1],"70":[19,11],"71":[19,18,10,1],"72":[19,1]},"_coverageSchema":"1a1c01bbd47fc00a2c39e90264f33305004495a9","hash":"c364d967344404ab8bebb09285bbf6e211ecb8d8"}
}
