TN:
SF:src\components\AuthForm.jsx
FN:3,AuthForm
FN:7,(anonymous_1)
FN:79,(anonymous_2)
FNF:3
FNH:3
FNDA:11,AuthForm
FNDA:2,(anonymous_1)
FNDA:2,(anonymous_2)
DA:4,11
DA:5,11
DA:7,11
DA:8,2
DA:9,2
DA:10,2
DA:12,2
DA:13,2
DA:14,2
DA:16,2
DA:17,1
DA:20,11
DA:79,2
LF:13
LH:13
BRDA:25,0,0,8
BRDA:25,0,1,3
BRDA:29,1,0,11
BRDA:29,1,1,1
BRDA:71,2,0,2
BRDA:71,2,1,9
BRDA:71,3,0,7
BRDA:71,3,1,2
BRDA:82,4,0,8
BRDA:82,4,1,3
BRF:10
BRH:10
end_of_record
TN:
SF:src\components\Loading.jsx
FN:1,Loading
FNF:1
FNH:1
FNDA:3,Loading
DA:2,3
LF:1
LH:1
BRDA:1,0,0,2
BRF:1
BRH:1
end_of_record
TN:
SF:src\components\MessageList.jsx
FN:3,(anonymous_0)
FN:6,(anonymous_1)
FN:12,(anonymous_2)
FNF:3
FNH:3
FNDA:2,(anonymous_0)
FNDA:2,(anonymous_1)
FNDA:4,(anonymous_2)
DA:3,1
DA:4,2
DA:6,2
DA:7,2
DA:10,2
DA:13,4
LF:6
LH:6
BRF:0
BRH:0
end_of_record
TN:
SF:src\components\OnlineUsers.jsx
FN:4,(anonymous_0)
FN:8,(anonymous_1)
FN:11,(anonymous_2)
FN:15,(anonymous_3)
FN:24,(anonymous_4)
FN:28,(anonymous_5)
FNF:6
FNH:6
FNDA:4,(anonymous_0)
FNDA:2,(anonymous_1)
FNDA:2,(anonymous_2)
FNDA:2,(anonymous_3)
FNDA:3,(anonymous_4)
FNDA:1,(anonymous_5)
DA:4,1
DA:5,4
DA:6,4
DA:8,4
DA:9,2
DA:11,2
DA:12,2
DA:15,2
DA:16,2
DA:20,4
DA:25,3
DA:28,1
LF:12
LH:12
BRDA:9,0,0,0
BRDA:9,0,1,2
BRDA:30,1,0,2
BRDA:30,1,1,1
BRF:4
BRH:3
end_of_record
TN:
SF:src\components\RegisterForm.jsx
FN:3,RegisterForm
FN:7,(anonymous_1)
FN:14,(anonymous_2)
FNF:3
FNH:3
FNDA:38,RegisterForm
FNDA:22,(anonymous_1)
FNDA:12,(anonymous_2)
DA:4,38
DA:5,38
DA:7,38
DA:9,22
DA:10,2
DA:14,38
DA:15,12
DA:16,12
DA:17,12
DA:19,12
DA:20,12
DA:21,12
DA:24,12
DA:25,4
DA:26,4
DA:27,4
DA:30,8
DA:31,8
DA:37,8
DA:38,2
DA:41,6
DA:43,2
DA:45,8
DA:49,38
LF:24
LH:24
BRDA:9,0,0,2
BRDA:9,0,1,20
BRDA:24,1,0,4
BRDA:24,1,1,8
BRDA:37,2,0,2
BRDA:37,2,1,6
BRDA:68,3,0,38
BRDA:68,3,1,6
BRDA:83,4,0,8
BRDA:83,4,1,30
BRF:10
BRH:10
end_of_record
TN:
SF:src\context\SocketContext.jsx
FN:6,(anonymous_0)
FN:15,(anonymous_1)
FN:23,(anonymous_2)
FN:27,(anonymous_3)
FN:32,(anonymous_4)
FN:39,(anonymous_5)
FN:39,(anonymous_6)
FN:44,(anonymous_7)
FN:49,(anonymous_8)
FN:61,(anonymous_9)
FN:70,(anonymous_10)
FN:70,(anonymous_11)
FN:87,(anonymous_12)
FNF:13
FNH:0
FNDA:0,(anonymous_0)
FNDA:0,(anonymous_1)
FNDA:0,(anonymous_2)
FNDA:0,(anonymous_3)
FNDA:0,(anonymous_4)
FNDA:0,(anonymous_5)
FNDA:0,(anonymous_6)
FNDA:0,(anonymous_7)
FNDA:0,(anonymous_8)
FNDA:0,(anonymous_9)
FNDA:0,(anonymous_10)
FNDA:0,(anonymous_11)
FNDA:0,(anonymous_12)
DA:4,1
DA:6,1
DA:7,0
DA:8,0
DA:9,0
DA:15,0
DA:16,0
DA:18,0
DA:23,0
DA:24,0
DA:27,0
DA:28,0
DA:32,0
DA:33,0
DA:39,0
DA:42,0
DA:44,0
DA:45,0
DA:49,0
DA:50,0
DA:52,0
DA:58,0
DA:62,0
DA:69,0
DA:70,0
DA:75,0
DA:87,1
LF:27
LH:3
BRDA:16,0,0,0
BRDA:16,0,1,0
BRDA:49,1,0,0
BRDA:50,2,0,0
BRDA:50,2,1,0
BRDA:50,3,0,0
BRDA:50,3,1,0
BRDA:64,4,0,0
BRDA:64,4,1,0
BRDA:69,5,0,0
BRDA:69,5,1,0
BRF:11
BRH:0
end_of_record
TN:
SF:src\pages\AuthPage.jsx
FN:4,AuthPage
FN:7,(anonymous_1)
FNF:2
FNH:2
FNDA:5,AuthPage
FNDA:3,(anonymous_1)
DA:5,5
DA:7,5
DA:8,3
DA:9,3
DA:10,3
DA:17,3
DA:18,1
DA:21,2
DA:23,1
DA:27,5
LF:10
LH:10
BRDA:9,0,0,2
BRDA:9,0,1,1
BRDA:17,1,0,1
BRDA:17,1,1,2
BRF:4
BRH:4
end_of_record
TN:
SF:src\pages\ChatPage.jsx
FN:5,ChatPage
FN:28,(anonymous_1)
FN:29,(anonymous_2)
FN:35,(anonymous_3)
FN:59,(anonymous_4)
FN:65,(anonymous_5)
FN:66,(anonymous_6)
FN:74,(anonymous_7)
FN:79,(anonymous_8)
FN:83,(anonymous_9)
FN:85,(anonymous_10)
FN:86,(anonymous_11)
FN:86,(anonymous_12)
FN:95,(anonymous_13)
FN:97,(anonymous_14)
FN:101,(anonymous_15)
FN:102,(anonymous_16)
FN:102,(anonymous_17)
FN:105,(anonymous_18)
FN:107,(anonymous_19)
FN:111,(anonymous_20)
FN:113,(anonymous_21)
FN:113,(anonymous_22)
FN:117,(anonymous_23)
FN:118,(anonymous_24)
FN:118,(anonymous_25)
FN:123,(anonymous_26)
FN:125,(anonymous_27)
FN:125,(anonymous_28)
FN:127,(anonymous_29)
FN:127,(anonymous_30)
FN:133,(anonymous_31)
FN:140,(anonymous_32)
FN:146,(anonymous_33)
FN:151,(anonymous_34)
FN:155,(anonymous_35)
FN:165,(anonymous_36)
FN:173,(anonymous_37)
FN:183,(anonymous_38)
FN:193,(anonymous_39)
FN:199,(anonymous_40)
FN:219,(anonymous_41)
FN:227,(anonymous_42)
FN:266,(anonymous_43)
FN:280,(anonymous_44)
FN:287,(anonymous_45)
FN:308,(anonymous_46)
FN:317,(anonymous_47)
FN:325,(anonymous_48)
FN:337,(anonymous_49)
FN:347,(anonymous_50)
FN:355,(anonymous_51)
FN:361,(anonymous_52)
FN:384,(anonymous_53)
FN:390,(anonymous_54)
FN:400,(anonymous_55)
FN:419,(anonymous_56)
FN:427,(anonymous_57)
FN:431,(anonymous_58)
FN:443,(anonymous_59)
FN:498,(anonymous_60)
FN:507,(anonymous_61)
FN:547,(anonymous_62)
FN:569,(anonymous_63)
FNF:64
FNH:24
FNDA:19,ChatPage
FNDA:9,(anonymous_1)
FNDA:0,(anonymous_2)
FNDA:9,(anonymous_3)
FNDA:11,(anonymous_4)
FNDA:11,(anonymous_5)
FNDA:3,(anonymous_6)
FNDA:3,(anonymous_7)
FNDA:0,(anonymous_8)
FNDA:3,(anonymous_9)
FNDA:3,(anonymous_10)
FNDA:3,(anonymous_11)
FNDA:0,(anonymous_12)
FNDA:0,(anonymous_13)
FNDA:0,(anonymous_14)
FNDA:0,(anonymous_15)
FNDA:0,(anonymous_16)
FNDA:0,(anonymous_17)
FNDA:0,(anonymous_18)
FNDA:0,(anonymous_19)
FNDA:0,(anonymous_20)
FNDA:0,(anonymous_21)
FNDA:0,(anonymous_22)
FNDA:0,(anonymous_23)
FNDA:0,(anonymous_24)
FNDA:0,(anonymous_25)
FNDA:0,(anonymous_26)
FNDA:0,(anonymous_27)
FNDA:0,(anonymous_28)
FNDA:0,(anonymous_29)
FNDA:0,(anonymous_30)
FNDA:0,(anonymous_31)
FNDA:11,(anonymous_32)
FNDA:121,(anonymous_33)
FNDA:13,(anonymous_34)
FNDA:1,(anonymous_35)
FNDA:0,(anonymous_36)
FNDA:0,(anonymous_37)
FNDA:0,(anonymous_38)
FNDA:0,(anonymous_39)
FNDA:0,(anonymous_40)
FNDA:0,(anonymous_41)
FNDA:0,(anonymous_42)
FNDA:0,(anonymous_43)
FNDA:0,(anonymous_44)
FNDA:0,(anonymous_45)
FNDA:0,(anonymous_46)
FNDA:0,(anonymous_47)
FNDA:1,(anonymous_48)
FNDA:1,(anonymous_49)
FNDA:1,(anonymous_50)
FNDA:1,(anonymous_51)
FNDA:0,(anonymous_52)
FNDA:0,(anonymous_53)
FNDA:0,(anonymous_54)
FNDA:0,(anonymous_55)
FNDA:0,(anonymous_56)
FNDA:4,(anonymous_57)
FNDA:1,(anonymous_58)
FNDA:19,(anonymous_59)
FNDA:4,(anonymous_60)
FNDA:1,(anonymous_61)
FNDA:0,(anonymous_62)
FNDA:1,(anonymous_63)
DA:6,19
DA:7,19
DA:8,19
DA:9,19
DA:10,19
DA:11,19
DA:12,19
DA:13,19
DA:14,19
DA:15,19
DA:16,19
DA:17,19
DA:18,19
DA:19,19
DA:20,19
DA:21,19
DA:22,19
DA:23,19
DA:24,19
DA:25,19
DA:28,19
DA:29,9
DA:30,0
DA:31,0
DA:34,9
DA:35,9
DA:36,9
DA:41,19
DA:47,19
DA:53,19
DA:59,19
DA:60,11
DA:62,11
DA:63,11
DA:65,11
DA:66,11
DA:67,3
DA:68,3
DA:69,3
DA:70,3
DA:74,11
DA:75,3
DA:76,3
DA:79,11
DA:80,0
DA:83,11
DA:84,3
DA:85,3
DA:86,3
DA:89,3
DA:90,2
DA:95,11
DA:96,0
DA:97,0
DA:101,11
DA:102,0
DA:105,11
DA:106,0
DA:107,0
DA:111,11
DA:112,0
DA:113,0
DA:117,11
DA:118,0
DA:119,0
DA:123,11
DA:124,0
DA:125,0
DA:127,0
DA:128,0
DA:133,11
DA:134,0
DA:138,11
DA:140,11
DA:141,11
DA:142,11
DA:146,121
DA:151,19
DA:152,13
DA:155,19
DA:156,1
DA:157,1
DA:165,19
DA:166,0
DA:168,0
DA:170,0
DA:174,0
DA:175,0
DA:176,0
DA:180,0
DA:183,19
DA:184,0
DA:185,0
DA:186,0
DA:187,0
DA:188,0
DA:189,0
DA:190,0
DA:193,19
DA:194,0
DA:195,0
DA:196,0
DA:199,19
DA:200,0
DA:207,0
DA:219,0
DA:228,0
DA:229,0
DA:230,0
DA:231,0
DA:266,19
DA:267,0
DA:268,0
DA:270,0
DA:271,0
DA:272,0
DA:274,0
DA:275,0
DA:277,0
DA:278,0
DA:280,0
DA:281,0
DA:282,0
DA:283,0
DA:287,0
DA:288,0
DA:289,0
DA:290,0
DA:301,0
DA:302,0
DA:304,0
DA:308,0
DA:309,0
DA:312,0
DA:314,0
DA:315,0
DA:316,0
DA:317,0
DA:319,0
DA:320,0
DA:325,19
DA:326,1
DA:327,1
DA:328,1
DA:331,1
DA:333,1
DA:337,19
DA:338,1
DA:339,1
DA:340,1
DA:341,1
DA:343,1
DA:344,1
DA:347,19
DA:348,1
DA:349,1
DA:350,1
DA:352,1
DA:355,19
DA:356,1
DA:357,1
DA:361,19
DA:362,0
DA:363,0
DA:364,0
DA:368,19
DA:384,0
DA:391,0
DA:392,0
DA:400,0
DA:420,0
DA:421,0
DA:428,4
DA:431,1
DA:444,19
DA:499,4
DA:500,0
DA:503,4
DA:507,1
DA:547,0
DA:569,1
LF:181
LH:100
BRDA:30,0,0,0
BRDA:30,0,1,0
BRDA:30,1,0,0
BRDA:30,1,1,0
BRDA:41,2,0,19
BRDA:41,2,1,0
BRDA:47,3,0,19
BRDA:47,3,1,0
BRDA:53,4,0,19
BRDA:53,4,1,0
BRDA:60,5,0,0
BRDA:60,5,1,11
BRDA:68,6,0,3
BRDA:68,6,1,0
BRDA:68,7,0,3
BRDA:68,7,1,3
BRDA:84,8,0,3
BRDA:84,8,1,0
BRDA:89,9,0,2
BRDA:89,9,1,1
BRDA:96,10,0,0
BRDA:96,10,1,0
BRDA:106,11,0,0
BRDA:106,11,1,0
BRDA:106,12,0,0
BRDA:106,12,1,0
BRDA:107,13,0,0
BRDA:107,13,1,0
BRDA:112,14,0,0
BRDA:112,14,1,0
BRDA:119,15,0,0
BRDA:119,15,1,0
BRDA:124,16,0,0
BRDA:124,16,1,0
BRDA:128,17,0,0
BRDA:128,17,1,0
BRDA:141,18,0,11
BRDA:141,18,1,0
BRDA:165,19,0,0
BRDA:166,20,0,0
BRDA:166,20,1,0
BRDA:166,21,0,0
BRDA:166,21,1,0
BRDA:175,22,0,0
BRDA:175,22,1,0
BRDA:184,23,0,0
BRDA:184,23,1,0
BRDA:185,24,0,0
BRDA:185,24,1,0
BRDA:186,25,0,0
BRDA:186,25,1,0
BRDA:187,26,0,0
BRDA:187,26,1,0
BRDA:188,27,0,0
BRDA:188,27,1,0
BRDA:189,28,0,0
BRDA:189,28,1,0
BRDA:194,29,0,0
BRDA:194,29,1,0
BRDA:195,30,0,0
BRDA:195,30,1,0
BRDA:221,31,0,0
BRDA:221,31,1,0
BRDA:238,32,0,0
BRDA:238,32,1,0
BRDA:240,33,0,0
BRDA:240,33,1,0
BRDA:243,34,0,0
BRDA:243,34,1,0
BRDA:248,35,0,0
BRDA:248,35,1,0
BRDA:253,36,0,0
BRDA:253,36,1,0
BRDA:268,37,0,0
BRDA:268,37,1,0
BRDA:268,38,0,0
BRDA:268,38,1,0
BRDA:281,39,0,0
BRDA:281,39,1,0
BRDA:288,40,0,0
BRDA:288,40,1,0
BRDA:319,41,0,0
BRDA:319,41,1,0
BRDA:326,42,0,1
BRDA:326,42,1,0
BRDA:326,43,0,1
BRDA:326,43,1,0
BRDA:326,43,2,1
BRDA:326,43,3,1
BRDA:327,44,0,1
BRDA:327,44,1,0
BRDA:339,45,0,1
BRDA:339,45,1,0
BRDA:348,46,0,1
BRDA:348,46,1,0
BRDA:356,47,0,1
BRDA:356,47,1,0
BRDA:356,48,0,1
BRDA:356,48,1,1
BRDA:356,48,2,1
BRDA:363,49,0,0
BRDA:363,49,1,0
BRDA:363,50,0,0
BRDA:363,50,1,0
BRDA:371,51,0,19
BRDA:371,51,1,1
BRDA:391,52,0,0
BRDA:391,52,1,0
BRDA:411,53,0,19
BRDA:411,53,1,0
BRDA:430,54,0,0
BRDA:430,54,1,4
BRDA:435,55,0,4
BRDA:435,55,1,0
BRDA:445,56,0,19
BRDA:445,56,1,0
BRDA:446,57,0,19
BRDA:446,57,1,0
BRDA:447,58,0,19
BRDA:447,58,1,0
BRDA:480,59,0,19
BRDA:480,59,1,11
BRDA:489,60,0,16
BRDA:489,60,1,3
BRDA:499,61,0,0
BRDA:499,61,1,4
BRDA:505,62,0,4
BRDA:505,62,1,0
BRDA:506,63,0,1
BRDA:506,63,1,3
BRDA:511,64,0,1
BRDA:511,64,1,3
BRDA:512,65,0,4
BRDA:512,65,1,0
BRDA:512,66,0,0
BRDA:512,66,1,0
BRDA:518,67,0,4
BRDA:518,67,1,0
BRDA:535,68,0,19
BRDA:535,68,1,0
BRDA:535,68,2,0
BRDA:569,69,0,1
BRDA:569,69,1,1
BRDA:571,70,0,19
BRDA:571,70,1,11
BRDA:576,71,0,19
BRDA:576,71,1,18
BRDA:576,71,2,10
BRDA:576,71,3,1
BRDA:585,72,0,19
BRDA:585,72,1,1
BRF:151
BRH:53
end_of_record
